[INFO ] 2024-11-30 18:59:04.073 [main] LogUtils - Loaded all properties files.
[INFO ] 2024-11-30 18:59:04.126 [main] LogUtils - ********** RUN STARTED **********
[INFO ] 2024-11-30 18:59:04.126 [main] LogUtils - ========= INSTALLING CONFIGURATION DATA =========
[INFO ] 2024-11-30 18:59:04.127 [main] LogUtils - Loaded all properties files.
[INFO ] 2024-11-30 18:59:04.322 [main] LogUtils - OVERRIDE EXTENT REPORTS = yes
[INFO ] 2024-11-30 18:59:04.322 [main] LogUtils - Link Extent Report: H:\github\Selenium-Java\reports/ExtentReports\ExtentReports.html
[INFO ] 2024-11-30 18:59:04.469 [main] LogUtils - Extent Reports is installed.
[INFO ] 2024-11-30 18:59:04.469 [main] LogUtils - ========= INSTALLED CONFIGURATION DATA =========
[INFO ] 2024-11-30 18:59:04.470 [main] LogUtils - =====> Starting Suite: Regression Tests CMS
[INFO ] 2024-11-30 18:59:07.055 [TestNG-test-Login Test HRM-1] LogUtils - Test case: TC_loginFailWithEmailNull is starting...
[INFO ] 2024-11-30 18:59:28.844 [TestNG-test-Login Test HRM-1] LogUtils - Open website with URL: https://opensource-demo.orangehrmlive.com/
[INFO ] 2024-11-30 18:59:32.184 [TestNG-test-Login Test HRM-1] LogUtils - Highlight element By.name: username
[INFO ] 2024-11-30 18:59:32.407 [TestNG-test-Login Test HRM-1] LogUtils - Set text   on By.name: username
[INFO ] 2024-11-30 18:59:33.675 [TestNG-test-Login Test HRM-1] LogUtils - Highlight element By.name: password
[INFO ] 2024-11-30 18:59:33.898 [TestNG-test-Login Test HRM-1] LogUtils - Set text password on By.name: password
[INFO ] 2024-11-30 18:59:47.225 [TestNG-test-Login Test HRM-1] LogUtils - Highlight element By.xpath: //button[@type='submit']
[INFO ] 2024-11-30 18:59:47.388 [TestNG-test-Login Test HRM-1] LogUtils - Clicked on the element By.xpath: //button[@type='submit']
[INFO ] 2024-11-30 19:00:06.156 [TestNG-test-Login Test HRM-1] LogUtils - Highlight element By.xpath: //button[@type='submit']
[INFO ] 2024-11-30 19:00:06.318 [TestNG-test-Login Test HRM-1] LogUtils - Clicked on the element By.xpath: //button[@type='submit']
[INFO ] 2024-11-30 19:00:06.669 [TestNG-test-Login Test HRM-1] LogUtils - Verify Equals: Required = Required
[INFO ] 2024-11-30 19:00:06.714 [TestNG-test-Login Test HRM-1] LogUtils - Test case: TC_loginFailWithEmailNull is passed.
[INFO ] 2024-11-30 19:00:06.728 [TestNG-test-Login Test HRM-1] LogUtils - Driver for Screenshot: ChromeDriver: chrome on windows (a65b3f086afb02960813377ef5cf13e6)
[INFO ] 2024-11-30 19:00:06.878 [TestNG-test-Login Test HRM-1] LogUtils - Screenshot taken: TC_loginFailWithEmailNull
[INFO ] 2024-11-30 19:00:06.889 [TestNG-test-Login Test HRM-1] LogUtils - Screenshot taken current URL: https://opensource-demo.orangehrmlive.com/web/index.php/auth/login
[INFO ] 2024-11-30 19:00:07.260 [main] LogUtils - ********** RUN FINISHED **********
[INFO ] 2024-11-30 19:00:07.260 [main] LogUtils - =====> End Suite: Regression Tests CMS
[INFO ] 2024-11-30 19:10:11.770 [main] LogUtils - Loaded all properties files.
[INFO ] 2024-11-30 19:10:11.808 [main] LogUtils - ********** RUN STARTED **********
[INFO ] 2024-11-30 19:10:11.808 [main] LogUtils - ========= INSTALLING CONFIGURATION DATA =========
[INFO ] 2024-11-30 19:10:11.809 [main] LogUtils - Loaded all properties files.
[INFO ] 2024-11-30 19:10:11.998 [main] LogUtils - OVERRIDE EXTENT REPORTS = yes
[INFO ] 2024-11-30 19:10:11.999 [main] LogUtils - Link Extent Report: H:\github\Selenium-Java\reports/ExtentReports\ExtentReports.html
[INFO ] 2024-11-30 19:10:12.159 [main] LogUtils - Extent Reports is installed.
[INFO ] 2024-11-30 19:10:12.159 [main] LogUtils - ========= INSTALLED CONFIGURATION DATA =========
[INFO ] 2024-11-30 19:10:12.159 [main] LogUtils - =====> Starting Suite: Regression Tests CMS
[INFO ] 2024-11-30 19:10:14.407 [TestNG-test-Login Test HRM-1] LogUtils - Test case: TC_loginFailWithEmailNull is starting...
[INFO ] 2024-11-30 19:10:14.488 [TestNG-test-Login Test HRM-1] LogUtils - Set Excel File: H:\github\Selenium-Java\src\test\resources\testdata\Login.xlsx
[INFO ] 2024-11-30 19:10:14.488 [TestNG-test-Login Test HRM-1] LogUtils - Sheet Name: Login
[WARN ] 2024-11-30 19:10:14.510 [TestNG-test-Login Test HRM-1] LogUtils - WARNING!! Test case: TC_loginFailWithEmailNull is skipped.
[INFO ] 2024-11-30 19:10:15.853 [TestNG-test-Login Test HRM-1] LogUtils - Test case: TC_loginFailWithEmailNull is starting...
[INFO ] 2024-11-30 19:10:15.856 [TestNG-test-Login Test HRM-1] LogUtils - Set Excel File: H:\github\Selenium-Java\src\test\resources\testdata\Login.xlsx
[INFO ] 2024-11-30 19:10:15.856 [TestNG-test-Login Test HRM-1] LogUtils - Sheet Name: Login
[ERROR] 2024-11-30 19:10:15.875 [TestNG-test-Login Test HRM-1] LogUtils - FAILED !! Test case TC_loginFailWithEmailNull is failed.
[ERROR] 2024-11-30 19:10:15.876 [TestNG-test-Login Test HRM-1] LogUtils - java.lang.NoClassDefFoundError: org/apache/commons/io/output/UnsynchronizedByteArrayOutputStream
[INFO ] 2024-11-30 19:10:15.889 [TestNG-test-Login Test HRM-1] LogUtils - Driver for Screenshot: ChromeDriver: chrome on windows (16cb2f9cc28975ede036299ea0fea04a)
[INFO ] 2024-11-30 19:10:16.265 [TestNG-test-Login Test HRM-1] LogUtils - Screenshot taken: TC_loginFailWithEmailNull
[INFO ] 2024-11-30 19:10:16.275 [TestNG-test-Login Test HRM-1] LogUtils - Screenshot taken current URL: data:,
[INFO ] 2024-11-30 19:10:16.758 [main] LogUtils - ********** RUN FINISHED **********
[INFO ] 2024-11-30 19:10:16.758 [main] LogUtils - =====> End Suite: Regression Tests CMS
[INFO ] 2024-11-30 19:16:40.838 [main] LogUtils - Loaded all properties files.
[INFO ] 2024-11-30 19:16:40.878 [main] LogUtils - ********** RUN STARTED **********
[INFO ] 2024-11-30 19:16:40.879 [main] LogUtils - ========= INSTALLING CONFIGURATION DATA =========
[INFO ] 2024-11-30 19:16:40.879 [main] LogUtils - Loaded all properties files.
[INFO ] 2024-11-30 19:16:41.051 [main] LogUtils - OVERRIDE EXTENT REPORTS = yes
[INFO ] 2024-11-30 19:16:41.051 [main] LogUtils - Link Extent Report: H:\github\Selenium-Java\reports/ExtentReports\ExtentReports.html
[INFO ] 2024-11-30 19:16:41.232 [main] LogUtils - Extent Reports is installed.
[INFO ] 2024-11-30 19:16:41.232 [main] LogUtils - ========= INSTALLED CONFIGURATION DATA =========
[INFO ] 2024-11-30 19:16:41.232 [main] LogUtils - =====> Starting Suite: Regression Tests CMS
[INFO ] 2024-11-30 19:16:43.363 [TestNG-test-Login Test HRM-1] LogUtils - Test case: TC_loginFailWithEmailNull is starting...
[INFO ] 2024-11-30 19:16:43.363 [TestNG-test-Login Test HRM-2] LogUtils - Test case: TC_loginFailWithInvalidEmai is starting...
[INFO ] 2024-11-30 19:16:44.454 [TestNG-test-Login Test HRM-1] LogUtils - Open website with URL: https://opensource-demo.orangehrmlive.com/
[INFO ] 2024-11-30 19:16:44.486 [TestNG-test-Login Test HRM-2] LogUtils - Open website with URL: https://opensource-demo.orangehrmlive.com/
[INFO ] 2024-11-30 19:16:45.098 [TestNG-test-Login Test HRM-1] LogUtils - Highlight element By.name: username
[INFO ] 2024-11-30 19:16:45.112 [TestNG-test-Login Test HRM-2] LogUtils - Highlight element By.name: username
[INFO ] 2024-11-30 19:16:45.197 [TestNG-test-Login Test HRM-1] LogUtils - Set text   on By.name: username
[INFO ] 2024-11-30 19:16:45.221 [TestNG-test-Login Test HRM-2] LogUtils - Set text mung.thai@gmail.com  on By.name: username
[INFO ] 2024-11-30 19:16:45.268 [TestNG-test-Login Test HRM-1] LogUtils - Highlight element By.name: password
[INFO ] 2024-11-30 19:16:45.285 [TestNG-test-Login Test HRM-2] LogUtils - Highlight element By.name: password
[INFO ] 2024-11-30 19:16:45.416 [TestNG-test-Login Test HRM-2] LogUtils - Set text   on By.name: password
[INFO ] 2024-11-30 19:16:45.437 [TestNG-test-Login Test HRM-1] LogUtils - Set text password on By.name: password
[INFO ] 2024-11-30 19:16:45.509 [TestNG-test-Login Test HRM-2] LogUtils - Highlight element By.xpath: //button[@type='submit']
[INFO ] 2024-11-30 19:16:45.521 [TestNG-test-Login Test HRM-1] LogUtils - Highlight element By.xpath: //button[@type='submit']
[INFO ] 2024-11-30 19:16:45.642 [TestNG-test-Login Test HRM-2] LogUtils - Clicked on the element By.xpath: //button[@type='submit']
[INFO ] 2024-11-30 19:16:45.647 [TestNG-test-Login Test HRM-1] LogUtils - Clicked on the element By.xpath: //button[@type='submit']
[INFO ] 2024-11-30 19:16:45.728 [TestNG-test-Login Test HRM-2] LogUtils - Highlight element By.xpath: //button[@type='submit']
[INFO ] 2024-11-30 19:16:45.752 [TestNG-test-Login Test HRM-1] LogUtils - Highlight element By.xpath: //button[@type='submit']
[INFO ] 2024-11-30 19:16:45.848 [TestNG-test-Login Test HRM-2] LogUtils - Clicked on the element By.xpath: //button[@type='submit']
[INFO ] 2024-11-30 19:16:45.873 [TestNG-test-Login Test HRM-1] LogUtils - Clicked on the element By.xpath: //button[@type='submit']
[INFO ] 2024-11-30 19:16:46.001 [TestNG-test-Login Test HRM-2] LogUtils - Verify Equals: Required = Required
[INFO ] 2024-11-30 19:16:46.013 [TestNG-test-Login Test HRM-2] LogUtils - Test case: TC_loginFailWithInvalidEmai is passed.
[INFO ] 2024-11-30 19:16:46.014 [TestNG-test-Login Test HRM-2] LogUtils - Driver for Screenshot: ChromeDriver: chrome on windows (59f1d06f44b53d3eb6b4f81390bbf920)
[INFO ] 2024-11-30 19:16:46.020 [TestNG-test-Login Test HRM-1] LogUtils - Verify Equals: Required = Required
[INFO ] 2024-11-30 19:16:46.036 [TestNG-test-Login Test HRM-1] LogUtils - Test case: TC_loginFailWithEmailNull is passed.
[INFO ] 2024-11-30 19:16:46.037 [TestNG-test-Login Test HRM-1] LogUtils - Driver for Screenshot: ChromeDriver: chrome on windows (053994994f66ba0d23a4b838f661cd09)
[INFO ] 2024-11-30 19:16:46.477 [TestNG-test-Login Test HRM-2] LogUtils - Screenshot taken: TC_loginFailWithInvalidEmai
[INFO ] 2024-11-30 19:16:46.477 [TestNG-test-Login Test HRM-1] LogUtils - Screenshot taken: TC_loginFailWithEmailNull
[INFO ] 2024-11-30 19:16:46.487 [TestNG-test-Login Test HRM-1] LogUtils - Screenshot taken current URL: https://opensource-demo.orangehrmlive.com/web/index.php/auth/login
[INFO ] 2024-11-30 19:16:46.487 [TestNG-test-Login Test HRM-2] LogUtils - Screenshot taken current URL: https://opensource-demo.orangehrmlive.com/web/index.php/auth/login
[INFO ] 2024-11-30 19:16:47.028 [main] LogUtils - ********** RUN FINISHED **********
[INFO ] 2024-11-30 19:16:47.028 [main] LogUtils - =====> End Suite: Regression Tests CMS
[INFO ] 2024-11-30 19:32:38.910 [main] LogUtils - Loaded all properties files.
[INFO ] 2024-11-30 19:32:38.944 [main] LogUtils - ********** RUN STARTED **********
[INFO ] 2024-11-30 19:32:38.945 [main] LogUtils - ========= INSTALLING CONFIGURATION DATA =========
[INFO ] 2024-11-30 19:32:38.946 [main] LogUtils - Loaded all properties files.
[INFO ] 2024-11-30 19:32:39.092 [main] LogUtils - OVERRIDE EXTENT REPORTS = yes
[INFO ] 2024-11-30 19:32:39.093 [main] LogUtils - Link Extent Report: H:\github\Selenium-Java\reports/ExtentReports\ExtentReports.html
[INFO ] 2024-11-30 19:32:39.249 [main] LogUtils - Extent Reports is installed.
[INFO ] 2024-11-30 19:32:39.250 [main] LogUtils - ========= INSTALLED CONFIGURATION DATA =========
[INFO ] 2024-11-30 19:32:39.250 [main] LogUtils - =====> Starting Suite: Regression Tests CMS
[INFO ] 2024-11-30 19:32:42.074 [TestNG-test-Login Test HRM-2] LogUtils - Test case: TC_loginFailWithInvalidEmai is starting...
[INFO ] 2024-11-30 19:32:42.074 [TestNG-test-Login Test HRM-4] LogUtils - Test case: TC_loginFailWithInvalidPassword is starting...
[INFO ] 2024-11-30 19:32:42.074 [TestNG-test-Login Test HRM-1] LogUtils - Test case: TC_loginFailWithEmailNull is starting...
[INFO ] 2024-11-30 19:32:42.074 [TestNG-test-Login Test HRM-3] LogUtils - Test case: TC_loginFailWithInvalidEmail is starting...
[INFO ] 2024-11-30 19:32:42.196 [TestNG-test-Login Test HRM-4] LogUtils - Login failed with invalid password
[INFO ] 2024-11-30 19:32:42.196 [TestNG-test-Login Test HRM-3] LogUtils - Login failed  with invalid username
[INFO ] 2024-11-30 19:32:42.212 [TestNG-test-Login Test HRM-5] LogUtils - Test case: TC_loginSuccess is starting...
[INFO ] 2024-11-30 19:32:43.476 [TestNG-test-Login Test HRM-2] LogUtils - Open website with URL: https://opensource-demo.orangehrmlive.com/
[INFO ] 2024-11-30 19:32:43.486 [TestNG-test-Login Test HRM-5] LogUtils - Open website with URL: https://opensource-demo.orangehrmlive.com/
[INFO ] 2024-11-30 19:32:43.542 [TestNG-test-Login Test HRM-4] LogUtils - Open website with URL: https://opensource-demo.orangehrmlive.com/
[INFO ] 2024-11-30 19:32:43.562 [TestNG-test-Login Test HRM-3] LogUtils - Open website with URL: https://opensource-demo.orangehrmlive.com/
[INFO ] 2024-11-30 19:32:43.582 [TestNG-test-Login Test HRM-1] LogUtils - Open website with URL: https://opensource-demo.orangehrmlive.com/
[INFO ] 2024-11-30 19:32:44.451 [TestNG-test-Login Test HRM-4] LogUtils - Set text Admin on By.name: username
[INFO ] 2024-11-30 19:32:44.471 [TestNG-test-Login Test HRM-5] LogUtils - Set text Admin on By.name: username
[INFO ] 2024-11-30 19:32:44.479 [TestNG-test-Login Test HRM-1] LogUtils - Set text   on By.name: username
[INFO ] 2024-11-30 19:32:44.484 [TestNG-test-Login Test HRM-2] LogUtils - Set text mung.thai@gmail.com  on By.name: username
[INFO ] 2024-11-30 19:32:44.526 [TestNG-test-Login Test HRM-3] LogUtils - Set text InvalidUser@gmail.com on By.name: username
[INFO ] 2024-11-30 19:32:44.664 [TestNG-test-Login Test HRM-2] LogUtils - Set text   on By.name: password
[INFO ] 2024-11-30 19:32:44.667 [TestNG-test-Login Test HRM-1] LogUtils - Set text password on By.name: password
[INFO ] 2024-11-30 19:32:44.676 [TestNG-test-Login Test HRM-4] LogUtils - Set text invalidPassword on By.name: password
[INFO ] 2024-11-30 19:32:44.677 [TestNG-test-Login Test HRM-5] LogUtils - Set text admin123 on By.name: password
[INFO ] 2024-11-30 19:32:44.719 [TestNG-test-Login Test HRM-3] LogUtils - Set text admin123 on By.name: password
[INFO ] 2024-11-30 19:32:44.813 [TestNG-test-Login Test HRM-2] LogUtils - Clicked on the element By.xpath: //button[@type='submit']
[INFO ] 2024-11-30 19:32:44.815 [TestNG-test-Login Test HRM-1] LogUtils - Clicked on the element By.xpath: //button[@type='submit']
[INFO ] 2024-11-30 19:32:44.952 [TestNG-test-Login Test HRM-1] LogUtils - Clicked on the element By.xpath: //button[@type='submit']
[INFO ] 2024-11-30 19:32:44.952 [TestNG-test-Login Test HRM-2] LogUtils - Clicked on the element By.xpath: //button[@type='submit']
[INFO ] 2024-11-30 19:32:45.082 [TestNG-test-Login Test HRM-1] LogUtils - Verify Equals: Required = Required
[INFO ] 2024-11-30 19:32:45.082 [TestNG-test-Login Test HRM-2] LogUtils - Verify Equals: Required = Required
[INFO ] 2024-11-30 19:32:45.092 [TestNG-test-Login Test HRM-1] LogUtils - Test case: TC_loginFailWithEmailNull is passed.
[INFO ] 2024-11-30 19:32:45.092 [TestNG-test-Login Test HRM-2] LogUtils - Test case: TC_loginFailWithInvalidEmai is passed.
[INFO ] 2024-11-30 19:32:45.093 [TestNG-test-Login Test HRM-1] LogUtils - Driver for Screenshot: ChromeDriver: chrome on windows (7b4d94398786583f8cb64d1d78a4487c)
[INFO ] 2024-11-30 19:32:45.093 [TestNG-test-Login Test HRM-2] LogUtils - Driver for Screenshot: ChromeDriver: chrome on windows (cb211d5d2898658eb2c44d064c8f3347)
[INFO ] 2024-11-30 19:32:45.138 [TestNG-test-Login Test HRM-3] LogUtils - Clicked on the element By.xpath: //button[@type='submit']
[INFO ] 2024-11-30 19:32:45.475 [TestNG-test-Login Test HRM-4] LogUtils - Clicked on the element By.xpath: //button[@type='submit']
[INFO ] 2024-11-30 19:32:45.510 [TestNG-test-Login Test HRM-5] LogUtils - Clicked on the element By.xpath: //button[@type='submit']
[INFO ] 2024-11-30 19:32:45.521 [TestNG-test-Login Test HRM-5] LogUtils - Test case: TC_loginSuccess is passed.
[INFO ] 2024-11-30 19:32:45.521 [TestNG-test-Login Test HRM-5] LogUtils - Driver for Screenshot: ChromeDriver: chrome on windows (d8500140c7143d40430334b69aacb0d0)
[INFO ] 2024-11-30 19:32:45.537 [TestNG-test-Login Test HRM-1] LogUtils - Screenshot taken: TC_loginFailWithEmailNull
[INFO ] 2024-11-30 19:32:45.537 [TestNG-test-Login Test HRM-2] LogUtils - Screenshot taken: TC_loginFailWithInvalidEmai
[INFO ] 2024-11-30 19:32:45.546 [TestNG-test-Login Test HRM-1] LogUtils - Screenshot taken current URL: https://opensource-demo.orangehrmlive.com/web/index.php/auth/login
[INFO ] 2024-11-30 19:32:45.546 [TestNG-test-Login Test HRM-2] LogUtils - Screenshot taken current URL: https://opensource-demo.orangehrmlive.com/web/index.php/auth/login
[WARN ] 2024-11-30 19:32:45.907 [TestNG-test-Login Test HRM-3] LogUtils - WARNING!! Test case: TC_loginFailWithInvalidEmail is skipped.
[INFO ] 2024-11-30 19:32:45.988 [TestNG-test-Login Test HRM-5] LogUtils - Screenshot taken: TC_loginSuccess
[INFO ] 2024-11-30 19:32:45.999 [TestNG-test-Login Test HRM-5] LogUtils - Screenshot taken current URL: https://opensource-demo.orangehrmlive.com/web/index.php/dashboard/index
[WARN ] 2024-11-30 19:32:46.342 [TestNG-test-Login Test HRM-4] LogUtils - WARNING!! Test case: TC_loginFailWithInvalidPassword is skipped.
[INFO ] 2024-11-30 19:32:47.436 [TestNG-test-Login Test HRM-3] LogUtils - Test case: TC_loginFailWithInvalidEmail is starting...
[INFO ] 2024-11-30 19:32:47.441 [TestNG-test-Login Test HRM-3] LogUtils - Login failed  with invalid username
[INFO ] 2024-11-30 19:32:47.794 [TestNG-test-Login Test HRM-4] LogUtils - Test case: TC_loginFailWithInvalidPassword is starting...
[INFO ] 2024-11-30 19:32:47.797 [TestNG-test-Login Test HRM-4] LogUtils - Login failed with invalid password
[INFO ] 2024-11-30 19:32:48.340 [TestNG-test-Login Test HRM-3] LogUtils - Open website with URL: https://opensource-demo.orangehrmlive.com/
[INFO ] 2024-11-30 19:32:48.779 [TestNG-test-Login Test HRM-4] LogUtils - Open website with URL: https://opensource-demo.orangehrmlive.com/
[INFO ] 2024-11-30 19:32:48.995 [TestNG-test-Login Test HRM-3] LogUtils - Set text InvalidUser@gmail.com on By.name: username
[INFO ] 2024-11-30 19:32:49.116 [TestNG-test-Login Test HRM-3] LogUtils - Set text admin123 on By.name: password
[INFO ] 2024-11-30 19:32:49.396 [TestNG-test-Login Test HRM-4] LogUtils - Set text Admin on By.name: username
[INFO ] 2024-11-30 19:32:49.481 [TestNG-test-Login Test HRM-3] LogUtils - Clicked on the element By.xpath: //button[@type='submit']
[INFO ] 2024-11-30 19:32:49.536 [TestNG-test-Login Test HRM-4] LogUtils - Set text invalidPassword on By.name: password
[INFO ] 2024-11-30 19:32:49.661 [TestNG-test-Login Test HRM-4] LogUtils - Clicked on the element By.xpath: //button[@type='submit']
[ERROR] 2024-11-30 19:32:50.283 [TestNG-test-Login Test HRM-3] LogUtils - FAILED !! Test case TC_loginFailWithInvalidEmail is failed.
[ERROR] 2024-11-30 19:32:50.284 [TestNG-test-Login Test HRM-3] LogUtils - java.lang.AssertionError: expected [Invalid Credentials] but found [Invalid credentials]
[INFO ] 2024-11-30 19:32:50.284 [TestNG-test-Login Test HRM-3] LogUtils - Driver for Screenshot: ChromeDriver: chrome on windows (87e8249a9d54ad8c5d784c0e4a8e0972)
[INFO ] 2024-11-30 19:32:50.651 [TestNG-test-Login Test HRM-3] LogUtils - Screenshot taken: TC_loginFailWithInvalidEmail
[INFO ] 2024-11-30 19:32:50.661 [TestNG-test-Login Test HRM-3] LogUtils - Screenshot taken current URL: https://opensource-demo.orangehrmlive.com/web/index.php/auth/login
[ERROR] 2024-11-30 19:32:50.955 [TestNG-test-Login Test HRM-4] LogUtils - FAILED !! Test case TC_loginFailWithInvalidPassword is failed.
[ERROR] 2024-11-30 19:32:50.955 [TestNG-test-Login Test HRM-4] LogUtils - java.lang.AssertionError: expected [Invalid Credentials] but found [Invalid credentials]
[INFO ] 2024-11-30 19:32:50.956 [TestNG-test-Login Test HRM-4] LogUtils - Driver for Screenshot: ChromeDriver: chrome on windows (b334ac0f0cd6512495e2769db7a9b402)
[INFO ] 2024-11-30 19:32:51.326 [TestNG-test-Login Test HRM-4] LogUtils - Screenshot taken: TC_loginFailWithInvalidPassword
[INFO ] 2024-11-30 19:32:51.333 [TestNG-test-Login Test HRM-4] LogUtils - Screenshot taken current URL: https://opensource-demo.orangehrmlive.com/web/index.php/auth/login
[INFO ] 2024-11-30 19:32:51.829 [main] LogUtils - ********** RUN FINISHED **********
[INFO ] 2024-11-30 19:32:51.830 [main] LogUtils - =====> End Suite: Regression Tests CMS
[INFO ] 2024-11-30 19:39:24.231 [main] LogUtils - Loaded all properties files.
[INFO ] 2024-11-30 19:39:24.266 [main] LogUtils - ********** RUN STARTED **********
[INFO ] 2024-11-30 19:39:24.266 [main] LogUtils - ========= INSTALLING CONFIGURATION DATA =========
[INFO ] 2024-11-30 19:39:24.267 [main] LogUtils - Loaded all properties files.
[INFO ] 2024-11-30 19:39:24.405 [main] LogUtils - OVERRIDE EXTENT REPORTS = yes
[INFO ] 2024-11-30 19:39:24.405 [main] LogUtils - Link Extent Report: H:\github\Selenium-Java\reports/ExtentReports\ExtentReports.html
[INFO ] 2024-11-30 19:39:24.554 [main] LogUtils - Extent Reports is installed.
[INFO ] 2024-11-30 19:39:24.554 [main] LogUtils - ========= INSTALLED CONFIGURATION DATA =========
[INFO ] 2024-11-30 19:39:24.554 [main] LogUtils - =====> Starting Suite: Regression Tests CMS
[INFO ] 2024-11-30 19:39:27.882 [TestNG-test-Login Test HRM-3] LogUtils - Test case: TC_loginFailWithInvalidusername is starting...
[INFO ] 2024-11-30 19:39:27.882 [TestNG-test-Login Test HRM-1] LogUtils - Test case: TC_loginFailWithusernameNull is starting...
[INFO ] 2024-11-30 19:39:27.882 [TestNG-test-Login Test HRM-4] LogUtils - Test case: TC_loginFailWithInvalidPassword is starting...
[INFO ] 2024-11-30 19:39:27.882 [TestNG-test-Login Test HRM-5] LogUtils - Test case: TC_loginSuccess is starting...
[INFO ] 2024-11-30 19:39:27.882 [TestNG-test-Login Test HRM-2] LogUtils - Test case: TC_loginFailWithInvalidEmai is starting...
[INFO ] 2024-11-30 19:39:27.993 [TestNG-test-Login Test HRM-1] LogUtils - Login failed with empty username
[INFO ] 2024-11-30 19:39:27.993 [TestNG-test-Login Test HRM-3] LogUtils - Login failed  with invalid username
[INFO ] 2024-11-30 19:39:27.993 [TestNG-test-Login Test HRM-2] LogUtils - Login failed with empty password
[INFO ] 2024-11-30 19:39:27.993 [TestNG-test-Login Test HRM-4] LogUtils - Login failed with invalid password
[INFO ] 2024-11-30 19:39:29.215 [TestNG-test-Login Test HRM-4] LogUtils - Open website with URL: https://opensource-demo.orangehrmlive.com/
[INFO ] 2024-11-30 19:39:29.241 [TestNG-test-Login Test HRM-2] LogUtils - Open website with URL: https://opensource-demo.orangehrmlive.com/
[INFO ] 2024-11-30 19:39:29.250 [TestNG-test-Login Test HRM-3] LogUtils - Open website with URL: https://opensource-demo.orangehrmlive.com/
[INFO ] 2024-11-30 19:39:29.252 [TestNG-test-Login Test HRM-5] LogUtils - Open website with URL: https://opensource-demo.orangehrmlive.com/
[INFO ] 2024-11-30 19:39:29.288 [TestNG-test-Login Test HRM-1] LogUtils - Open website with URL: https://opensource-demo.orangehrmlive.com/
[INFO ] 2024-11-30 19:39:30.162 [TestNG-test-Login Test HRM-2] LogUtils - Set text mung.thai@gmail.com  on By.name: username
[INFO ] 2024-11-30 19:39:30.179 [TestNG-test-Login Test HRM-5] LogUtils - Set text Admin on By.name: username
[INFO ] 2024-11-30 19:39:30.180 [TestNG-test-Login Test HRM-4] LogUtils - Set text Admin on By.name: username
[INFO ] 2024-11-30 19:39:30.209 [TestNG-test-Login Test HRM-1] LogUtils - Set text   on By.name: username
[INFO ] 2024-11-30 19:39:30.317 [TestNG-test-Login Test HRM-3] LogUtils - Set text InvalidUser@gmail.com on By.name: username
[INFO ] 2024-11-30 19:39:30.376 [TestNG-test-Login Test HRM-2] LogUtils - Set text   on By.name: password
[INFO ] 2024-11-30 19:39:30.401 [TestNG-test-Login Test HRM-5] LogUtils - Set text admin123 on By.name: password
[INFO ] 2024-11-30 19:39:30.406 [TestNG-test-Login Test HRM-4] LogUtils - Set text invalidPassword on By.name: password
[INFO ] 2024-11-30 19:39:30.422 [TestNG-test-Login Test HRM-1] LogUtils - Set text password on By.name: password
[INFO ] 2024-11-30 19:39:30.546 [TestNG-test-Login Test HRM-2] LogUtils - Clicked on the element By.xpath: //button[@type='submit']
[INFO ] 2024-11-30 19:39:30.551 [TestNG-test-Login Test HRM-3] LogUtils - Set text admin123 on By.name: password
[INFO ] 2024-11-30 19:39:30.563 [TestNG-test-Login Test HRM-5] LogUtils - Clicked on the element By.xpath: //button[@type='submit']
[INFO ] 2024-11-30 19:39:30.579 [TestNG-test-Login Test HRM-1] LogUtils - Clicked on the element By.xpath: //button[@type='submit']
[INFO ] 2024-11-30 19:39:30.674 [TestNG-test-Login Test HRM-2] LogUtils - Clicked on the element By.xpath: //button[@type='submit']
[INFO ] 2024-11-30 19:39:30.701 [TestNG-test-Login Test HRM-1] LogUtils - Clicked on the element By.xpath: //button[@type='submit']
[INFO ] 2024-11-30 19:39:30.825 [TestNG-test-Login Test HRM-2] LogUtils - Verify Equals: Required = Required
[INFO ] 2024-11-30 19:39:30.848 [TestNG-test-Login Test HRM-1] LogUtils - Verify Equals: Required = Required
[INFO ] 2024-11-30 19:39:30.856 [TestNG-test-Login Test HRM-1] LogUtils - Test case: TC_loginFailWithusernameNull is passed.
[INFO ] 2024-11-30 19:39:30.856 [TestNG-test-Login Test HRM-2] LogUtils - Test case: TC_loginFailWithInvalidEmai is passed.
[INFO ] 2024-11-30 19:39:30.858 [TestNG-test-Login Test HRM-1] LogUtils - Driver for Screenshot: ChromeDriver: chrome on windows (f18840509133ff96f83cb379988c8266)
[INFO ] 2024-11-30 19:39:30.858 [TestNG-test-Login Test HRM-2] LogUtils - Driver for Screenshot: ChromeDriver: chrome on windows (03435709fa3d067ed66ac528f4f0db7e)
[INFO ] 2024-11-30 19:39:30.984 [TestNG-test-Login Test HRM-3] LogUtils - Clicked on the element By.xpath: //button[@type='submit']
[INFO ] 2024-11-30 19:39:31.271 [TestNG-test-Login Test HRM-4] LogUtils - Clicked on the element By.xpath: //button[@type='submit']
[INFO ] 2024-11-30 19:39:31.320 [TestNG-test-Login Test HRM-5] LogUtils - Test case: TC_loginSuccess is passed.
[INFO ] 2024-11-30 19:39:31.320 [TestNG-test-Login Test HRM-5] LogUtils - Driver for Screenshot: ChromeDriver: chrome on windows (b751d9c4afd1a19876589dae67b53b3d)
[INFO ] 2024-11-30 19:39:31.460 [TestNG-test-Login Test HRM-1] LogUtils - Screenshot taken: TC_loginFailWithusernameNull
[INFO ] 2024-11-30 19:39:31.461 [TestNG-test-Login Test HRM-2] LogUtils - Screenshot taken: TC_loginFailWithInvalidEmai
[INFO ] 2024-11-30 19:39:31.475 [TestNG-test-Login Test HRM-2] LogUtils - Screenshot taken current URL: https://opensource-demo.orangehrmlive.com/web/index.php/auth/login
[INFO ] 2024-11-30 19:39:31.475 [TestNG-test-Login Test HRM-1] LogUtils - Screenshot taken current URL: https://opensource-demo.orangehrmlive.com/web/index.php/auth/login
[INFO ] 2024-11-30 19:39:31.725 [TestNG-test-Login Test HRM-3] LogUtils - Test case: TC_loginFailWithInvalidusername is passed.
[INFO ] 2024-11-30 19:39:31.725 [TestNG-test-Login Test HRM-3] LogUtils - Driver for Screenshot: ChromeDriver: chrome on windows (d3ecb35c6d56d4f9e4242ba307d30107)
[INFO ] 2024-11-30 19:39:31.826 [TestNG-test-Login Test HRM-5] LogUtils - Screenshot taken: TC_loginSuccess
[INFO ] 2024-11-30 19:39:31.834 [TestNG-test-Login Test HRM-5] LogUtils - Screenshot taken current URL: https://opensource-demo.orangehrmlive.com/web/index.php/dashboard/index
[INFO ] 2024-11-30 19:39:32.114 [TestNG-test-Login Test HRM-4] LogUtils - Test case: TC_loginFailWithInvalidPassword is passed.
[INFO ] 2024-11-30 19:39:32.115 [TestNG-test-Login Test HRM-4] LogUtils - Driver for Screenshot: ChromeDriver: chrome on windows (8fec4bf40085ac964378d7bc81d74932)
[INFO ] 2024-11-30 19:39:32.211 [TestNG-test-Login Test HRM-3] LogUtils - Screenshot taken: TC_loginFailWithInvalidusername
[INFO ] 2024-11-30 19:39:32.218 [TestNG-test-Login Test HRM-3] LogUtils - Screenshot taken current URL: https://opensource-demo.orangehrmlive.com/web/index.php/auth/login
[INFO ] 2024-11-30 19:39:32.499 [TestNG-test-Login Test HRM-4] LogUtils - Screenshot taken: TC_loginFailWithInvalidPassword
[INFO ] 2024-11-30 19:39:32.507 [TestNG-test-Login Test HRM-4] LogUtils - Screenshot taken current URL: https://opensource-demo.orangehrmlive.com/web/index.php/auth/login
[INFO ] 2024-11-30 19:39:33.176 [main] LogUtils - ********** RUN FINISHED **********
[INFO ] 2024-11-30 19:39:33.177 [main] LogUtils - =====> End Suite: Regression Tests CMS
[INFO ] 2024-11-30 19:43:33.007 [main] LogUtils - Loaded all properties files.
[INFO ] 2024-11-30 19:43:33.041 [main] LogUtils - ********** RUN STARTED **********
[INFO ] 2024-11-30 19:43:33.043 [main] LogUtils - ========= INSTALLING CONFIGURATION DATA =========
[INFO ] 2024-11-30 19:43:33.043 [main] LogUtils - Loaded all properties files.
[INFO ] 2024-11-30 19:43:33.200 [main] LogUtils - OVERRIDE EXTENT REPORTS = yes
[INFO ] 2024-11-30 19:43:33.200 [main] LogUtils - Link Extent Report: H:\github\Selenium-Java\reports/ExtentReports\ExtentReports.html
[INFO ] 2024-11-30 19:43:33.340 [main] LogUtils - Extent Reports is installed.
[INFO ] 2024-11-30 19:43:33.340 [main] LogUtils - ========= INSTALLED CONFIGURATION DATA =========
[INFO ] 2024-11-30 19:43:33.340 [main] LogUtils - =====> Starting Suite: Regression Tests CMS
[INFO ] 2024-11-30 19:43:36.413 [TestNG-test-Login Test HRM-5] LogUtils - Test case: TC_loginSuccess is starting...
[INFO ] 2024-11-30 19:43:36.419 [TestNG-test-Login Test HRM-1] LogUtils - Test case: TC_loginFailWithEmptyUsername is starting...
[INFO ] 2024-11-30 19:43:36.432 [TestNG-test-Login Test HRM-2] LogUtils - Test case: TC_loginFailWithInvalidEmail is starting...
[INFO ] 2024-11-30 19:43:36.432 [TestNG-test-Login Test HRM-3] LogUtils - Test case: TC_loginFailWithInvalidUsername is starting...
[INFO ] 2024-11-30 19:43:36.432 [TestNG-test-Login Test HRM-4] LogUtils - Test case: TC_loginFailWithInvalidPassword is starting...
[INFO ] 2024-11-30 19:43:36.516 [TestNG-test-Login Test HRM-4] LogUtils - Login failed with invalid password
[INFO ] 2024-11-30 19:43:36.516 [TestNG-test-Login Test HRM-3] LogUtils - Login failed  with invalid username
[INFO ] 2024-11-30 19:43:36.516 [TestNG-test-Login Test HRM-2] LogUtils - Login failed with empty password
[INFO ] 2024-11-30 19:43:36.516 [TestNG-test-Login Test HRM-1] LogUtils - Login failed with empty username
[INFO ] 2024-11-30 19:43:37.660 [TestNG-test-Login Test HRM-4] LogUtils - Open website with URL: https://opensource-demo.orangehrmlive.com/
[INFO ] 2024-11-30 19:43:37.714 [TestNG-test-Login Test HRM-1] LogUtils - Open website with URL: https://opensource-demo.orangehrmlive.com/
[INFO ] 2024-11-30 19:43:37.722 [TestNG-test-Login Test HRM-5] LogUtils - Open website with URL: https://opensource-demo.orangehrmlive.com/
[INFO ] 2024-11-30 19:43:37.735 [TestNG-test-Login Test HRM-2] LogUtils - Javascript in NOT Ready!
[INFO ] 2024-11-30 19:43:37.746 [TestNG-test-Login Test HRM-2] LogUtils - Open website with URL: https://opensource-demo.orangehrmlive.com/
[INFO ] 2024-11-30 19:43:37.751 [TestNG-test-Login Test HRM-3] LogUtils - Open website with URL: https://opensource-demo.orangehrmlive.com/
[INFO ] 2024-11-30 19:43:38.677 [TestNG-test-Login Test HRM-2] LogUtils - Set text Admin  on By.name: username
[INFO ] 2024-11-30 19:43:38.708 [TestNG-test-Login Test HRM-3] LogUtils - Set text QA on By.name: username
[INFO ] 2024-11-30 19:43:38.730 [TestNG-test-Login Test HRM-4] LogUtils - Set text Admin on By.name: username
[INFO ] 2024-11-30 19:43:38.746 [TestNG-test-Login Test HRM-5] LogUtils - Set text Admin on By.name: username
[INFO ] 2024-11-30 19:43:38.756 [TestNG-test-Login Test HRM-1] LogUtils - Set text   on By.name: username
[INFO ] 2024-11-30 19:43:38.860 [TestNG-test-Login Test HRM-2] LogUtils - Set text   on By.name: password
[INFO ] 2024-11-30 19:43:38.894 [TestNG-test-Login Test HRM-3] LogUtils - Set text admin123 on By.name: password
[INFO ] 2024-11-30 19:43:38.937 [TestNG-test-Login Test HRM-5] LogUtils - Set text admin123 on By.name: password
[INFO ] 2024-11-30 19:43:38.965 [TestNG-test-Login Test HRM-1] LogUtils - Set text password on By.name: password
[INFO ] 2024-11-30 19:43:39.027 [TestNG-test-Login Test HRM-4] LogUtils - Set text invalidPassword on By.name: password
[INFO ] 2024-11-30 19:43:39.081 [TestNG-test-Login Test HRM-2] LogUtils - Clicked on the element By.xpath: //button[@type='submit']
[INFO ] 2024-11-30 19:43:39.116 [TestNG-test-Login Test HRM-5] LogUtils - Clicked on the element By.xpath: //button[@type='submit']
[INFO ] 2024-11-30 19:43:39.139 [TestNG-test-Login Test HRM-1] LogUtils - Clicked on the element By.xpath: //button[@type='submit']
[INFO ] 2024-11-30 19:43:39.180 [TestNG-test-Login Test HRM-4] LogUtils - Clicked on the element By.xpath: //button[@type='submit']
[INFO ] 2024-11-30 19:43:39.227 [TestNG-test-Login Test HRM-2] LogUtils - Clicked on the element By.xpath: //button[@type='submit']
[INFO ] 2024-11-30 19:43:39.259 [TestNG-test-Login Test HRM-1] LogUtils - Clicked on the element By.xpath: //button[@type='submit']
[INFO ] 2024-11-30 19:43:39.362 [TestNG-test-Login Test HRM-3] LogUtils - Clicked on the element By.xpath: //button[@type='submit']
[INFO ] 2024-11-30 19:43:39.372 [TestNG-test-Login Test HRM-2] LogUtils - Verify Equals: Required = Required
[INFO ] 2024-11-30 19:43:39.388 [TestNG-test-Login Test HRM-2] LogUtils - Test case: TC_loginFailWithInvalidEmail is passed.
[INFO ] 2024-11-30 19:43:39.389 [TestNG-test-Login Test HRM-2] LogUtils - Driver for Screenshot: ChromeDriver: chrome on windows (12bc3a951bfdee2dc23ea0f6ba7e9412)
[INFO ] 2024-11-30 19:43:39.408 [TestNG-test-Login Test HRM-1] LogUtils - Verify Equals: Required = Required
[INFO ] 2024-11-30 19:43:39.429 [TestNG-test-Login Test HRM-1] LogUtils - Test case: TC_loginFailWithEmptyUsername is passed.
[INFO ] 2024-11-30 19:43:39.429 [TestNG-test-Login Test HRM-1] LogUtils - Driver for Screenshot: ChromeDriver: chrome on windows (f711ca718788b8844159328122957e82)
[INFO ] 2024-11-30 19:43:39.854 [TestNG-test-Login Test HRM-2] LogUtils - Screenshot taken: TC_loginFailWithInvalidEmail
[INFO ] 2024-11-30 19:43:39.865 [TestNG-test-Login Test HRM-2] LogUtils - Screenshot taken current URL: https://opensource-demo.orangehrmlive.com/web/index.php/auth/login
[INFO ] 2024-11-30 19:43:39.889 [TestNG-test-Login Test HRM-5] LogUtils - Test case: TC_loginSuccess is passed.
[INFO ] 2024-11-30 19:43:39.889 [TestNG-test-Login Test HRM-5] LogUtils - Driver for Screenshot: ChromeDriver: chrome on windows (39c2eab5253783851ee90b747456b61c)
[INFO ] 2024-11-30 19:43:39.915 [TestNG-test-Login Test HRM-1] LogUtils - Screenshot taken: TC_loginFailWithEmptyUsername
[INFO ] 2024-11-30 19:43:39.925 [TestNG-test-Login Test HRM-1] LogUtils - Screenshot taken current URL: https://opensource-demo.orangehrmlive.com/web/index.php/auth/login
[INFO ] 2024-11-30 19:43:40.159 [TestNG-test-Login Test HRM-3] LogUtils - Test case: TC_loginFailWithInvalidUsername is passed.
[INFO ] 2024-11-30 19:43:40.159 [TestNG-test-Login Test HRM-3] LogUtils - Driver for Screenshot: ChromeDriver: chrome on windows (1b1d0d0cd9a55274e1680964b515f297)
[INFO ] 2024-11-30 19:43:40.572 [TestNG-test-Login Test HRM-5] LogUtils - Screenshot taken: TC_loginSuccess
[INFO ] 2024-11-30 19:43:40.601 [TestNG-test-Login Test HRM-5] LogUtils - Screenshot taken current URL: https://opensource-demo.orangehrmlive.com/web/index.php/dashboard/index
[INFO ] 2024-11-30 19:43:40.644 [TestNG-test-Login Test HRM-4] LogUtils - Test case: TC_loginFailWithInvalidPassword is passed.
[INFO ] 2024-11-30 19:43:40.644 [TestNG-test-Login Test HRM-4] LogUtils - Driver for Screenshot: ChromeDriver: chrome on windows (4404504940f9f021f969dbf4ae823edc)
[INFO ] 2024-11-30 19:43:40.750 [TestNG-test-Login Test HRM-3] LogUtils - Screenshot taken: TC_loginFailWithInvalidUsername
[INFO ] 2024-11-30 19:43:40.763 [TestNG-test-Login Test HRM-3] LogUtils - Screenshot taken current URL: https://opensource-demo.orangehrmlive.com/web/index.php/auth/login
[INFO ] 2024-11-30 19:43:41.079 [TestNG-test-Login Test HRM-4] LogUtils - Screenshot taken: TC_loginFailWithInvalidPassword
[INFO ] 2024-11-30 19:43:41.088 [TestNG-test-Login Test HRM-4] LogUtils - Screenshot taken current URL: https://opensource-demo.orangehrmlive.com/web/index.php/auth/login
[INFO ] 2024-11-30 19:43:41.706 [main] LogUtils - ********** RUN FINISHED **********
[INFO ] 2024-11-30 19:43:41.706 [main] LogUtils - =====> End Suite: Regression Tests CMS
[INFO ] 2024-11-30 19:45:42.005 [main] LogUtils - Loaded all properties files.
[INFO ] 2024-11-30 19:45:42.046 [main] LogUtils - ********** RUN STARTED **********
[INFO ] 2024-11-30 19:45:42.047 [main] LogUtils - ========= INSTALLING CONFIGURATION DATA =========
[INFO ] 2024-11-30 19:45:42.048 [main] LogUtils - Loaded all properties files.
[INFO ] 2024-11-30 19:45:42.219 [main] LogUtils - OVERRIDE EXTENT REPORTS = yes
[INFO ] 2024-11-30 19:45:42.219 [main] LogUtils - Link Extent Report: H:\github\Selenium-Java\reports/ExtentReports\ExtentReports.html
[INFO ] 2024-11-30 19:45:42.394 [main] LogUtils - Extent Reports is installed.
[INFO ] 2024-11-30 19:45:42.394 [main] LogUtils - ========= INSTALLED CONFIGURATION DATA =========
[INFO ] 2024-11-30 19:45:42.394 [main] LogUtils - =====> Starting Suite: Regression Tests CMS
[INFO ] 2024-11-30 19:45:45.531 [TestNG-test-Login Test HRM-5] LogUtils - Test case: TC_loginSuccess is starting...
[INFO ] 2024-11-30 19:45:45.531 [TestNG-test-Login Test HRM-3] LogUtils - Test case: TC_loginFailWithInvalidUsername is starting...
[INFO ] 2024-11-30 19:45:45.531 [TestNG-test-Login Test HRM-2] LogUtils - Test case: TC_loginFailWithEmptyPassword is starting...
[INFO ] 2024-11-30 19:45:45.531 [TestNG-test-Login Test HRM-1] LogUtils - Test case: TC_loginFailWithEmptyUsername is starting...
[INFO ] 2024-11-30 19:45:45.531 [TestNG-test-Login Test HRM-4] LogUtils - Test case: TC_loginFailWithInvalidPassword is starting...
[INFO ] 2024-11-30 19:45:45.636 [TestNG-test-Login Test HRM-3] LogUtils - Login failed  with invalid username
[INFO ] 2024-11-30 19:45:45.636 [TestNG-test-Login Test HRM-1] LogUtils - Login failed with empty username
[INFO ] 2024-11-30 19:45:45.636 [TestNG-test-Login Test HRM-4] LogUtils - Login failed with invalid password
[INFO ] 2024-11-30 19:45:45.636 [TestNG-test-Login Test HRM-2] LogUtils - Login failed with empty password
[INFO ] 2024-11-30 19:45:46.661 [TestNG-test-Login Test HRM-4] LogUtils - Open website with URL: https://opensource-demo.orangehrmlive.com/
[INFO ] 2024-11-30 19:45:46.694 [TestNG-test-Login Test HRM-3] LogUtils - Open website with URL: https://opensource-demo.orangehrmlive.com/
[INFO ] 2024-11-30 19:45:46.726 [TestNG-test-Login Test HRM-5] LogUtils - Open website with URL: https://opensource-demo.orangehrmlive.com/
[INFO ] 2024-11-30 19:45:46.752 [TestNG-test-Login Test HRM-2] LogUtils - Open website with URL: https://opensource-demo.orangehrmlive.com/
[INFO ] 2024-11-30 19:45:46.752 [TestNG-test-Login Test HRM-1] LogUtils - Open website with URL: https://opensource-demo.orangehrmlive.com/
[INFO ] 2024-11-30 19:45:47.725 [TestNG-test-Login Test HRM-4] LogUtils - Set text Admin on By.name: username
[INFO ] 2024-11-30 19:45:47.762 [TestNG-test-Login Test HRM-2] LogUtils - Set text Admin  on By.name: username
[INFO ] 2024-11-30 19:45:47.769 [TestNG-test-Login Test HRM-1] LogUtils - Set text   on By.name: username
[INFO ] 2024-11-30 19:45:47.770 [TestNG-test-Login Test HRM-5] LogUtils - Set text Admin on By.name: username
[INFO ] 2024-11-30 19:45:47.785 [TestNG-test-Login Test HRM-3] LogUtils - Set text QA on By.name: username
[INFO ] 2024-11-30 19:45:47.944 [TestNG-test-Login Test HRM-2] LogUtils - Set text   on By.name: password
[INFO ] 2024-11-30 19:45:47.952 [TestNG-test-Login Test HRM-1] LogUtils - Set text password on By.name: password
[INFO ] 2024-11-30 19:45:47.966 [TestNG-test-Login Test HRM-5] LogUtils - Set text admin123 on By.name: password
[INFO ] 2024-11-30 19:45:47.980 [TestNG-test-Login Test HRM-3] LogUtils - Set text admin123 on By.name: password
[INFO ] 2024-11-30 19:45:48.017 [TestNG-test-Login Test HRM-4] LogUtils - Set text invalidPassword on By.name: password
[INFO ] 2024-11-30 19:45:48.100 [TestNG-test-Login Test HRM-2] LogUtils - Clicked on the element By.xpath: //button[@type='submit']
[INFO ] 2024-11-30 19:45:48.103 [TestNG-test-Login Test HRM-1] LogUtils - Clicked on the element By.xpath: //button[@type='submit']
[INFO ] 2024-11-30 19:45:48.239 [TestNG-test-Login Test HRM-2] LogUtils - Clicked on the element By.xpath: //button[@type='submit']
[INFO ] 2024-11-30 19:45:48.240 [TestNG-test-Login Test HRM-1] LogUtils - Clicked on the element By.xpath: //button[@type='submit']
[INFO ] 2024-11-30 19:45:48.366 [TestNG-test-Login Test HRM-2] LogUtils - Verify Equals: Required = Required
[INFO ] 2024-11-30 19:45:48.374 [TestNG-test-Login Test HRM-1] LogUtils - Verify Equals: Required = Required
[INFO ] 2024-11-30 19:45:48.378 [TestNG-test-Login Test HRM-2] LogUtils - Test case: TC_loginFailWithEmptyPassword is passed.
[INFO ] 2024-11-30 19:45:48.378 [TestNG-test-Login Test HRM-1] LogUtils - Test case: TC_loginFailWithEmptyUsername is passed.
[INFO ] 2024-11-30 19:45:48.381 [TestNG-test-Login Test HRM-1] LogUtils - Driver for Screenshot: ChromeDriver: chrome on windows (c5b8d0985f3f4b681d4d3870750bb3f8)
[INFO ] 2024-11-30 19:45:48.381 [TestNG-test-Login Test HRM-2] LogUtils - Driver for Screenshot: ChromeDriver: chrome on windows (14d33cb71a4ab5d44ebdd1b7fab2d55d)
[INFO ] 2024-11-30 19:45:48.383 [TestNG-test-Login Test HRM-3] LogUtils - Clicked on the element By.xpath: //button[@type='submit']
[INFO ] 2024-11-30 19:45:48.805 [TestNG-test-Login Test HRM-1] LogUtils - Screenshot taken: TC_loginFailWithEmptyUsername
[INFO ] 2024-11-30 19:45:48.805 [TestNG-test-Login Test HRM-2] LogUtils - Screenshot taken: TC_loginFailWithEmptyPassword
[INFO ] 2024-11-30 19:45:48.814 [TestNG-test-Login Test HRM-5] LogUtils - Clicked on the element By.xpath: //button[@type='submit']
[INFO ] 2024-11-30 19:45:48.820 [TestNG-test-Login Test HRM-2] LogUtils - Screenshot taken current URL: https://opensource-demo.orangehrmlive.com/web/index.php/auth/login
[INFO ] 2024-11-30 19:45:48.820 [TestNG-test-Login Test HRM-1] LogUtils - Screenshot taken current URL: https://opensource-demo.orangehrmlive.com/web/index.php/auth/login
[INFO ] 2024-11-30 19:45:48.839 [TestNG-test-Login Test HRM-5] LogUtils - Test case: TC_loginSuccess is passed.
[INFO ] 2024-11-30 19:45:48.840 [TestNG-test-Login Test HRM-5] LogUtils - Driver for Screenshot: ChromeDriver: chrome on windows (b5b5159d784c5c35bc775631ae6bd35b)
[INFO ] 2024-11-30 19:45:48.871 [TestNG-test-Login Test HRM-4] LogUtils - Clicked on the element By.xpath: //button[@type='submit']
[INFO ] 2024-11-30 19:45:49.109 [TestNG-test-Login Test HRM-3] LogUtils - Test case: TC_loginFailWithInvalidUsername is passed.
[INFO ] 2024-11-30 19:45:49.109 [TestNG-test-Login Test HRM-3] LogUtils - Driver for Screenshot: ChromeDriver: chrome on windows (a4f87d8607007e76c1faa22b16106c16)
[INFO ] 2024-11-30 19:45:49.365 [TestNG-test-Login Test HRM-5] LogUtils - Screenshot taken: TC_loginSuccess
[INFO ] 2024-11-30 19:45:49.420 [TestNG-test-Login Test HRM-5] LogUtils - Screenshot taken current URL: https://opensource-demo.orangehrmlive.com/web/index.php/dashboard/index
[INFO ] 2024-11-30 19:45:49.578 [TestNG-test-Login Test HRM-4] LogUtils - Test case: TC_loginFailWithInvalidPassword is passed.
[INFO ] 2024-11-30 19:45:49.578 [TestNG-test-Login Test HRM-4] LogUtils - Driver for Screenshot: ChromeDriver: chrome on windows (7026e3cda5997fc8b94576beb321158a)
[INFO ] 2024-11-30 19:45:49.620 [TestNG-test-Login Test HRM-3] LogUtils - Screenshot taken: TC_loginFailWithInvalidUsername
[INFO ] 2024-11-30 19:45:49.626 [TestNG-test-Login Test HRM-3] LogUtils - Screenshot taken current URL: https://opensource-demo.orangehrmlive.com/web/index.php/auth/login
[INFO ] 2024-11-30 19:45:49.997 [TestNG-test-Login Test HRM-4] LogUtils - Screenshot taken: TC_loginFailWithInvalidPassword
[INFO ] 2024-11-30 19:45:50.007 [TestNG-test-Login Test HRM-4] LogUtils - Screenshot taken current URL: https://opensource-demo.orangehrmlive.com/web/index.php/auth/login
[INFO ] 2024-11-30 19:45:50.583 [main] LogUtils - ********** RUN FINISHED **********
[INFO ] 2024-11-30 19:45:50.583 [main] LogUtils - =====> End Suite: Regression Tests CMS
[INFO ] 2024-11-30 19:51:50.735 [main] LogUtils - Loaded all properties files.
[INFO ] 2024-11-30 19:51:50.799 [main] LogUtils - ********** RUN STARTED **********
[INFO ] 2024-11-30 19:51:50.799 [main] LogUtils - ========= INSTALLING CONFIGURATION DATA =========
[INFO ] 2024-11-30 19:51:50.799 [main] LogUtils - Loaded all properties files.
[INFO ] 2024-11-30 19:51:50.999 [main] LogUtils - OVERRIDE EXTENT REPORTS = yes
[INFO ] 2024-11-30 19:51:51.000 [main] LogUtils - Link Extent Report: H:\github\Selenium-Java\reports/ExtentReports\ExtentReports.html
[INFO ] 2024-11-30 19:51:51.161 [main] LogUtils - Extent Reports is installed.
[INFO ] 2024-11-30 19:51:51.162 [main] LogUtils - ========= INSTALLED CONFIGURATION DATA =========
[INFO ] 2024-11-30 19:51:51.162 [main] LogUtils - =====> Starting Suite: Regression Tests CMS
[INFO ] 2024-11-30 19:51:54.648 [TestNG-test-Login Test HRM-3] LogUtils - Test case: TC_loginFailWithInvalidUsername is starting...
[INFO ] 2024-11-30 19:51:54.648 [TestNG-test-Login Test HRM-4] LogUtils - Test case: TC_loginFailWithInvalidPassword is starting...
[INFO ] 2024-11-30 19:51:54.648 [TestNG-test-Login Test HRM-5] LogUtils - Test case: TC_loginSuccess is starting...
[INFO ] 2024-11-30 19:51:54.648 [TestNG-test-Login Test HRM-1] LogUtils - Test case: TC_loginFailWithEmptyUsername is starting...
[INFO ] 2024-11-30 19:51:54.648 [TestNG-test-Login Test HRM-2] LogUtils - Test case: TC_loginFailWithEmptyPassword is starting...
[INFO ] 2024-11-30 19:51:54.769 [TestNG-test-Login Test HRM-2] LogUtils - Login failed with empty password
[INFO ] 2024-11-30 19:51:54.769 [TestNG-test-Login Test HRM-3] LogUtils - Login failed  with invalid username
[INFO ] 2024-11-30 19:51:54.769 [TestNG-test-Login Test HRM-4] LogUtils - Login failed with invalid password
[INFO ] 2024-11-30 19:51:54.769 [TestNG-test-Login Test HRM-1] LogUtils - Login failed with empty username
[INFO ] 2024-11-30 19:51:55.889 [TestNG-test-Login Test HRM-5] LogUtils - Open website with URL: https://opensource-demo.orangehrmlive.com/
[INFO ] 2024-11-30 19:51:55.993 [TestNG-test-Login Test HRM-1] LogUtils - Open website with URL: https://opensource-demo.orangehrmlive.com/
[INFO ] 2024-11-30 19:51:56.009 [TestNG-test-Login Test HRM-2] LogUtils - Open website with URL: https://opensource-demo.orangehrmlive.com/
[INFO ] 2024-11-30 19:51:56.009 [TestNG-test-Login Test HRM-3] LogUtils - Open website with URL: https://opensource-demo.orangehrmlive.com/
[INFO ] 2024-11-30 19:51:56.330 [TestNG-test-Login Test HRM-4] LogUtils - Open website with URL: https://opensource-demo.orangehrmlive.com/
[INFO ] 2024-11-30 19:51:56.983 [TestNG-test-Login Test HRM-1] LogUtils - Set text   on By.name: username
[INFO ] 2024-11-30 19:51:56.991 [TestNG-test-Login Test HRM-3] LogUtils - Set text QA on By.name: username
[INFO ] 2024-11-30 19:51:57.011 [TestNG-test-Login Test HRM-2] LogUtils - Set text Admin  on By.name: username
[INFO ] 2024-11-30 19:51:57.020 [TestNG-test-Login Test HRM-5] LogUtils - Set text Admin on By.name: username
[INFO ] 2024-11-30 19:51:57.159 [TestNG-test-Login Test HRM-4] LogUtils - Set text Admin on By.name: username
[INFO ] 2024-11-30 19:51:57.215 [TestNG-test-Login Test HRM-2] LogUtils - Set text   on By.name: password
[INFO ] 2024-11-30 19:51:57.232 [TestNG-test-Login Test HRM-1] LogUtils - Set text password on By.name: password
[INFO ] 2024-11-30 19:51:57.232 [TestNG-test-Login Test HRM-3] LogUtils - Set text admin123 on By.name: password
[INFO ] 2024-11-30 19:51:57.281 [TestNG-test-Login Test HRM-5] LogUtils - Set text admin123 on By.name: password
[INFO ] 2024-11-30 19:51:57.387 [TestNG-test-Login Test HRM-4] LogUtils - Set text invalidPassword on By.name: password
[INFO ] 2024-11-30 19:51:57.404 [TestNG-test-Login Test HRM-1] LogUtils - Clicked on the element By.xpath: //button[@type='submit']
[INFO ] 2024-11-30 19:51:57.404 [TestNG-test-Login Test HRM-2] LogUtils - Clicked on the element By.xpath: //button[@type='submit']
[INFO ] 2024-11-30 19:51:57.562 [TestNG-test-Login Test HRM-1] LogUtils - Clicked on the element By.xpath: //button[@type='submit']
[INFO ] 2024-11-30 19:51:57.577 [TestNG-test-Login Test HRM-2] LogUtils - Clicked on the element By.xpath: //button[@type='submit']
[INFO ] 2024-11-30 19:51:57.674 [TestNG-test-Login Test HRM-3] LogUtils - Clicked on the element By.xpath: //button[@type='submit']
[INFO ] 2024-11-30 19:51:57.733 [TestNG-test-Login Test HRM-1] LogUtils - Verify Equals: Required = Required
[INFO ] 2024-11-30 19:51:57.748 [TestNG-test-Login Test HRM-1] LogUtils - Test case: TC_loginFailWithEmptyUsername is passed.
[INFO ] 2024-11-30 19:51:57.750 [TestNG-test-Login Test HRM-1] LogUtils - Driver for Screenshot: ChromeDriver: chrome on windows (41f00ea6438b8e42790a17aa08384e11)
[INFO ] 2024-11-30 19:51:57.758 [TestNG-test-Login Test HRM-2] LogUtils - Verify Equals: Required = Required
[INFO ] 2024-11-30 19:51:57.760 [TestNG-test-Login Test HRM-2] LogUtils - Test case: TC_loginFailWithEmptyPassword is passed.
[INFO ] 2024-11-30 19:51:57.760 [TestNG-test-Login Test HRM-2] LogUtils - Driver for Screenshot: ChromeDriver: chrome on windows (eb534acb943cf873d7fc715ea1523c13)
[INFO ] 2024-11-30 19:51:58.135 [TestNG-test-Login Test HRM-5] LogUtils - Clicked on the element By.xpath: //button[@type='submit']
[INFO ] 2024-11-30 19:51:58.157 [TestNG-test-Login Test HRM-5] LogUtils - Test case: TC_loginSuccess is passed.
[INFO ] 2024-11-30 19:51:58.157 [TestNG-test-Login Test HRM-5] LogUtils - Driver for Screenshot: ChromeDriver: chrome on windows (59534a0b4bc4cdbf9b277fdde3608438)
[INFO ] 2024-11-30 19:51:58.198 [TestNG-test-Login Test HRM-1] LogUtils - Screenshot taken: TC_loginFailWithEmptyUsername
[INFO ] 2024-11-30 19:51:58.198 [TestNG-test-Login Test HRM-2] LogUtils - Screenshot taken: TC_loginFailWithEmptyPassword
[INFO ] 2024-11-30 19:51:58.207 [TestNG-test-Login Test HRM-1] LogUtils - Screenshot taken current URL: https://opensource-demo.orangehrmlive.com/web/index.php/auth/login
[INFO ] 2024-11-30 19:51:58.207 [TestNG-test-Login Test HRM-2] LogUtils - Screenshot taken current URL: https://opensource-demo.orangehrmlive.com/web/index.php/auth/login
[INFO ] 2024-11-30 19:51:58.223 [TestNG-test-Login Test HRM-4] LogUtils - Clicked on the element By.xpath: //button[@type='submit']
[INFO ] 2024-11-30 19:51:58.448 [TestNG-test-Login Test HRM-3] LogUtils - Test case: TC_loginFailWithInvalidUsername is passed.
[INFO ] 2024-11-30 19:51:58.448 [TestNG-test-Login Test HRM-3] LogUtils - Driver for Screenshot: ChromeDriver: chrome on windows (135c715c0b4400d3fee95ce8f4a441b3)
[INFO ] 2024-11-30 19:51:58.585 [TestNG-test-Login Test HRM-5] LogUtils - Screenshot taken: TC_loginSuccess
[INFO ] 2024-11-30 19:51:58.591 [TestNG-test-Login Test HRM-5] LogUtils - Screenshot taken current URL: https://opensource-demo.orangehrmlive.com/web/index.php/dashboard/index
[INFO ] 2024-11-30 19:51:58.958 [TestNG-test-Login Test HRM-4] LogUtils - Test case: TC_loginFailWithInvalidPassword is passed.
[INFO ] 2024-11-30 19:51:58.960 [TestNG-test-Login Test HRM-4] LogUtils - Driver for Screenshot: ChromeDriver: chrome on windows (30821a234d142c1d816b3f628e219e7b)
[INFO ] 2024-11-30 19:51:58.967 [TestNG-test-Login Test HRM-3] LogUtils - Screenshot taken: TC_loginFailWithInvalidUsername
[INFO ] 2024-11-30 19:51:58.974 [TestNG-test-Login Test HRM-3] LogUtils - Screenshot taken current URL: https://opensource-demo.orangehrmlive.com/web/index.php/auth/login
[INFO ] 2024-11-30 19:51:59.431 [TestNG-test-Login Test HRM-4] LogUtils - Screenshot taken: TC_loginFailWithInvalidPassword
[INFO ] 2024-11-30 19:51:59.446 [TestNG-test-Login Test HRM-4] LogUtils - Screenshot taken current URL: https://opensource-demo.orangehrmlive.com/web/index.php/auth/login
[INFO ] 2024-11-30 19:52:00.133 [main] LogUtils - ********** RUN FINISHED **********
[INFO ] 2024-11-30 19:52:00.133 [main] LogUtils - =====> End Suite: Regression Tests CMS
