[INFO ] 2024-11-29 10:16:55.906 [main] LogUtils - Loaded all properties files.
[INFO ] 2024-11-29 10:16:55.959 [main] LogUtils - ********** RUN STARTED **********
[INFO ] 2024-11-29 10:16:55.960 [main] LogUtils - ========= INSTALLING CONFIGURATION DATA =========
[INFO ] 2024-11-29 10:16:55.960 [main] LogUtils - Loaded all properties files.
[INFO ] 2024-11-29 10:16:56.108 [main] LogUtils - OVERRIDE EXTENT REPORTS = yes
[INFO ] 2024-11-29 10:16:56.108 [main] LogUtils - Link Extent Report: H:\github\Selenium-Java\reports/ExtentReports\ExtentReports.html
[INFO ] 2024-11-29 10:16:56.249 [main] LogUtils - Extent Reports is installed.
[INFO ] 2024-11-29 10:16:56.249 [main] LogUtils - ========= INSTALLED CONFIGURATION DATA =========
[INFO ] 2024-11-29 10:16:56.250 [main] LogUtils - =====> Starting Suite: Regression Tests CMS
[INFO ] 2024-11-29 10:16:59.511 [TestNG-test-Login Test HRM-2] LogUtils - Test case: TC_loginFailWithEmailNull is starting...
[INFO ] 2024-11-29 10:16:59.511 [TestNG-test-Login Test HRM-3] LogUtils - Test case: TC_loginSuccess is starting...
[INFO ] 2024-11-29 10:16:59.511 [TestNG-test-Login Test HRM-1] LogUtils - Test case: TC_loginFailWithEmailDoesNotExist is starting...
[INFO ] 2024-11-29 10:16:59.616 [TestNG-test-Login Test HRM-3] LogUtils - Set Excel File: src/test/resources/testdataCMS/Login.xlsx
[INFO ] 2024-11-29 10:16:59.616 [TestNG-test-Login Test HRM-2] LogUtils - Set Excel File: src/test/resources/testdataCMS/Login.xlsx
[INFO ] 2024-11-29 10:16:59.616 [TestNG-test-Login Test HRM-1] LogUtils - Set Excel File: src/test/resources/testdataCMS/Login.xlsx
[INFO ] 2024-11-29 10:16:59.617 [TestNG-test-Login Test HRM-3] LogUtils - Sheet Name: Login
[INFO ] 2024-11-29 10:16:59.617 [TestNG-test-Login Test HRM-1] LogUtils - Sheet Name: Login
[INFO ] 2024-11-29 10:16:59.617 [TestNG-test-Login Test HRM-2] LogUtils - Sheet Name: Login
[INFO ] 2024-11-29 10:16:59.617 [TestNG-test-Login Test HRM-1] LogUtils - File Excel path not found.
[INFO ] 2024-11-29 10:16:59.617 [TestNG-test-Login Test HRM-2] LogUtils - File Excel path not found.
[INFO ] 2024-11-29 10:16:59.617 [TestNG-test-Login Test HRM-3] LogUtils - File Excel path not found.
[ERROR] 2024-11-29 10:16:59.619 [TestNG-test-Login Test HRM-2] LogUtils - src\test\resources\testdataCMS\Login.xlsx (The system cannot find the path specified)
[ERROR] 2024-11-29 10:16:59.619 [TestNG-test-Login Test HRM-3] LogUtils - src\test\resources\testdataCMS\Login.xlsx (The system cannot find the path specified)
[ERROR] 2024-11-29 10:16:59.620 [TestNG-test-Login Test HRM-1] LogUtils - src\test\resources\testdataCMS\Login.xlsx (The system cannot find the path specified)
[WARN ] 2024-11-29 10:16:59.644 [TestNG-test-Login Test HRM-3] LogUtils - WARNING!! Test case: TC_loginSuccess is skipped.
[WARN ] 2024-11-29 10:16:59.644 [TestNG-test-Login Test HRM-1] LogUtils - WARNING!! Test case: TC_loginFailWithEmailDoesNotExist is skipped.
[WARN ] 2024-11-29 10:16:59.644 [TestNG-test-Login Test HRM-2] LogUtils - WARNING!! Test case: TC_loginFailWithEmailNull is skipped.
[INFO ] 2024-11-29 10:17:01.282 [TestNG-test-Login Test HRM-2] LogUtils - Test case: TC_loginFailWithEmailNull is starting...
[INFO ] 2024-11-29 10:17:01.292 [TestNG-test-Login Test HRM-2] LogUtils - Set Excel File: src/test/resources/testdataCMS/Login.xlsx
[INFO ] 2024-11-29 10:17:01.292 [TestNG-test-Login Test HRM-2] LogUtils - Sheet Name: Login
[INFO ] 2024-11-29 10:17:01.296 [TestNG-test-Login Test HRM-2] LogUtils - File Excel path not found.
[ERROR] 2024-11-29 10:17:01.298 [TestNG-test-Login Test HRM-2] LogUtils - src\test\resources\testdataCMS\Login.xlsx (The system cannot find the path specified)
[ERROR] 2024-11-29 10:17:01.304 [TestNG-test-Login Test HRM-2] LogUtils - FAILED !! Test case TC_loginFailWithEmailNull is failed.
[ERROR] 2024-11-29 10:17:01.311 [TestNG-test-Login Test HRM-2] LogUtils - java.lang.NullPointerException: Cannot invoke "java.lang.Integer.intValue()" because the return value of "java.util.Map.get(Object)" is null
[INFO ] 2024-11-29 10:17:01.314 [TestNG-test-Login Test HRM-2] LogUtils - Driver for Screenshot: ChromeDriver: chrome on windows (704ffc37a1d8d9574abe866ca15ae197)
[INFO ] 2024-11-29 10:17:01.342 [TestNG-test-Login Test HRM-1] LogUtils - Test case: TC_loginFailWithEmailDoesNotExist is starting...
[INFO ] 2024-11-29 10:17:01.348 [TestNG-test-Login Test HRM-1] LogUtils - Set Excel File: src/test/resources/testdataCMS/Login.xlsx
[INFO ] 2024-11-29 10:17:01.348 [TestNG-test-Login Test HRM-1] LogUtils - Sheet Name: Login
[INFO ] 2024-11-29 10:17:01.349 [TestNG-test-Login Test HRM-1] LogUtils - File Excel path not found.
[ERROR] 2024-11-29 10:17:01.350 [TestNG-test-Login Test HRM-1] LogUtils - src\test\resources\testdataCMS\Login.xlsx (The system cannot find the path specified)
[ERROR] 2024-11-29 10:17:01.353 [TestNG-test-Login Test HRM-1] LogUtils - FAILED !! Test case TC_loginFailWithEmailDoesNotExist is failed.
[ERROR] 2024-11-29 10:17:01.353 [TestNG-test-Login Test HRM-1] LogUtils - java.lang.NullPointerException: Cannot invoke "java.lang.Integer.intValue()" because the return value of "java.util.Map.get(Object)" is null
[INFO ] 2024-11-29 10:17:01.354 [TestNG-test-Login Test HRM-1] LogUtils - Driver for Screenshot: ChromeDriver: chrome on windows (d1f85ceb3f56ba0068c42cf5c873e97e)
[INFO ] 2024-11-29 10:17:01.422 [TestNG-test-Login Test HRM-3] LogUtils - Test case: TC_loginSuccess is starting...
[INFO ] 2024-11-29 10:17:01.426 [TestNG-test-Login Test HRM-3] LogUtils - Set Excel File: src/test/resources/testdataCMS/Login.xlsx
[INFO ] 2024-11-29 10:17:01.426 [TestNG-test-Login Test HRM-3] LogUtils - Sheet Name: Login
[INFO ] 2024-11-29 10:17:01.426 [TestNG-test-Login Test HRM-3] LogUtils - File Excel path not found.
[ERROR] 2024-11-29 10:17:01.427 [TestNG-test-Login Test HRM-3] LogUtils - src\test\resources\testdataCMS\Login.xlsx (The system cannot find the path specified)
[ERROR] 2024-11-29 10:17:01.432 [TestNG-test-Login Test HRM-3] LogUtils - FAILED !! Test case TC_loginSuccess is failed.
[ERROR] 2024-11-29 10:17:01.433 [TestNG-test-Login Test HRM-3] LogUtils - java.lang.NullPointerException: Cannot invoke "java.lang.Integer.intValue()" because the return value of "java.util.Map.get(Object)" is null
[INFO ] 2024-11-29 10:17:01.433 [TestNG-test-Login Test HRM-3] LogUtils - Driver for Screenshot: ChromeDriver: chrome on windows (7bf628e34a7594e60c161f36ae1917a8)
[INFO ] 2024-11-29 10:17:01.789 [TestNG-test-Login Test HRM-2] LogUtils - Screenshot taken: TC_loginFailWithEmailNull
[INFO ] 2024-11-29 10:17:01.798 [TestNG-test-Login Test HRM-2] LogUtils - Screenshot taken current URL: data:,
[INFO ] 2024-11-29 10:17:01.815 [TestNG-test-Login Test HRM-1] LogUtils - Screenshot taken: TC_loginFailWithEmailDoesNotExist
[INFO ] 2024-11-29 10:17:01.823 [TestNG-test-Login Test HRM-1] LogUtils - Screenshot taken current URL: data:,
[INFO ] 2024-11-29 10:17:01.843 [TestNG-test-Login Test HRM-3] LogUtils - Screenshot taken: TC_loginSuccess
[INFO ] 2024-11-29 10:17:01.850 [TestNG-test-Login Test HRM-3] LogUtils - Screenshot taken current URL: data:,
[INFO ] 2024-11-29 10:17:02.470 [main] LogUtils - ********** RUN FINISHED **********
[INFO ] 2024-11-29 10:17:02.470 [main] LogUtils - =====> End Suite: Regression Tests CMS
[INFO ] 2024-11-29 10:19:42.058 [main] LogUtils - Loaded all properties files.
[INFO ] 2024-11-29 10:19:42.093 [main] LogUtils - ********** RUN STARTED **********
[INFO ] 2024-11-29 10:19:42.094 [main] LogUtils - ========= INSTALLING CONFIGURATION DATA =========
[INFO ] 2024-11-29 10:19:42.094 [main] LogUtils - Loaded all properties files.
[INFO ] 2024-11-29 10:19:42.267 [main] LogUtils - OVERRIDE EXTENT REPORTS = yes
[INFO ] 2024-11-29 10:19:42.267 [main] LogUtils - Link Extent Report: H:\github\Selenium-Java\reports/ExtentReports\ExtentReports.html
[INFO ] 2024-11-29 10:19:42.432 [main] LogUtils - Extent Reports is installed.
[INFO ] 2024-11-29 10:19:42.432 [main] LogUtils - ========= INSTALLED CONFIGURATION DATA =========
[INFO ] 2024-11-29 10:19:42.432 [main] LogUtils - =====> Starting Suite: Regression Tests CMS
[INFO ] 2024-11-29 10:19:45.085 [TestNG-test-Login Test HRM-2] LogUtils - Test case: TC_loginFailWithEmailNull is starting...
[INFO ] 2024-11-29 10:19:45.085 [TestNG-test-Login Test HRM-3] LogUtils - Test case: TC_loginSuccess is starting...
[INFO ] 2024-11-29 10:19:45.085 [TestNG-test-Login Test HRM-1] LogUtils - Test case: TC_loginFailWithEmailDoesNotExist is starting...
[INFO ] 2024-11-29 10:19:45.143 [TestNG-test-Login Test HRM-3] LogUtils - Set Excel File: src/test/resources/testdataCMS/Login.xlsx
[INFO ] 2024-11-29 10:19:45.143 [TestNG-test-Login Test HRM-2] LogUtils - Set Excel File: src/test/resources/testdataCMS/Login.xlsx
[INFO ] 2024-11-29 10:19:45.143 [TestNG-test-Login Test HRM-1] LogUtils - Set Excel File: src/test/resources/testdataCMS/Login.xlsx
[INFO ] 2024-11-29 10:19:45.144 [TestNG-test-Login Test HRM-3] LogUtils - Sheet Name: Login
[INFO ] 2024-11-29 10:19:45.144 [TestNG-test-Login Test HRM-2] LogUtils - Sheet Name: Login
[INFO ] 2024-11-29 10:19:45.144 [TestNG-test-Login Test HRM-1] LogUtils - Sheet Name: Login
[INFO ] 2024-11-29 10:19:45.144 [TestNG-test-Login Test HRM-3] LogUtils - File Excel path not found.
[INFO ] 2024-11-29 10:19:45.144 [TestNG-test-Login Test HRM-1] LogUtils - File Excel path not found.
[INFO ] 2024-11-29 10:19:45.144 [TestNG-test-Login Test HRM-2] LogUtils - File Excel path not found.
[ERROR] 2024-11-29 10:19:45.146 [TestNG-test-Login Test HRM-1] LogUtils - src\test\resources\testdataCMS\Login.xlsx (The system cannot find the path specified)
[ERROR] 2024-11-29 10:19:45.146 [TestNG-test-Login Test HRM-3] LogUtils - src\test\resources\testdataCMS\Login.xlsx (The system cannot find the path specified)
[ERROR] 2024-11-29 10:19:45.147 [TestNG-test-Login Test HRM-2] LogUtils - src\test\resources\testdataCMS\Login.xlsx (The system cannot find the path specified)
[WARN ] 2024-11-29 10:19:45.170 [TestNG-test-Login Test HRM-1] LogUtils - WARNING!! Test case: TC_loginFailWithEmailDoesNotExist is skipped.
[WARN ] 2024-11-29 10:19:45.170 [TestNG-test-Login Test HRM-3] LogUtils - WARNING!! Test case: TC_loginSuccess is skipped.
[WARN ] 2024-11-29 10:19:45.170 [TestNG-test-Login Test HRM-2] LogUtils - WARNING!! Test case: TC_loginFailWithEmailNull is skipped.
[INFO ] 2024-11-29 10:19:47.257 [TestNG-test-Login Test HRM-2] LogUtils - Test case: TC_loginFailWithEmailNull is starting...
[INFO ] 2024-11-29 10:19:47.268 [TestNG-test-Login Test HRM-2] LogUtils - Set Excel File: src/test/resources/testdataCMS/Login.xlsx
[INFO ] 2024-11-29 10:19:47.268 [TestNG-test-Login Test HRM-2] LogUtils - Sheet Name: Login
[INFO ] 2024-11-29 10:19:47.269 [TestNG-test-Login Test HRM-2] LogUtils - File Excel path not found.
[ERROR] 2024-11-29 10:19:47.271 [TestNG-test-Login Test HRM-2] LogUtils - src\test\resources\testdataCMS\Login.xlsx (The system cannot find the path specified)
[ERROR] 2024-11-29 10:19:47.276 [TestNG-test-Login Test HRM-2] LogUtils - FAILED !! Test case TC_loginFailWithEmailNull is failed.
[ERROR] 2024-11-29 10:19:47.278 [TestNG-test-Login Test HRM-2] LogUtils - java.lang.NullPointerException: Cannot invoke "java.lang.Integer.intValue()" because the return value of "java.util.Map.get(Object)" is null
[INFO ] 2024-11-29 10:19:47.280 [TestNG-test-Login Test HRM-3] LogUtils - Test case: TC_loginSuccess is starting...
[INFO ] 2024-11-29 10:19:47.281 [TestNG-test-Login Test HRM-2] LogUtils - Driver for Screenshot: ChromeDriver: chrome on windows (ff61e08cab05c9449f420cfc2fbaa970)
[INFO ] 2024-11-29 10:19:47.285 [TestNG-test-Login Test HRM-3] LogUtils - Set Excel File: src/test/resources/testdataCMS/Login.xlsx
[INFO ] 2024-11-29 10:19:47.285 [TestNG-test-Login Test HRM-3] LogUtils - Sheet Name: Login
[INFO ] 2024-11-29 10:19:47.285 [TestNG-test-Login Test HRM-3] LogUtils - File Excel path not found.
[ERROR] 2024-11-29 10:19:47.286 [TestNG-test-Login Test HRM-3] LogUtils - src\test\resources\testdataCMS\Login.xlsx (The system cannot find the path specified)
[ERROR] 2024-11-29 10:19:47.290 [TestNG-test-Login Test HRM-3] LogUtils - FAILED !! Test case TC_loginSuccess is failed.
[ERROR] 2024-11-29 10:19:47.290 [TestNG-test-Login Test HRM-3] LogUtils - java.lang.NullPointerException: Cannot invoke "java.lang.Integer.intValue()" because the return value of "java.util.Map.get(Object)" is null
[INFO ] 2024-11-29 10:19:47.291 [TestNG-test-Login Test HRM-3] LogUtils - Driver for Screenshot: ChromeDriver: chrome on windows (13ed0536aab15666483645f74a9bbf3a)
[INFO ] 2024-11-29 10:19:47.324 [TestNG-test-Login Test HRM-1] LogUtils - Test case: TC_loginFailWithEmailDoesNotExist is starting...
[INFO ] 2024-11-29 10:19:47.329 [TestNG-test-Login Test HRM-1] LogUtils - Set Excel File: src/test/resources/testdataCMS/Login.xlsx
[INFO ] 2024-11-29 10:19:47.329 [TestNG-test-Login Test HRM-1] LogUtils - Sheet Name: Login
[INFO ] 2024-11-29 10:19:47.329 [TestNG-test-Login Test HRM-1] LogUtils - File Excel path not found.
[ERROR] 2024-11-29 10:19:47.330 [TestNG-test-Login Test HRM-1] LogUtils - src\test\resources\testdataCMS\Login.xlsx (The system cannot find the path specified)
[ERROR] 2024-11-29 10:19:47.332 [TestNG-test-Login Test HRM-1] LogUtils - FAILED !! Test case TC_loginFailWithEmailDoesNotExist is failed.
[ERROR] 2024-11-29 10:19:47.333 [TestNG-test-Login Test HRM-1] LogUtils - java.lang.NullPointerException: Cannot invoke "java.lang.Integer.intValue()" because the return value of "java.util.Map.get(Object)" is null
[INFO ] 2024-11-29 10:19:47.333 [TestNG-test-Login Test HRM-1] LogUtils - Driver for Screenshot: ChromeDriver: chrome on windows (e0fe5bc302fbb87ff50f7606a3149ca3)
[INFO ] 2024-11-29 10:19:47.782 [TestNG-test-Login Test HRM-3] LogUtils - Screenshot taken: TC_loginSuccess
[INFO ] 2024-11-29 10:19:47.782 [TestNG-test-Login Test HRM-2] LogUtils - Screenshot taken: TC_loginFailWithEmailNull
[INFO ] 2024-11-29 10:19:47.790 [TestNG-test-Login Test HRM-3] LogUtils - Screenshot taken current URL: data:,
[INFO ] 2024-11-29 10:19:47.790 [TestNG-test-Login Test HRM-2] LogUtils - Screenshot taken current URL: data:,
[INFO ] 2024-11-29 10:19:47.816 [TestNG-test-Login Test HRM-1] LogUtils - Screenshot taken: TC_loginFailWithEmailDoesNotExist
[INFO ] 2024-11-29 10:19:47.825 [TestNG-test-Login Test HRM-1] LogUtils - Screenshot taken current URL: data:,
[INFO ] 2024-11-29 10:19:48.461 [main] LogUtils - ********** RUN FINISHED **********
[INFO ] 2024-11-29 10:19:48.462 [main] LogUtils - =====> End Suite: Regression Tests CMS
[INFO ] 2024-11-29 10:29:28.918 [main] LogUtils - Loaded all properties files.
[INFO ] 2024-11-29 10:29:28.966 [main] LogUtils - ********** RUN STARTED **********
[INFO ] 2024-11-29 10:29:28.966 [main] LogUtils - ========= INSTALLING CONFIGURATION DATA =========
[INFO ] 2024-11-29 10:29:28.967 [main] LogUtils - Loaded all properties files.
[INFO ] 2024-11-29 10:29:29.179 [main] LogUtils - OVERRIDE EXTENT REPORTS = yes
[INFO ] 2024-11-29 10:29:29.179 [main] LogUtils - Link Extent Report: H:\github\Selenium-Java\reports/ExtentReports\ExtentReports.html
[INFO ] 2024-11-29 10:29:29.356 [main] LogUtils - Extent Reports is installed.
[INFO ] 2024-11-29 10:29:29.356 [main] LogUtils - ========= INSTALLED CONFIGURATION DATA =========
[INFO ] 2024-11-29 10:29:29.357 [main] LogUtils - =====> Starting Suite: Regression Tests CMS
[INFO ] 2024-11-29 10:29:32.112 [TestNG-test-Login Test HRM-3] LogUtils - Test case: TC_loginSuccess is starting...
[INFO ] 2024-11-29 10:29:32.112 [TestNG-test-Login Test HRM-1] LogUtils - Test case: TC_loginFailWithEmailDoesNotExist is starting...
[INFO ] 2024-11-29 10:29:32.112 [TestNG-test-Login Test HRM-2] LogUtils - Test case: TC_loginFailWithEmailNull is starting...
[INFO ] 2024-11-29 10:29:32.192 [TestNG-test-Login Test HRM-3] LogUtils - Set Excel File: src/test/resources/testdataCMS/Login.xlsx
[INFO ] 2024-11-29 10:30:04.493 [TestNG-test-Login Test HRM-1] LogUtils - Set Excel File: src/test/resources/testdataCMS/Login.xlsx
[INFO ] 2024-11-29 10:30:04.495 [TestNG-test-Login Test HRM-1] LogUtils - Sheet Name: Login
[INFO ] 2024-11-29 10:30:04.495 [TestNG-test-Login Test HRM-3] LogUtils - Sheet Name: Login
[INFO ] 2024-11-29 10:30:04.496 [TestNG-test-Login Test HRM-1] LogUtils - File Excel path not found.
[INFO ] 2024-11-29 10:30:04.496 [TestNG-test-Login Test HRM-2] LogUtils - Set Excel File: src/test/resources/testdataCMS/Login.xlsx
[INFO ] 2024-11-29 10:30:04.496 [TestNG-test-Login Test HRM-3] LogUtils - File Excel path not found.
[INFO ] 2024-11-29 10:30:04.497 [TestNG-test-Login Test HRM-2] LogUtils - Sheet Name: Login
[INFO ] 2024-11-29 10:30:04.497 [TestNG-test-Login Test HRM-2] LogUtils - File Excel path not found.
[ERROR] 2024-11-29 10:30:04.498 [TestNG-test-Login Test HRM-3] LogUtils - src\test\resources\testdataCMS\Login.xlsx (The system cannot find the path specified)
[ERROR] 2024-11-29 10:30:04.498 [TestNG-test-Login Test HRM-1] LogUtils - src\test\resources\testdataCMS\Login.xlsx (The system cannot find the path specified)
[ERROR] 2024-11-29 10:30:04.502 [TestNG-test-Login Test HRM-2] LogUtils - src\test\resources\testdataCMS\Login.xlsx (The system cannot find the path specified)
[WARN ] 2024-11-29 10:34:01.964 [TestNG-test-Login Test HRM-3] LogUtils - WARNING!! Test case: TC_loginSuccess is skipped.
[WARN ] 2024-11-29 10:34:01.965 [TestNG-test-Login Test HRM-2] LogUtils - WARNING!! Test case: TC_loginFailWithEmailNull is skipped.
[WARN ] 2024-11-29 10:34:01.965 [TestNG-test-Login Test HRM-1] LogUtils - WARNING!! Test case: TC_loginFailWithEmailDoesNotExist is skipped.
[INFO ] 2024-11-29 10:38:31.433 [main] LogUtils - Loaded all properties files.
[INFO ] 2024-11-29 10:38:31.476 [main] LogUtils - ********** RUN STARTED **********
[INFO ] 2024-11-29 10:38:31.476 [main] LogUtils - ========= INSTALLING CONFIGURATION DATA =========
[INFO ] 2024-11-29 10:38:31.477 [main] LogUtils - Loaded all properties files.
[INFO ] 2024-11-29 10:38:31.703 [main] LogUtils - OVERRIDE EXTENT REPORTS = yes
[INFO ] 2024-11-29 10:38:31.703 [main] LogUtils - Link Extent Report: H:\github\Selenium-Java\reports/ExtentReports\ExtentReports.html
[INFO ] 2024-11-29 10:38:31.865 [main] LogUtils - Extent Reports is installed.
[INFO ] 2024-11-29 10:38:31.865 [main] LogUtils - ========= INSTALLED CONFIGURATION DATA =========
[INFO ] 2024-11-29 10:38:31.865 [main] LogUtils - =====> Starting Suite: Regression Tests CMS
[INFO ] 2024-11-29 10:38:34.499 [TestNG-test-Login Test HRM-3] LogUtils - Test case: TC_loginSuccess is starting...
[INFO ] 2024-11-29 10:38:34.499 [TestNG-test-Login Test HRM-1] LogUtils - Test case: TC_loginFailWithEmailNull is starting...
[INFO ] 2024-11-29 10:38:34.499 [TestNG-test-Login Test HRM-2] LogUtils - Test case: TC_loginFailWithEmailDoesNotExist is starting...
[INFO ] 2024-11-29 10:38:34.562 [TestNG-test-Login Test HRM-1] LogUtils - Set Excel File: src/test/resources/testdataCMS/Login.xlsx
[INFO ] 2024-11-29 10:38:34.562 [TestNG-test-Login Test HRM-3] LogUtils - Set Excel File: src/test/resources/testdataCMS/Login.xlsx
[INFO ] 2024-11-29 10:38:34.562 [TestNG-test-Login Test HRM-2] LogUtils - Set Excel File: src/test/resources/testdataCMS/Login.xlsx
[INFO ] 2024-11-29 10:38:34.562 [TestNG-test-Login Test HRM-1] LogUtils - Sheet Name: Login
[INFO ] 2024-11-29 10:38:34.562 [TestNG-test-Login Test HRM-3] LogUtils - Sheet Name: Login
[INFO ] 2024-11-29 10:38:34.562 [TestNG-test-Login Test HRM-2] LogUtils - Sheet Name: Login
[INFO ] 2024-11-29 10:38:34.562 [TestNG-test-Login Test HRM-1] LogUtils - File Excel path not found.
[INFO ] 2024-11-29 10:38:34.562 [TestNG-test-Login Test HRM-3] LogUtils - File Excel path not found.
[INFO ] 2024-11-29 10:38:34.562 [TestNG-test-Login Test HRM-2] LogUtils - File Excel path not found.
[ERROR] 2024-11-29 10:38:34.564 [TestNG-test-Login Test HRM-2] LogUtils - src\test\resources\testdataCMS\Login.xlsx (The system cannot find the path specified)
[ERROR] 2024-11-29 10:38:34.565 [TestNG-test-Login Test HRM-1] LogUtils - src\test\resources\testdataCMS\Login.xlsx (The system cannot find the path specified)
[ERROR] 2024-11-29 10:38:50.387 [TestNG-test-Login Test HRM-3] LogUtils - src\test\resources\testdataCMS\Login.xlsx (The system cannot find the path specified)
[WARN ] 2024-11-29 10:39:02.731 [TestNG-test-Login Test HRM-3] LogUtils - WARNING!! Test case: TC_loginSuccess is skipped.
[WARN ] 2024-11-29 10:39:02.731 [TestNG-test-Login Test HRM-2] LogUtils - WARNING!! Test case: TC_loginFailWithEmailDoesNotExist is skipped.
[WARN ] 2024-11-29 10:39:02.746 [TestNG-test-Login Test HRM-1] LogUtils - WARNING!! Test case: TC_loginFailWithEmailNull is skipped.
[INFO ] 2024-11-29 10:39:04.345 [TestNG-test-Login Test HRM-2] LogUtils - Test case: TC_loginFailWithEmailDoesNotExist is starting...
[INFO ] 2024-11-29 10:39:04.352 [TestNG-test-Login Test HRM-2] LogUtils - Set Excel File: src/test/resources/testdataCMS/Login.xlsx
[INFO ] 2024-11-29 10:39:04.352 [TestNG-test-Login Test HRM-2] LogUtils - Sheet Name: Login
[INFO ] 2024-11-29 10:39:04.353 [TestNG-test-Login Test HRM-2] LogUtils - File Excel path not found.
[ERROR] 2024-11-29 10:39:04.354 [TestNG-test-Login Test HRM-2] LogUtils - src\test\resources\testdataCMS\Login.xlsx (The system cannot find the path specified)
[ERROR] 2024-11-29 10:39:04.360 [TestNG-test-Login Test HRM-2] LogUtils - FAILED !! Test case TC_loginFailWithEmailDoesNotExist is failed.
[ERROR] 2024-11-29 10:39:04.361 [TestNG-test-Login Test HRM-2] LogUtils - java.lang.NullPointerException: Cannot invoke "java.lang.Integer.intValue()" because the return value of "java.util.Map.get(Object)" is null
[INFO ] 2024-11-29 10:39:04.364 [TestNG-test-Login Test HRM-2] LogUtils - Driver for Screenshot: ChromeDriver: chrome on windows (2570990c4d9a3227204946ddb707e8e6)
[INFO ] 2024-11-29 10:39:04.536 [TestNG-test-Login Test HRM-1] LogUtils - Test case: TC_loginFailWithEmailNull is starting...
[INFO ] 2024-11-29 10:39:04.542 [TestNG-test-Login Test HRM-1] LogUtils - Set Excel File: src/test/resources/testdataCMS/Login.xlsx
[INFO ] 2024-11-29 10:39:04.542 [TestNG-test-Login Test HRM-1] LogUtils - Sheet Name: Login
[INFO ] 2024-11-29 10:39:04.543 [TestNG-test-Login Test HRM-1] LogUtils - File Excel path not found.
[INFO ] 2024-11-29 10:39:04.543 [TestNG-test-Login Test HRM-3] LogUtils - Test case: TC_loginSuccess is starting...
[ERROR] 2024-11-29 10:39:04.543 [TestNG-test-Login Test HRM-1] LogUtils - src\test\resources\testdataCMS\Login.xlsx (The system cannot find the path specified)
[INFO ] 2024-11-29 10:39:08.465 [TestNG-test-Login Test HRM-3] LogUtils - Set Excel File: src/test/resources/testdataCMS/Login.xlsx
[INFO ] 2024-11-29 10:39:08.465 [TestNG-test-Login Test HRM-3] LogUtils - Sheet Name: Login
[INFO ] 2024-11-29 10:39:08.466 [TestNG-test-Login Test HRM-3] LogUtils - File Excel path not found.
[ERROR] 2024-11-29 10:39:10.777 [TestNG-test-Login Test HRM-3] LogUtils - src\test\resources\testdataCMS\Login.xlsx (The system cannot find the path specified)
[ERROR] 2024-11-29 10:39:16.726 [TestNG-test-Login Test HRM-3] LogUtils - FAILED !! Test case TC_loginSuccess is failed.
[ERROR] 2024-11-29 10:39:16.726 [TestNG-test-Login Test HRM-3] LogUtils - java.lang.NullPointerException: Cannot invoke "java.lang.Integer.intValue()" because the return value of "java.util.Map.get(Object)" is null
[INFO ] 2024-11-29 10:39:16.727 [TestNG-test-Login Test HRM-3] LogUtils - Driver for Screenshot: ChromeDriver: chrome on windows (30eca75fb36b6c4c865667dd0e65312a)
[ERROR] 2024-11-29 10:39:16.738 [TestNG-test-Login Test HRM-1] LogUtils - FAILED !! Test case TC_loginFailWithEmailNull is failed.
[ERROR] 2024-11-29 10:39:16.739 [TestNG-test-Login Test HRM-1] LogUtils - java.lang.NullPointerException: Cannot invoke "java.lang.Integer.intValue()" because the return value of "java.util.Map.get(Object)" is null
[INFO ] 2024-11-29 10:39:16.740 [TestNG-test-Login Test HRM-1] LogUtils - Driver for Screenshot: ChromeDriver: chrome on windows (a34d386263255b867d29c0df27e545da)
[INFO ] 2024-11-29 10:39:16.754 [TestNG-test-Login Test HRM-2] LogUtils - Screenshot taken: TC_loginFailWithEmailDoesNotExist
[INFO ] 2024-11-29 10:39:16.787 [TestNG-test-Login Test HRM-2] LogUtils - Screenshot taken current URL: data:,
[INFO ] 2024-11-29 10:39:17.170 [TestNG-test-Login Test HRM-3] LogUtils - Screenshot taken: TC_loginSuccess
[INFO ] 2024-11-29 10:39:17.179 [TestNG-test-Login Test HRM-3] LogUtils - Screenshot taken current URL: data:,
[INFO ] 2024-11-29 10:39:17.198 [TestNG-test-Login Test HRM-1] LogUtils - Screenshot taken: TC_loginFailWithEmailNull
[INFO ] 2024-11-29 10:39:17.207 [TestNG-test-Login Test HRM-1] LogUtils - Screenshot taken current URL: data:,
[INFO ] 2024-11-29 10:39:17.874 [main] LogUtils - ********** RUN FINISHED **********
[INFO ] 2024-11-29 10:39:17.875 [main] LogUtils - =====> End Suite: Regression Tests CMS
[INFO ] 2024-11-29 10:57:23.862 [main] LogUtils - Loaded all properties files.
[INFO ] 2024-11-29 10:57:23.913 [main] LogUtils - ********** RUN STARTED **********
[INFO ] 2024-11-29 10:57:23.913 [main] LogUtils - ========= INSTALLING CONFIGURATION DATA =========
[INFO ] 2024-11-29 10:57:23.914 [main] LogUtils - Loaded all properties files.
[INFO ] 2024-11-29 10:57:24.138 [main] LogUtils - OVERRIDE EXTENT REPORTS = yes
[INFO ] 2024-11-29 10:57:24.139 [main] LogUtils - Link Extent Report: H:\github\Selenium-Java\reports/ExtentReports\ExtentReports.html
[INFO ] 2024-11-29 10:57:24.314 [main] LogUtils - Extent Reports is installed.
[INFO ] 2024-11-29 10:57:24.314 [main] LogUtils - ========= INSTALLED CONFIGURATION DATA =========
[INFO ] 2024-11-29 10:57:24.314 [main] LogUtils - =====> Starting Suite: Regression Tests CMS
[INFO ] 2024-11-29 10:57:27.267 [TestNG-test-Login Test HRM-3] LogUtils - Test case: TC_loginFailWithEmailDoesNotExist is starting...
[INFO ] 2024-11-29 10:57:27.267 [TestNG-test-Login Test HRM-2] LogUtils - Test case: TC_loginFailWithInvalidEmai is starting...
[INFO ] 2024-11-29 10:57:27.267 [TestNG-test-Login Test HRM-4] LogUtils - Test case: TC_loginSuccess is starting...
[INFO ] 2024-11-29 10:57:27.267 [TestNG-test-Login Test HRM-1] LogUtils - Test case: TC_loginFailWithEmailNull is starting...
[INFO ] 2024-11-29 10:57:27.340 [TestNG-test-Login Test HRM-2] LogUtils - Set Excel File: src/test/resources/testdataCMS/Login.xlsx
[INFO ] 2024-11-29 10:57:27.340 [TestNG-test-Login Test HRM-3] LogUtils - Set Excel File: src/test/resources/testdataCMS/Login.xlsx
[INFO ] 2024-11-29 10:57:27.340 [TestNG-test-Login Test HRM-4] LogUtils - Set Excel File: src/test/resources/testdataCMS/Login.xlsx
[INFO ] 2024-11-29 10:57:36.156 [TestNG-test-Login Test HRM-2] LogUtils - Sheet Name: Login
[INFO ] 2024-11-29 10:57:36.156 [TestNG-test-Login Test HRM-4] LogUtils - Sheet Name: Login
[INFO ] 2024-11-29 10:57:36.156 [TestNG-test-Login Test HRM-3] LogUtils - Sheet Name: Login
[INFO ] 2024-11-29 10:57:36.157 [TestNG-test-Login Test HRM-2] LogUtils - File Excel path not found.
[INFO ] 2024-11-29 10:57:36.157 [TestNG-test-Login Test HRM-3] LogUtils - File Excel path not found.
[INFO ] 2024-11-29 10:57:36.157 [TestNG-test-Login Test HRM-4] LogUtils - File Excel path not found.
[ERROR] 2024-11-29 10:57:36.159 [TestNG-test-Login Test HRM-3] LogUtils - src\test\resources\testdataCMS\Login.xlsx (The system cannot find the path specified)
[ERROR] 2024-11-29 10:57:36.159 [TestNG-test-Login Test HRM-4] LogUtils - src\test\resources\testdataCMS\Login.xlsx (The system cannot find the path specified)
[ERROR] 2024-11-29 10:57:36.161 [TestNG-test-Login Test HRM-2] LogUtils - src\test\resources\testdataCMS\Login.xlsx (The system cannot find the path specified)
[WARN ] 2024-11-29 10:57:42.953 [TestNG-test-Login Test HRM-3] LogUtils - WARNING!! Test case: TC_loginFailWithEmailDoesNotExist is skipped.
[WARN ] 2024-11-29 10:57:42.953 [TestNG-test-Login Test HRM-2] LogUtils - WARNING!! Test case: TC_loginFailWithInvalidEmai is skipped.
[WARN ] 2024-11-29 10:57:42.953 [TestNG-test-Login Test HRM-4] LogUtils - WARNING!! Test case: TC_loginSuccess is skipped.
[WARN ] 2024-11-29 10:57:42.958 [TestNG-test-Login Test HRM-1] LogUtils - WARNING!! Test case: TC_loginFailWithEmailNull is skipped.
[INFO ] 2024-11-29 10:57:45.063 [TestNG-test-Login Test HRM-1] LogUtils - Test case: TC_loginFailWithEmailNull is starting...
[INFO ] 2024-11-29 10:58:03.061 [TestNG-test-Login Test HRM-2] LogUtils - Test case: TC_loginFailWithInvalidEmai is starting...
[INFO ] 2024-11-29 10:58:03.061 [TestNG-test-Login Test HRM-4] LogUtils - Test case: TC_loginSuccess is starting...
[INFO ] 2024-11-29 10:58:03.061 [TestNG-test-Login Test HRM-3] LogUtils - Test case: TC_loginFailWithEmailDoesNotExist is starting...
[ERROR] 2024-11-29 10:58:03.063 [TestNG-test-Login Test HRM-1] LogUtils - FAILED !! Test case TC_loginFailWithEmailNull is failed.
[ERROR] 2024-11-29 10:58:03.065 [TestNG-test-Login Test HRM-1] LogUtils - java.lang.NullPointerException: Cannot invoke "java.lang.Integer.intValue()" because the return value of "java.util.Map.get(Object)" is null
[INFO ] 2024-11-29 10:58:03.065 [TestNG-test-Login Test HRM-2] LogUtils - Set Excel File: src/test/resources/testdataCMS/Login.xlsx
[INFO ] 2024-11-29 10:58:03.065 [TestNG-test-Login Test HRM-3] LogUtils - Set Excel File: src/test/resources/testdataCMS/Login.xlsx
[INFO ] 2024-11-29 10:58:03.065 [TestNG-test-Login Test HRM-2] LogUtils - Sheet Name: Login
[INFO ] 2024-11-29 10:58:03.065 [TestNG-test-Login Test HRM-3] LogUtils - Sheet Name: Login
[INFO ] 2024-11-29 10:58:03.065 [TestNG-test-Login Test HRM-4] LogUtils - Set Excel File: src/test/resources/testdataCMS/Login.xlsx
[INFO ] 2024-11-29 10:58:03.065 [TestNG-test-Login Test HRM-2] LogUtils - File Excel path not found.
[INFO ] 2024-11-29 10:58:03.065 [TestNG-test-Login Test HRM-3] LogUtils - File Excel path not found.
[INFO ] 2024-11-29 10:58:03.065 [TestNG-test-Login Test HRM-4] LogUtils - Sheet Name: Login
[INFO ] 2024-11-29 10:58:03.066 [TestNG-test-Login Test HRM-4] LogUtils - File Excel path not found.
[ERROR] 2024-11-29 10:58:03.066 [TestNG-test-Login Test HRM-2] LogUtils - src\test\resources\testdataCMS\Login.xlsx (The system cannot find the path specified)
[ERROR] 2024-11-29 10:58:08.769 [TestNG-test-Login Test HRM-3] LogUtils - src\test\resources\testdataCMS\Login.xlsx (The system cannot find the path specified)
[INFO ] 2024-11-29 10:58:08.769 [TestNG-test-Login Test HRM-1] LogUtils - Driver for Screenshot: ChromeDriver: chrome on windows (9e300a96f2ba271d54b22cdb7dbd7bb7)
[ERROR] 2024-11-29 10:58:08.771 [TestNG-test-Login Test HRM-4] LogUtils - src\test\resources\testdataCMS\Login.xlsx (The system cannot find the path specified)
[ERROR] 2024-11-29 10:58:08.776 [TestNG-test-Login Test HRM-4] LogUtils - FAILED !! Test case TC_loginSuccess is failed.
[ERROR] 2024-11-29 10:58:08.776 [TestNG-test-Login Test HRM-3] LogUtils - FAILED !! Test case TC_loginFailWithEmailDoesNotExist is failed.
[ERROR] 2024-11-29 10:58:08.777 [TestNG-test-Login Test HRM-4] LogUtils - java.lang.NullPointerException: Cannot invoke "java.lang.Integer.intValue()" because the return value of "java.util.Map.get(Object)" is null
[ERROR] 2024-11-29 10:58:08.777 [TestNG-test-Login Test HRM-3] LogUtils - java.lang.NullPointerException: Cannot invoke "java.lang.Integer.intValue()" because the return value of "java.util.Map.get(Object)" is null
[INFO ] 2024-11-29 10:58:08.777 [TestNG-test-Login Test HRM-3] LogUtils - Driver for Screenshot: ChromeDriver: chrome on windows (9238f8a13fdf8e2f649ab02fbdba9088)
[INFO ] 2024-11-29 10:58:08.777 [TestNG-test-Login Test HRM-4] LogUtils - Driver for Screenshot: ChromeDriver: chrome on windows (f1ea593f2b774c2f66e4641a628f6b0b)
[ERROR] 2024-11-29 10:58:10.955 [TestNG-test-Login Test HRM-2] LogUtils - FAILED !! Test case TC_loginFailWithInvalidEmai is failed.
[ERROR] 2024-11-29 10:58:10.957 [TestNG-test-Login Test HRM-2] LogUtils - java.lang.NullPointerException: Cannot invoke "java.lang.Integer.intValue()" because the return value of "java.util.Map.get(Object)" is null
[INFO ] 2024-11-29 10:58:10.958 [TestNG-test-Login Test HRM-2] LogUtils - Driver for Screenshot: ChromeDriver: chrome on windows (284da5f96b13216eb39b7f84662b2cc0)
[INFO ] 2024-11-29 10:58:11.385 [TestNG-test-Login Test HRM-1] LogUtils - Screenshot taken: TC_loginFailWithEmailNull
[INFO ] 2024-11-29 10:58:11.394 [TestNG-test-Login Test HRM-1] LogUtils - Screenshot taken current URL: data:,
[INFO ] 2024-11-29 10:58:11.428 [TestNG-test-Login Test HRM-3] LogUtils - Screenshot taken: TC_loginFailWithEmailDoesNotExist
[INFO ] 2024-11-29 10:58:11.437 [TestNG-test-Login Test HRM-3] LogUtils - Screenshot taken current URL: data:,
[INFO ] 2024-11-29 10:58:11.440 [TestNG-test-Login Test HRM-4] LogUtils - Screenshot taken: TC_loginSuccess
[INFO ] 2024-11-29 10:58:11.458 [TestNG-test-Login Test HRM-4] LogUtils - Screenshot taken current URL: data:,
[INFO ] 2024-11-29 10:58:11.483 [TestNG-test-Login Test HRM-2] LogUtils - Screenshot taken: TC_loginFailWithInvalidEmai
[INFO ] 2024-11-29 10:58:11.492 [TestNG-test-Login Test HRM-2] LogUtils - Screenshot taken current URL: data:,
[INFO ] 2024-11-29 10:58:12.217 [main] LogUtils - ********** RUN FINISHED **********
[INFO ] 2024-11-29 10:58:12.218 [main] LogUtils - =====> End Suite: Regression Tests CMS
[INFO ] 2024-11-29 10:59:15.554 [main] LogUtils - Loaded all properties files.
[INFO ] 2024-11-29 10:59:15.601 [main] LogUtils - ********** RUN STARTED **********
[INFO ] 2024-11-29 10:59:15.601 [main] LogUtils - ========= INSTALLING CONFIGURATION DATA =========
[INFO ] 2024-11-29 10:59:15.602 [main] LogUtils - Loaded all properties files.
[INFO ] 2024-11-29 10:59:15.773 [main] LogUtils - OVERRIDE EXTENT REPORTS = yes
[INFO ] 2024-11-29 10:59:15.774 [main] LogUtils - Link Extent Report: H:\github\Selenium-Java\reports/ExtentReports\ExtentReports.html
[INFO ] 2024-11-29 10:59:15.908 [main] LogUtils - Extent Reports is installed.
[INFO ] 2024-11-29 10:59:15.908 [main] LogUtils - ========= INSTALLED CONFIGURATION DATA =========
[INFO ] 2024-11-29 10:59:15.908 [main] LogUtils - =====> Starting Suite: Regression Tests CMS
[INFO ] 2024-11-29 10:59:18.836 [TestNG-test-Login Test HRM-4] LogUtils - Test case: TC_loginSuccess is starting...
[INFO ] 2024-11-29 10:59:18.836 [TestNG-test-Login Test HRM-2] LogUtils - Test case: TC_loginFailWithInvalidEmai is starting...
[INFO ] 2024-11-29 10:59:18.836 [TestNG-test-Login Test HRM-1] LogUtils - Test case: TC_loginFailWithEmailNull is starting...
[INFO ] 2024-11-29 10:59:18.836 [TestNG-test-Login Test HRM-3] LogUtils - Test case: TC_loginFailWithEmailDoesNotExist is starting...
[INFO ] 2024-11-29 10:59:18.911 [TestNG-test-Login Test HRM-4] LogUtils - Set Excel File: src/test/resources/testdataCMS/Login.xlsx
[INFO ] 2024-11-29 10:59:18.911 [TestNG-test-Login Test HRM-3] LogUtils - Set Excel File: src/test/resources/testdataCMS/Login.xlsx
[INFO ] 2024-11-29 10:59:18.911 [TestNG-test-Login Test HRM-2] LogUtils - Set Excel File: src/test/resources/testdataCMS/Login.xlsx
[INFO ] 2024-11-29 10:59:22.541 [TestNG-test-Login Test HRM-3] LogUtils - Sheet Name: Login
[INFO ] 2024-11-29 10:59:22.541 [TestNG-test-Login Test HRM-2] LogUtils - Sheet Name: Login
[INFO ] 2024-11-29 10:59:22.541 [TestNG-test-Login Test HRM-4] LogUtils - Sheet Name: Login
[INFO ] 2024-11-29 10:59:22.542 [TestNG-test-Login Test HRM-4] LogUtils - File Excel path not found.
[INFO ] 2024-11-29 10:59:22.542 [TestNG-test-Login Test HRM-3] LogUtils - File Excel path not found.
[INFO ] 2024-11-29 10:59:22.542 [TestNG-test-Login Test HRM-2] LogUtils - File Excel path not found.
[ERROR] 2024-11-29 10:59:22.544 [TestNG-test-Login Test HRM-4] LogUtils - src\test\resources\testdataCMS\Login.xlsx (The system cannot find the path specified)
[ERROR] 2024-11-29 10:59:22.544 [TestNG-test-Login Test HRM-2] LogUtils - src\test\resources\testdataCMS\Login.xlsx (The system cannot find the path specified)
[ERROR] 2024-11-29 10:59:22.553 [TestNG-test-Login Test HRM-3] LogUtils - src\test\resources\testdataCMS\Login.xlsx (The system cannot find the path specified)
[WARN ] 2024-11-29 10:59:24.965 [TestNG-test-Login Test HRM-3] LogUtils - WARNING!! Test case: TC_loginFailWithEmailDoesNotExist is skipped.
[WARN ] 2024-11-29 10:59:24.965 [TestNG-test-Login Test HRM-4] LogUtils - WARNING!! Test case: TC_loginSuccess is skipped.
[WARN ] 2024-11-29 10:59:24.965 [TestNG-test-Login Test HRM-2] LogUtils - WARNING!! Test case: TC_loginFailWithInvalidEmai is skipped.
[WARN ] 2024-11-29 10:59:35.888 [TestNG-test-Login Test HRM-1] LogUtils - WARNING!! Test case: TC_loginFailWithEmailNull is skipped.
[INFO ] 2024-11-29 10:59:37.912 [TestNG-test-Login Test HRM-2] LogUtils - Test case: TC_loginFailWithInvalidEmai is starting...
[INFO ] 2024-11-29 10:59:37.917 [TestNG-test-Login Test HRM-2] LogUtils - Set Excel File: src/test/resources/testdataCMS/Login.xlsx
[INFO ] 2024-11-29 10:59:37.917 [TestNG-test-Login Test HRM-1] LogUtils - Test case: TC_loginFailWithEmailNull is starting...
[INFO ] 2024-11-29 10:59:37.918 [TestNG-test-Login Test HRM-2] LogUtils - Sheet Name: Login
[INFO ] 2024-11-29 10:59:37.918 [TestNG-test-Login Test HRM-2] LogUtils - File Excel path not found.
[ERROR] 2024-11-29 10:59:37.919 [TestNG-test-Login Test HRM-2] LogUtils - src\test\resources\testdataCMS\Login.xlsx (The system cannot find the path specified)
[INFO ] 2024-11-29 10:59:44.545 [TestNG-test-Login Test HRM-3] LogUtils - Test case: TC_loginFailWithEmailDoesNotExist is starting...
[INFO ] 2024-11-29 10:59:44.545 [TestNG-test-Login Test HRM-4] LogUtils - Test case: TC_loginSuccess is starting...
[ERROR] 2024-11-29 10:59:46.951 [TestNG-test-Login Test HRM-1] LogUtils - FAILED !! Test case TC_loginFailWithEmailNull is failed.
[INFO ] 2024-11-29 10:59:46.953 [TestNG-test-Login Test HRM-3] LogUtils - Set Excel File: src/test/resources/testdataCMS/Login.xlsx
[INFO ] 2024-11-29 10:59:46.953 [TestNG-test-Login Test HRM-4] LogUtils - Set Excel File: src/test/resources/testdataCMS/Login.xlsx
[ERROR] 2024-11-29 10:59:46.953 [TestNG-test-Login Test HRM-1] LogUtils - java.lang.NullPointerException
[INFO ] 2024-11-29 10:59:46.953 [TestNG-test-Login Test HRM-3] LogUtils - Sheet Name: Login
[INFO ] 2024-11-29 10:59:46.953 [TestNG-test-Login Test HRM-4] LogUtils - Sheet Name: Login
[INFO ] 2024-11-29 10:59:46.953 [TestNG-test-Login Test HRM-3] LogUtils - File Excel path not found.
[INFO ] 2024-11-29 10:59:46.953 [TestNG-test-Login Test HRM-4] LogUtils - File Excel path not found.
[ERROR] 2024-11-29 10:59:46.954 [TestNG-test-Login Test HRM-3] LogUtils - src\test\resources\testdataCMS\Login.xlsx (The system cannot find the path specified)
[ERROR] 2024-11-29 10:59:46.954 [TestNG-test-Login Test HRM-4] LogUtils - src\test\resources\testdataCMS\Login.xlsx (The system cannot find the path specified)
[INFO ] 2024-11-29 10:59:46.955 [TestNG-test-Login Test HRM-1] LogUtils - Driver for Screenshot: ChromeDriver: chrome on windows (f9ef685942eeeac492fddac7e9951337)
[ERROR] 2024-11-29 10:59:46.957 [TestNG-test-Login Test HRM-4] LogUtils - FAILED !! Test case TC_loginSuccess is failed.
[ERROR] 2024-11-29 10:59:46.957 [TestNG-test-Login Test HRM-3] LogUtils - FAILED !! Test case TC_loginFailWithEmailDoesNotExist is failed.
[ERROR] 2024-11-29 10:59:46.957 [TestNG-test-Login Test HRM-4] LogUtils - java.lang.NullPointerException: Cannot invoke "java.lang.Integer.intValue()" because the return value of "java.util.Map.get(Object)" is null
[ERROR] 2024-11-29 10:59:46.957 [TestNG-test-Login Test HRM-3] LogUtils - java.lang.NullPointerException: Cannot invoke "java.lang.Integer.intValue()" because the return value of "java.util.Map.get(Object)" is null
[INFO ] 2024-11-29 10:59:46.957 [TestNG-test-Login Test HRM-4] LogUtils - Driver for Screenshot: ChromeDriver: chrome on windows (09bb80caad8ca7f6fda910cee5152481)
[INFO ] 2024-11-29 10:59:46.957 [TestNG-test-Login Test HRM-3] LogUtils - Driver for Screenshot: ChromeDriver: chrome on windows (85eb2ee158a1bea3138e4c840f2b46e0)
[ERROR] 2024-11-29 10:59:46.967 [TestNG-test-Login Test HRM-2] LogUtils - FAILED !! Test case TC_loginFailWithInvalidEmai is failed.
[ERROR] 2024-11-29 10:59:46.968 [TestNG-test-Login Test HRM-2] LogUtils - java.lang.NullPointerException: Cannot invoke "java.lang.Integer.intValue()" because the return value of "java.util.Map.get(Object)" is null
[INFO ] 2024-11-29 10:59:46.969 [TestNG-test-Login Test HRM-2] LogUtils - Driver for Screenshot: ChromeDriver: chrome on windows (ae68ba8e0a6c50d3621c132d75a04e4a)
[INFO ] 2024-11-29 10:59:47.437 [TestNG-test-Login Test HRM-3] LogUtils - Screenshot taken: TC_loginFailWithEmailDoesNotExist
[INFO ] 2024-11-29 10:59:47.449 [TestNG-test-Login Test HRM-3] LogUtils - Screenshot taken current URL: data:,
[INFO ] 2024-11-29 10:59:47.453 [TestNG-test-Login Test HRM-1] LogUtils - Screenshot taken: TC_loginFailWithEmailNull
[INFO ] 2024-11-29 10:59:47.471 [TestNG-test-Login Test HRM-4] LogUtils - Screenshot taken: TC_loginSuccess
[INFO ] 2024-11-29 10:59:47.485 [TestNG-test-Login Test HRM-1] LogUtils - Screenshot taken current URL: data:,
[INFO ] 2024-11-29 10:59:47.515 [TestNG-test-Login Test HRM-4] LogUtils - Screenshot taken current URL: data:,
[INFO ] 2024-11-29 10:59:47.587 [TestNG-test-Login Test HRM-2] LogUtils - Screenshot taken: TC_loginFailWithInvalidEmai
[INFO ] 2024-11-29 10:59:47.609 [TestNG-test-Login Test HRM-2] LogUtils - Screenshot taken current URL: data:,
[INFO ] 2024-11-29 10:59:49.868 [main] LogUtils - ********** RUN FINISHED **********
[INFO ] 2024-11-29 10:59:49.869 [main] LogUtils - =====> End Suite: Regression Tests CMS
[INFO ] 2024-11-29 16:06:43.581 [main] LogUtils - Loaded all properties files.
[INFO ] 2024-11-29 16:06:43.623 [main] LogUtils - ********** RUN STARTED **********
[INFO ] 2024-11-29 16:06:43.624 [main] LogUtils - ========= INSTALLING CONFIGURATION DATA =========
[INFO ] 2024-11-29 16:06:43.624 [main] LogUtils - Loaded all properties files.
[INFO ] 2024-11-29 16:06:43.820 [main] LogUtils - OVERRIDE EXTENT REPORTS = yes
[INFO ] 2024-11-29 16:06:43.820 [main] LogUtils - Link Extent Report: H:\github\Selenium-Java\reports/ExtentReports\ExtentReports.html
[INFO ] 2024-11-29 16:06:43.985 [main] LogUtils - Extent Reports is installed.
[INFO ] 2024-11-29 16:06:43.985 [main] LogUtils - ========= INSTALLED CONFIGURATION DATA =========
[INFO ] 2024-11-29 16:06:43.985 [main] LogUtils - =====> Starting Suite: Regression Tests CMS
[INFO ] 2024-11-29 16:06:46.298 [TestNG-test-Login Test HRM-1] LogUtils - Test case: TC_loginFailWithEmailNull is starting...
[WARN ] 2024-11-29 16:07:27.382 [TestNG-test-Login Test HRM-1] LogUtils - WARNING!! Test case: TC_loginFailWithEmailNull is skipped.
[INFO ] 2024-11-29 16:07:28.606 [TestNG-test-Login Test HRM-1] LogUtils - Test case: TC_loginFailWithEmailNull is starting...
[ERROR] 2024-11-29 16:08:31.656 [TestNG-test-Login Test HRM-1] LogUtils - FAILED !! Test case TC_loginFailWithEmailNull is failed.
[ERROR] 2024-11-29 16:08:31.657 [TestNG-test-Login Test HRM-1] LogUtils - java.lang.NullPointerException
[INFO ] 2024-11-29 16:08:31.660 [TestNG-test-Login Test HRM-1] LogUtils - Driver for Screenshot: ChromeDriver: chrome on windows (44f47e5947b691a7eadb262c22a9e700)
[INFO ] 2024-11-29 16:08:32.068 [TestNG-test-Login Test HRM-1] LogUtils - Screenshot taken: TC_loginFailWithEmailNull
[INFO ] 2024-11-29 16:08:32.077 [TestNG-test-Login Test HRM-1] LogUtils - Screenshot taken current URL: data:,
[INFO ] 2024-11-29 16:08:32.651 [main] LogUtils - ********** RUN FINISHED **********
[INFO ] 2024-11-29 16:08:32.651 [main] LogUtils - =====> End Suite: Regression Tests CMS
[INFO ] 2024-11-29 16:10:16.033 [main] LogUtils - Loaded all properties files.
[INFO ] 2024-11-29 16:10:16.068 [main] LogUtils - ********** RUN STARTED **********
[INFO ] 2024-11-29 16:10:16.068 [main] LogUtils - ========= INSTALLING CONFIGURATION DATA =========
[INFO ] 2024-11-29 16:10:16.068 [main] LogUtils - Loaded all properties files.
[INFO ] 2024-11-29 16:10:16.233 [main] LogUtils - OVERRIDE EXTENT REPORTS = yes
[INFO ] 2024-11-29 16:10:16.233 [main] LogUtils - Link Extent Report: H:\github\Selenium-Java\reports/ExtentReports\ExtentReports.html
[INFO ] 2024-11-29 16:10:16.380 [main] LogUtils - Extent Reports is installed.
[INFO ] 2024-11-29 16:10:16.381 [main] LogUtils - ========= INSTALLED CONFIGURATION DATA =========
[INFO ] 2024-11-29 16:10:16.381 [main] LogUtils - =====> Starting Suite: Regression Tests CMS
[INFO ] 2024-11-29 16:10:18.381 [TestNG-test-Login Test HRM-1] LogUtils - Test case: TC_loginFailWithEmailNull is starting...
[INFO ] 2024-11-29 16:10:59.304 [TestNG-test-Login Test HRM-1] LogUtils - Open website with URL: https://opensource-demo.orangehrmlive.com/
[ERROR] 2024-11-29 16:11:41.520 [TestNG-test-Login Test HRM-1] LogUtils - ❌ Element not exist. (waitForElementPresent) By.xpath: //button[type='submit']
[WARN ] 2024-11-29 16:12:27.198 [TestNG-test-Login Test HRM-1] LogUtils - WARNING!! Test case: TC_loginFailWithEmailNull is skipped.
[INFO ] 2024-11-29 16:12:29.226 [TestNG-test-Login Test HRM-1] LogUtils - Test case: TC_loginFailWithEmailNull is starting...
[INFO ] 2024-11-29 16:12:40.683 [TestNG-test-Login Test HRM-1] LogUtils - Open website with URL: https://opensource-demo.orangehrmlive.com/
[ERROR] 2024-11-29 16:12:59.635 [TestNG-test-Login Test HRM-1] LogUtils - ❌ Element not exist. (waitForElementPresent) By.xpath: //button[type='submit']
[ERROR] 2024-11-29 16:12:59.638 [TestNG-test-Login Test HRM-1] LogUtils - FAILED !! Test case TC_loginFailWithEmailNull is failed.
[ERROR] 2024-11-29 16:12:59.640 [TestNG-test-Login Test HRM-1] LogUtils - java.lang.AssertionError: ❌ Element not exist. (waitForElementPresent) By.xpath: //button[type='submit']
[INFO ] 2024-11-29 16:12:59.641 [TestNG-test-Login Test HRM-1] LogUtils - Driver for Screenshot: ChromeDriver: chrome on windows (bd4d6ebcbddf7510a50b99c5b7d5d6b2)
[INFO ] 2024-11-29 16:13:00.081 [TestNG-test-Login Test HRM-1] LogUtils - Screenshot taken: TC_loginFailWithEmailNull
[INFO ] 2024-11-29 16:13:00.089 [TestNG-test-Login Test HRM-1] LogUtils - Screenshot taken current URL: https://opensource-demo.orangehrmlive.com/web/index.php/auth/login
[INFO ] 2024-11-29 16:13:00.663 [main] LogUtils - ********** RUN FINISHED **********
[INFO ] 2024-11-29 16:13:00.664 [main] LogUtils - =====> End Suite: Regression Tests CMS
[INFO ] 2024-11-29 16:13:37.542 [main] LogUtils - Loaded all properties files.
[INFO ] 2024-11-29 16:13:37.586 [main] LogUtils - ********** RUN STARTED **********
[INFO ] 2024-11-29 16:13:37.586 [main] LogUtils - ========= INSTALLING CONFIGURATION DATA =========
[INFO ] 2024-11-29 16:13:37.587 [main] LogUtils - Loaded all properties files.
[INFO ] 2024-11-29 16:13:37.776 [main] LogUtils - OVERRIDE EXTENT REPORTS = yes
[INFO ] 2024-11-29 16:13:37.777 [main] LogUtils - Link Extent Report: H:\github\Selenium-Java\reports/ExtentReports\ExtentReports.html
[INFO ] 2024-11-29 16:13:37.908 [main] LogUtils - Extent Reports is installed.
[INFO ] 2024-11-29 16:13:37.908 [main] LogUtils - ========= INSTALLED CONFIGURATION DATA =========
[INFO ] 2024-11-29 16:13:37.909 [main] LogUtils - =====> Starting Suite: Regression Tests CMS
[INFO ] 2024-11-29 16:13:40.991 [TestNG-test-Login Test HRM-2] LogUtils - Test case: TC_loginFailWithInvalidEmai is starting...
[INFO ] 2024-11-29 16:13:40.991 [TestNG-test-Login Test HRM-3] LogUtils - Test case: TC_loginFailWithEmailDoesNotExist is starting...
[INFO ] 2024-11-29 16:13:40.991 [TestNG-test-Login Test HRM-1] LogUtils - Test case: TC_loginFailWithEmailNull is starting...
[INFO ] 2024-11-29 16:13:40.991 [TestNG-test-Login Test HRM-4] LogUtils - Test case: TC_loginSuccess is starting...
[INFO ] 2024-11-29 16:13:41.089 [TestNG-test-Login Test HRM-3] LogUtils - Set Excel File: src/test/resources/testdataCMS/Login.xlsx
[INFO ] 2024-11-29 16:13:41.089 [TestNG-test-Login Test HRM-4] LogUtils - Set Excel File: src/test/resources/testdataCMS/Login.xlsx
[INFO ] 2024-11-29 16:13:41.089 [TestNG-test-Login Test HRM-2] LogUtils - Set Excel File: src/test/resources/testdataCMS/Login.xlsx
[INFO ] 2024-11-29 16:14:11.779 [TestNG-test-Login Test HRM-2] LogUtils - Sheet Name: Login
[INFO ] 2024-11-29 16:14:11.779 [TestNG-test-Login Test HRM-4] LogUtils - Sheet Name: Login
[INFO ] 2024-11-29 16:14:11.779 [TestNG-test-Login Test HRM-3] LogUtils - Sheet Name: Login
[INFO ] 2024-11-29 16:14:11.780 [TestNG-test-Login Test HRM-3] LogUtils - File Excel path not found.
[INFO ] 2024-11-29 16:14:11.780 [TestNG-test-Login Test HRM-4] LogUtils - File Excel path not found.
[INFO ] 2024-11-29 16:14:11.780 [TestNG-test-Login Test HRM-2] LogUtils - File Excel path not found.
[ERROR] 2024-11-29 16:14:11.782 [TestNG-test-Login Test HRM-4] LogUtils - src\test\resources\testdataCMS\Login.xlsx (The system cannot find the path specified)
[ERROR] 2024-11-29 16:14:11.783 [TestNG-test-Login Test HRM-3] LogUtils - src\test\resources\testdataCMS\Login.xlsx (The system cannot find the path specified)
[ERROR] 2024-11-29 16:14:11.783 [TestNG-test-Login Test HRM-2] LogUtils - src\test\resources\testdataCMS\Login.xlsx (The system cannot find the path specified)
[WARN ] 2024-11-29 16:14:15.161 [TestNG-test-Login Test HRM-3] LogUtils - WARNING!! Test case: TC_loginFailWithEmailDoesNotExist is skipped.
[WARN ] 2024-11-29 16:14:15.161 [TestNG-test-Login Test HRM-2] LogUtils - WARNING!! Test case: TC_loginFailWithInvalidEmai is skipped.
[WARN ] 2024-11-29 16:14:15.161 [TestNG-test-Login Test HRM-4] LogUtils - WARNING!! Test case: TC_loginSuccess is skipped.
[INFO ] 2024-11-29 16:14:15.706 [TestNG-test-Login Test HRM-1] LogUtils - Open website with URL: https://opensource-demo.orangehrmlive.com/
[INFO ] 2024-11-29 16:14:19.457 [TestNG-test-Login Test HRM-1] LogUtils - Highlight element By.xpath: //button[@type='submit']
[INFO ] 2024-11-29 16:14:20.055 [TestNG-test-Login Test HRM-4] LogUtils - Test case: TC_loginSuccess is starting...
[INFO ] 2024-11-29 16:14:20.062 [TestNG-test-Login Test HRM-4] LogUtils - Set Excel File: src/test/resources/testdataCMS/Login.xlsx
[INFO ] 2024-11-29 16:14:20.062 [TestNG-test-Login Test HRM-4] LogUtils - Sheet Name: Login
[INFO ] 2024-11-29 16:14:20.063 [TestNG-test-Login Test HRM-4] LogUtils - File Excel path not found.
[ERROR] 2024-11-29 16:14:20.064 [TestNG-test-Login Test HRM-4] LogUtils - src\test\resources\testdataCMS\Login.xlsx (The system cannot find the path specified)
[ERROR] 2024-11-29 16:14:20.068 [TestNG-test-Login Test HRM-4] LogUtils - FAILED !! Test case TC_loginSuccess is failed.
[ERROR] 2024-11-29 16:14:20.070 [TestNG-test-Login Test HRM-4] LogUtils - java.lang.NullPointerException: Cannot invoke "java.lang.Integer.intValue()" because the return value of "java.util.Map.get(Object)" is null
[INFO ] 2024-11-29 16:14:20.072 [TestNG-test-Login Test HRM-4] LogUtils - Driver for Screenshot: ChromeDriver: chrome on windows (ca9265cc7fbd49f8fb7fe25ff33d594c)
[INFO ] 2024-11-29 16:14:20.090 [TestNG-test-Login Test HRM-2] LogUtils - Test case: TC_loginFailWithInvalidEmai is starting...
[INFO ] 2024-11-29 16:14:20.095 [TestNG-test-Login Test HRM-2] LogUtils - Set Excel File: src/test/resources/testdataCMS/Login.xlsx
[INFO ] 2024-11-29 16:14:20.095 [TestNG-test-Login Test HRM-2] LogUtils - Sheet Name: Login
[INFO ] 2024-11-29 16:14:20.095 [TestNG-test-Login Test HRM-2] LogUtils - File Excel path not found.
[ERROR] 2024-11-29 16:14:20.096 [TestNG-test-Login Test HRM-2] LogUtils - src\test\resources\testdataCMS\Login.xlsx (The system cannot find the path specified)
[INFO ] 2024-11-29 16:14:20.117 [TestNG-test-Login Test HRM-3] LogUtils - Test case: TC_loginFailWithEmailDoesNotExist is starting...
[ERROR] 2024-11-29 16:14:20.118 [TestNG-test-Login Test HRM-2] LogUtils - FAILED !! Test case TC_loginFailWithInvalidEmai is failed.
[ERROR] 2024-11-29 16:14:20.118 [TestNG-test-Login Test HRM-2] LogUtils - java.lang.NullPointerException: Cannot invoke "java.lang.Integer.intValue()" because the return value of "java.util.Map.get(Object)" is null
[INFO ] 2024-11-29 16:14:20.119 [TestNG-test-Login Test HRM-2] LogUtils - Driver for Screenshot: ChromeDriver: chrome on windows (f27e10752f3dd7469d823b9d4175c33b)
[INFO ] 2024-11-29 16:14:20.124 [TestNG-test-Login Test HRM-3] LogUtils - Set Excel File: src/test/resources/testdataCMS/Login.xlsx
[INFO ] 2024-11-29 16:14:20.124 [TestNG-test-Login Test HRM-3] LogUtils - Sheet Name: Login
[INFO ] 2024-11-29 16:14:20.127 [TestNG-test-Login Test HRM-3] LogUtils - File Excel path not found.
[ERROR] 2024-11-29 16:14:20.129 [TestNG-test-Login Test HRM-3] LogUtils - src\test\resources\testdataCMS\Login.xlsx (The system cannot find the path specified)
[INFO ] 2024-11-29 16:14:20.129 [TestNG-test-Login Test HRM-1] LogUtils - Clicked on the element By.xpath: //button[@type='submit']
[ERROR] 2024-11-29 16:14:20.133 [TestNG-test-Login Test HRM-3] LogUtils - FAILED !! Test case TC_loginFailWithEmailDoesNotExist is failed.
[ERROR] 2024-11-29 16:14:20.134 [TestNG-test-Login Test HRM-3] LogUtils - java.lang.NullPointerException: Cannot invoke "java.lang.Integer.intValue()" because the return value of "java.util.Map.get(Object)" is null
[INFO ] 2024-11-29 16:14:20.134 [TestNG-test-Login Test HRM-3] LogUtils - Driver for Screenshot: ChromeDriver: chrome on windows (050911f7b292953b5d00c3b257a9276a)
[INFO ] 2024-11-29 16:15:07.337 [TestNG-test-Login Test HRM-3] LogUtils - Screenshot taken: TC_loginFailWithEmailDoesNotExist
[INFO ] 2024-11-29 16:15:07.337 [TestNG-test-Login Test HRM-2] LogUtils - Screenshot taken: TC_loginFailWithInvalidEmai
[INFO ] 2024-11-29 16:15:07.337 [TestNG-test-Login Test HRM-4] LogUtils - Screenshot taken: TC_loginSuccess
[INFO ] 2024-11-29 16:16:10.284 [main] LogUtils - Loaded all properties files.
[INFO ] 2024-11-29 16:16:10.327 [main] LogUtils - ********** RUN STARTED **********
[INFO ] 2024-11-29 16:16:10.327 [main] LogUtils - ========= INSTALLING CONFIGURATION DATA =========
[INFO ] 2024-11-29 16:16:10.328 [main] LogUtils - Loaded all properties files.
[INFO ] 2024-11-29 16:16:10.523 [main] LogUtils - OVERRIDE EXTENT REPORTS = yes
[INFO ] 2024-11-29 16:16:10.523 [main] LogUtils - Link Extent Report: H:\github\Selenium-Java\reports/ExtentReports\ExtentReports.html
[INFO ] 2024-11-29 16:16:10.672 [main] LogUtils - Extent Reports is installed.
[INFO ] 2024-11-29 16:16:10.673 [main] LogUtils - ========= INSTALLED CONFIGURATION DATA =========
[INFO ] 2024-11-29 16:16:10.673 [main] LogUtils - =====> Starting Suite: Regression Tests CMS
[INFO ] 2024-11-29 16:16:13.746 [TestNG-test-Login Test HRM-1] LogUtils - Test case: TC_loginFailWithEmailNull is starting...
[INFO ] 2024-11-29 16:16:13.746 [TestNG-test-Login Test HRM-4] LogUtils - Test case: TC_loginSuccess is starting...
[INFO ] 2024-11-29 16:16:13.746 [TestNG-test-Login Test HRM-2] LogUtils - Test case: TC_loginFailWithInvalidEmai is starting...
[INFO ] 2024-11-29 16:16:13.746 [TestNG-test-Login Test HRM-3] LogUtils - Test case: TC_loginFailWithEmailDoesNotExist is starting...
[INFO ] 2024-11-29 16:16:13.828 [TestNG-test-Login Test HRM-2] LogUtils - Set Excel File: src/test/resources/testdataCMS/Login.xlsx
[INFO ] 2024-11-29 16:16:30.609 [TestNG-test-Login Test HRM-2] LogUtils - Sheet Name: Login
[INFO ] 2024-11-29 16:16:30.610 [TestNG-test-Login Test HRM-4] LogUtils - Set Excel File: src/test/resources/testdataCMS/Login.xlsx
[INFO ] 2024-11-29 16:16:30.610 [TestNG-test-Login Test HRM-2] LogUtils - File Excel path not found.
[INFO ] 2024-11-29 16:16:30.688 [TestNG-test-Login Test HRM-4] LogUtils - Sheet Name: Login
[INFO ] 2024-11-29 16:16:30.688 [TestNG-test-Login Test HRM-4] LogUtils - File Excel path not found.
[INFO ] 2024-11-29 16:16:30.689 [TestNG-test-Login Test HRM-3] LogUtils - Set Excel File: src/test/resources/testdataCMS/Login.xlsx
[INFO ] 2024-11-29 16:16:30.689 [TestNG-test-Login Test HRM-3] LogUtils - Sheet Name: Login
[INFO ] 2024-11-29 16:16:30.689 [TestNG-test-Login Test HRM-3] LogUtils - File Excel path not found.
[ERROR] 2024-11-29 16:16:30.693 [TestNG-test-Login Test HRM-2] LogUtils - src\test\resources\testdataCMS\Login.xlsx (The system cannot find the path specified)
[ERROR] 2024-11-29 16:16:30.704 [TestNG-test-Login Test HRM-3] LogUtils - src\test\resources\testdataCMS\Login.xlsx (The system cannot find the path specified)
[ERROR] 2024-11-29 16:16:30.705 [TestNG-test-Login Test HRM-4] LogUtils - src\test\resources\testdataCMS\Login.xlsx (The system cannot find the path specified)
[WARN ] 2024-11-29 16:16:58.777 [TestNG-test-Login Test HRM-2] LogUtils - WARNING!! Test case: TC_loginFailWithInvalidEmai is skipped.
[WARN ] 2024-11-29 16:16:58.777 [TestNG-test-Login Test HRM-3] LogUtils - WARNING!! Test case: TC_loginFailWithEmailDoesNotExist is skipped.
[WARN ] 2024-11-29 16:16:58.781 [TestNG-test-Login Test HRM-4] LogUtils - WARNING!! Test case: TC_loginSuccess is skipped.
[INFO ] 2024-11-29 16:17:00.686 [TestNG-test-Login Test HRM-2] LogUtils - Test case: TC_loginFailWithInvalidEmai is starting...
[INFO ] 2024-11-29 16:17:00.686 [TestNG-test-Login Test HRM-3] LogUtils - Test case: TC_loginFailWithEmailDoesNotExist is starting...
[INFO ] 2024-11-29 16:17:00.693 [TestNG-test-Login Test HRM-2] LogUtils - Set Excel File: src/test/resources/testdataCMS/Login.xlsx
[INFO ] 2024-11-29 16:17:00.693 [TestNG-test-Login Test HRM-2] LogUtils - Sheet Name: Login
[INFO ] 2024-11-29 16:17:00.693 [TestNG-test-Login Test HRM-2] LogUtils - File Excel path not found.
[ERROR] 2024-11-29 16:17:00.694 [TestNG-test-Login Test HRM-2] LogUtils - src\test\resources\testdataCMS\Login.xlsx (The system cannot find the path specified)
[INFO ] 2024-11-29 16:17:05.891 [TestNG-test-Login Test HRM-3] LogUtils - Set Excel File: src/test/resources/testdataCMS/Login.xlsx
[INFO ] 2024-11-29 16:17:05.892 [TestNG-test-Login Test HRM-3] LogUtils - Sheet Name: Login
[INFO ] 2024-11-29 16:17:05.892 [TestNG-test-Login Test HRM-3] LogUtils - File Excel path not found.
[INFO ] 2024-11-29 16:17:05.894 [TestNG-test-Login Test HRM-4] LogUtils - Test case: TC_loginSuccess is starting...
[ERROR] 2024-11-29 16:17:05.894 [TestNG-test-Login Test HRM-2] LogUtils - FAILED !! Test case TC_loginFailWithInvalidEmai is failed.
[ERROR] 2024-11-29 16:17:05.895 [TestNG-test-Login Test HRM-2] LogUtils - java.lang.NullPointerException: Cannot invoke "java.lang.Integer.intValue()" because the return value of "java.util.Map.get(Object)" is null
[INFO ] 2024-11-29 16:17:05.904 [TestNG-test-Login Test HRM-4] LogUtils - Set Excel File: src/test/resources/testdataCMS/Login.xlsx
[INFO ] 2024-11-29 16:17:05.904 [TestNG-test-Login Test HRM-4] LogUtils - Sheet Name: Login
[INFO ] 2024-11-29 16:17:05.904 [TestNG-test-Login Test HRM-4] LogUtils - File Excel path not found.
[ERROR] 2024-11-29 16:17:05.904 [TestNG-test-Login Test HRM-3] LogUtils - src\test\resources\testdataCMS\Login.xlsx (The system cannot find the path specified)
[INFO ] 2024-11-29 16:17:05.904 [TestNG-test-Login Test HRM-2] LogUtils - Driver for Screenshot: ChromeDriver: chrome on windows (2f8736bc5dba231b778618f1d9a44936)
[ERROR] 2024-11-29 16:17:05.905 [TestNG-test-Login Test HRM-4] LogUtils - src\test\resources\testdataCMS\Login.xlsx (The system cannot find the path specified)
[ERROR] 2024-11-29 16:17:12.416 [TestNG-test-Login Test HRM-4] LogUtils - FAILED !! Test case TC_loginSuccess is failed.
[ERROR] 2024-11-29 16:17:12.941 [TestNG-test-Login Test HRM-4] LogUtils - java.lang.NullPointerException: Cannot invoke "java.lang.Integer.intValue()" because the return value of "java.util.Map.get(Object)" is null
[INFO ] 2024-11-29 16:17:12.943 [TestNG-test-Login Test HRM-4] LogUtils - Driver for Screenshot: ChromeDriver: chrome on windows (d18cd449615c41e12706a0171fb47e32)
[INFO ] 2024-11-29 16:17:12.944 [TestNG-test-Login Test HRM-1] LogUtils - Open website with URL: https://opensource-demo.orangehrmlive.com/
[ERROR] 2024-11-29 16:17:26.306 [TestNG-test-Login Test HRM-3] LogUtils - FAILED !! Test case TC_loginFailWithEmailDoesNotExist is failed.
[ERROR] 2024-11-29 16:17:26.307 [TestNG-test-Login Test HRM-3] LogUtils - java.lang.NullPointerException: Cannot invoke "java.lang.Integer.intValue()" because the return value of "java.util.Map.get(Object)" is null
[INFO ] 2024-11-29 16:17:26.307 [TestNG-test-Login Test HRM-3] LogUtils - Driver for Screenshot: ChromeDriver: chrome on windows (c2991ba155dfd8fb1854f1ac33532d89)
[INFO ] 2024-11-29 16:17:26.334 [TestNG-test-Login Test HRM-4] LogUtils - Screenshot taken: TC_loginSuccess
[INFO ] 2024-11-29 16:17:26.334 [TestNG-test-Login Test HRM-2] LogUtils - Screenshot taken: TC_loginFailWithInvalidEmai
[INFO ] 2024-11-29 16:17:26.374 [TestNG-test-Login Test HRM-2] LogUtils - Screenshot taken current URL: data:,
[INFO ] 2024-11-29 16:17:26.374 [TestNG-test-Login Test HRM-4] LogUtils - Screenshot taken current URL: data:,
[INFO ] 2024-11-29 16:17:26.532 [TestNG-test-Login Test HRM-1] LogUtils - Highlight element By.xpath: //button[@type='submit']
[INFO ] 2024-11-29 16:17:26.664 [TestNG-test-Login Test HRM-1] LogUtils - Clicked on the element By.xpath: //button[@type='submit']
[INFO ] 2024-11-29 16:17:26.886 [TestNG-test-Login Test HRM-3] LogUtils - Screenshot taken: TC_loginFailWithEmailDoesNotExist
[INFO ] 2024-11-29 16:17:26.896 [TestNG-test-Login Test HRM-3] LogUtils - Screenshot taken current URL: data:,
[ERROR] 2024-11-29 16:17:36.724 [TestNG-test-Login Test HRM-1] LogUtils - ❌ Element not exist. (waitForElementPresent) By.xpath: //p[contains(@class, 'oxd-alert-content-text')]
[WARN ] 2024-11-29 16:17:36.741 [TestNG-test-Login Test HRM-1] LogUtils - WARNING!! Test case: TC_loginFailWithEmailNull is skipped.
[INFO ] 2024-11-29 16:17:37.889 [TestNG-test-Login Test HRM-1] LogUtils - Test case: TC_loginFailWithEmailNull is starting...
[INFO ] 2024-11-29 16:18:21.486 [TestNG-test-Login Test HRM-1] LogUtils - Open website with URL: https://opensource-demo.orangehrmlive.com/
[INFO ] 2024-11-29 16:18:34.038 [TestNG-test-Login Test HRM-1] LogUtils - Highlight element By.xpath: //button[@type='submit']
[INFO ] 2024-11-29 16:18:34.206 [TestNG-test-Login Test HRM-1] LogUtils - Clicked on the element By.xpath: //button[@type='submit']
[ERROR] 2024-11-29 16:19:25.842 [TestNG-test-Login Test HRM-1] LogUtils - ❌ Element not exist. (waitForElementPresent) By.xpath: //p[contains(@class, 'oxd-alert-content-text')]
[ERROR] 2024-11-29 16:22:56.962 [TestNG-test-Login Test HRM-1] LogUtils - FAILED !! Test case TC_loginFailWithEmailNull is failed.
[ERROR] 2024-11-29 16:22:56.963 [TestNG-test-Login Test HRM-1] LogUtils - java.lang.AssertionError: ❌ Element not exist. (waitForElementPresent) By.xpath: //p[contains(@class, 'oxd-alert-content-text')]
[INFO ] 2024-11-29 16:22:56.965 [TestNG-test-Login Test HRM-1] LogUtils - Driver for Screenshot: ChromeDriver: chrome on windows (9df6c6520d1cccf8bd68c8bf90acab31)
[INFO ] 2024-11-29 16:34:02.793 [main] LogUtils - Loaded all properties files.
[INFO ] 2024-11-29 16:34:02.826 [main] LogUtils - ********** RUN STARTED **********
[INFO ] 2024-11-29 16:34:02.827 [main] LogUtils - ========= INSTALLING CONFIGURATION DATA =========
[INFO ] 2024-11-29 16:34:02.827 [main] LogUtils - Loaded all properties files.
[INFO ] 2024-11-29 16:34:02.967 [main] LogUtils - OVERRIDE EXTENT REPORTS = yes
[INFO ] 2024-11-29 16:34:02.967 [main] LogUtils - Link Extent Report: H:\github\Selenium-Java\reports/ExtentReports\ExtentReports.html
[INFO ] 2024-11-29 16:34:03.117 [main] LogUtils - Extent Reports is installed.
[INFO ] 2024-11-29 16:34:03.117 [main] LogUtils - ========= INSTALLED CONFIGURATION DATA =========
[INFO ] 2024-11-29 16:34:03.118 [main] LogUtils - =====> Starting Suite: Regression Tests CMS
[INFO ] 2024-11-29 16:34:06.264 [TestNG-test-Login Test HRM-5] LogUtils - Test case: TC_loginFailWithInvalidPassword is starting...
[INFO ] 2024-11-29 16:34:06.264 [TestNG-test-Login Test HRM-2] LogUtils - Test case: TC_loginFailWithInvalidEmai is starting...
[INFO ] 2024-11-29 16:34:06.265 [TestNG-test-Login Test HRM-3] LogUtils - Test case: TC_loginFailWithInvalidEmail is starting...
[INFO ] 2024-11-29 16:34:06.286 [TestNG-test-Login Test HRM-1] LogUtils - Test case: TC_loginFailWithEmailNull is starting...
[INFO ] 2024-11-29 16:34:06.330 [TestNG-test-Login Test HRM-4] LogUtils - Test case: TC_loginSuccess is starting...
[INFO ] 2024-11-29 16:34:06.355 [TestNG-test-Login Test HRM-5] LogUtils - Set Excel File: src/test/resources/testdataCMS/Login.xlsx
[INFO ] 2024-11-29 16:34:06.355 [TestNG-test-Login Test HRM-4] LogUtils - Set Excel File: src/test/resources/testdataCMS/Login.xlsx
[INFO ] 2024-11-29 16:34:06.355 [TestNG-test-Login Test HRM-5] LogUtils - Sheet Name: Login
[INFO ] 2024-11-29 16:34:06.355 [TestNG-test-Login Test HRM-4] LogUtils - Sheet Name: Login
[INFO ] 2024-11-29 16:34:06.355 [TestNG-test-Login Test HRM-5] LogUtils - File Excel path not found.
[INFO ] 2024-11-29 16:34:06.355 [TestNG-test-Login Test HRM-4] LogUtils - File Excel path not found.
[INFO ] 2024-11-29 16:34:06.356 [TestNG-test-Login Test HRM-3] LogUtils - Set Excel File: src/test/resources/testdataCMS/Login.xlsx
[INFO ] 2024-11-29 16:34:06.356 [TestNG-test-Login Test HRM-3] LogUtils - Sheet Name: Login
[INFO ] 2024-11-29 16:34:06.356 [TestNG-test-Login Test HRM-3] LogUtils - File Excel path not found.
[ERROR] 2024-11-29 16:34:06.358 [TestNG-test-Login Test HRM-4] LogUtils - src\test\resources\testdataCMS\Login.xlsx (The system cannot find the path specified)
[ERROR] 2024-11-29 16:34:06.358 [TestNG-test-Login Test HRM-5] LogUtils - src\test\resources\testdataCMS\Login.xlsx (The system cannot find the path specified)
[ERROR] 2024-11-29 16:34:06.359 [TestNG-test-Login Test HRM-3] LogUtils - src\test\resources\testdataCMS\Login.xlsx (The system cannot find the path specified)
[WARN ] 2024-11-29 16:34:06.380 [TestNG-test-Login Test HRM-5] LogUtils - WARNING!! Test case: TC_loginFailWithInvalidPassword is skipped.
[WARN ] 2024-11-29 16:34:06.380 [TestNG-test-Login Test HRM-4] LogUtils - WARNING!! Test case: TC_loginSuccess is skipped.
[WARN ] 2024-11-29 16:34:06.382 [TestNG-test-Login Test HRM-3] LogUtils - WARNING!! Test case: TC_loginFailWithInvalidEmail is skipped.
[INFO ] 2024-11-29 16:34:07.439 [TestNG-test-Login Test HRM-2] LogUtils - Open website with URL: https://opensource-demo.orangehrmlive.com/
[INFO ] 2024-11-29 16:34:08.139 [TestNG-test-Login Test HRM-2] LogUtils - Highlight element By.xpath: //button[@type='submit']
[INFO ] 2024-11-29 16:34:08.265 [TestNG-test-Login Test HRM-5] LogUtils - Test case: TC_loginFailWithInvalidPassword is starting...
[INFO ] 2024-11-29 16:34:08.271 [TestNG-test-Login Test HRM-5] LogUtils - Set Excel File: src/test/resources/testdataCMS/Login.xlsx
[INFO ] 2024-11-29 16:34:08.271 [TestNG-test-Login Test HRM-5] LogUtils - Sheet Name: Login
[INFO ] 2024-11-29 16:34:08.271 [TestNG-test-Login Test HRM-5] LogUtils - File Excel path not found.
[ERROR] 2024-11-29 16:34:08.273 [TestNG-test-Login Test HRM-5] LogUtils - src\test\resources\testdataCMS\Login.xlsx (The system cannot find the path specified)
[ERROR] 2024-11-29 16:34:08.279 [TestNG-test-Login Test HRM-5] LogUtils - FAILED !! Test case TC_loginFailWithInvalidPassword is failed.
[ERROR] 2024-11-29 16:34:08.280 [TestNG-test-Login Test HRM-5] LogUtils - java.lang.NullPointerException: Cannot invoke "java.lang.Integer.intValue()" because the return value of "java.util.Map.get(Object)" is null
[INFO ] 2024-11-29 16:34:08.283 [TestNG-test-Login Test HRM-5] LogUtils - Driver for Screenshot: ChromeDriver: chrome on windows (00d35fa1c5c04643aaf3bbe2538c1400)
[INFO ] 2024-11-29 16:34:08.519 [TestNG-test-Login Test HRM-4] LogUtils - Test case: TC_loginSuccess is starting...
[INFO ] 2024-11-29 16:34:08.523 [TestNG-test-Login Test HRM-4] LogUtils - Set Excel File: src/test/resources/testdataCMS/Login.xlsx
[INFO ] 2024-11-29 16:34:08.523 [TestNG-test-Login Test HRM-4] LogUtils - Sheet Name: Login
[INFO ] 2024-11-29 16:34:08.524 [TestNG-test-Login Test HRM-4] LogUtils - File Excel path not found.
[ERROR] 2024-11-29 16:34:08.525 [TestNG-test-Login Test HRM-4] LogUtils - src\test\resources\testdataCMS\Login.xlsx (The system cannot find the path specified)
[ERROR] 2024-11-29 16:34:08.527 [TestNG-test-Login Test HRM-4] LogUtils - FAILED !! Test case TC_loginSuccess is failed.
[ERROR] 2024-11-29 16:34:08.528 [TestNG-test-Login Test HRM-4] LogUtils - java.lang.NullPointerException: Cannot invoke "java.lang.Integer.intValue()" because the return value of "java.util.Map.get(Object)" is null
[INFO ] 2024-11-29 16:34:08.528 [TestNG-test-Login Test HRM-4] LogUtils - Driver for Screenshot: ChromeDriver: chrome on windows (416131c0e962bd4cbb636577422a8dc9)
[INFO ] 2024-11-29 16:34:08.606 [TestNG-test-Login Test HRM-3] LogUtils - Test case: TC_loginFailWithInvalidEmail is starting...
[INFO ] 2024-11-29 16:34:08.610 [TestNG-test-Login Test HRM-3] LogUtils - Set Excel File: src/test/resources/testdataCMS/Login.xlsx
[INFO ] 2024-11-29 16:34:08.610 [TestNG-test-Login Test HRM-3] LogUtils - Sheet Name: Login
[INFO ] 2024-11-29 16:34:08.611 [TestNG-test-Login Test HRM-3] LogUtils - File Excel path not found.
[ERROR] 2024-11-29 16:34:08.611 [TestNG-test-Login Test HRM-3] LogUtils - src\test\resources\testdataCMS\Login.xlsx (The system cannot find the path specified)
[ERROR] 2024-11-29 16:34:08.614 [TestNG-test-Login Test HRM-3] LogUtils - FAILED !! Test case TC_loginFailWithInvalidEmail is failed.
[ERROR] 2024-11-29 16:34:08.615 [TestNG-test-Login Test HRM-3] LogUtils - java.lang.NullPointerException: Cannot invoke "java.lang.Integer.intValue()" because the return value of "java.util.Map.get(Object)" is null
[INFO ] 2024-11-29 16:34:08.615 [TestNG-test-Login Test HRM-3] LogUtils - Driver for Screenshot: ChromeDriver: chrome on windows (6825109181addfb5658eb415936e3716)
[INFO ] 2024-11-29 16:34:08.667 [TestNG-test-Login Test HRM-2] LogUtils - Clicked on the element By.xpath: //button[@type='submit']
[INFO ] 2024-11-29 16:34:08.742 [TestNG-test-Login Test HRM-1] LogUtils - Open website with URL: https://opensource-demo.orangehrmlive.com/
[INFO ] 2024-11-29 16:34:08.846 [TestNG-test-Login Test HRM-2] LogUtils - Verify Equals: Required = Required
[INFO ] 2024-11-29 16:34:08.848 [TestNG-test-Login Test HRM-2] LogUtils - Test case: TC_loginFailWithInvalidEmai is passed.
[INFO ] 2024-11-29 16:34:08.849 [TestNG-test-Login Test HRM-2] LogUtils - Driver for Screenshot: ChromeDriver: chrome on windows (823c9732477028c3beb62666280bf153)
[INFO ] 2024-11-29 16:34:08.912 [TestNG-test-Login Test HRM-5] LogUtils - Screenshot taken: TC_loginFailWithInvalidPassword
[INFO ] 2024-11-29 16:34:08.922 [TestNG-test-Login Test HRM-5] LogUtils - Screenshot taken current URL: data:,
[INFO ] 2024-11-29 16:34:09.031 [TestNG-test-Login Test HRM-4] LogUtils - Screenshot taken: TC_loginSuccess
[INFO ] 2024-11-29 16:34:09.042 [TestNG-test-Login Test HRM-4] LogUtils - Screenshot taken current URL: data:,
[INFO ] 2024-11-29 16:34:09.107 [TestNG-test-Login Test HRM-3] LogUtils - Screenshot taken: TC_loginFailWithInvalidEmail
[INFO ] 2024-11-29 16:34:09.117 [TestNG-test-Login Test HRM-3] LogUtils - Screenshot taken current URL: data:,
[INFO ] 2024-11-29 16:34:09.348 [TestNG-test-Login Test HRM-2] LogUtils - Screenshot taken: TC_loginFailWithInvalidEmai
[INFO ] 2024-11-29 16:34:09.357 [TestNG-test-Login Test HRM-2] LogUtils - Screenshot taken current URL: https://opensource-demo.orangehrmlive.com/web/index.php/auth/login
[INFO ] 2024-11-29 16:34:09.388 [TestNG-test-Login Test HRM-1] LogUtils - Highlight element By.xpath: //button[@type='submit']
[INFO ] 2024-11-29 16:34:09.611 [TestNG-test-Login Test HRM-1] LogUtils - Clicked on the element By.xpath: //button[@type='submit']
[INFO ] 2024-11-29 16:34:09.864 [TestNG-test-Login Test HRM-1] LogUtils - Verify Equals: Required = Required
[INFO ] 2024-11-29 16:34:09.865 [TestNG-test-Login Test HRM-1] LogUtils - Test case: TC_loginFailWithEmailNull is passed.
[INFO ] 2024-11-29 16:34:09.866 [TestNG-test-Login Test HRM-1] LogUtils - Driver for Screenshot: ChromeDriver: chrome on windows (8cc07e12b181abcd8e08fff76470d891)
[INFO ] 2024-11-29 16:34:10.273 [TestNG-test-Login Test HRM-1] LogUtils - Screenshot taken: TC_loginFailWithEmailNull
[INFO ] 2024-11-29 16:34:10.281 [TestNG-test-Login Test HRM-1] LogUtils - Screenshot taken current URL: https://opensource-demo.orangehrmlive.com/web/index.php/auth/login
[INFO ] 2024-11-29 16:34:10.796 [main] LogUtils - ********** RUN FINISHED **********
[INFO ] 2024-11-29 16:34:10.796 [main] LogUtils - =====> End Suite: Regression Tests CMS
[INFO ] 2024-11-29 16:46:07.398 [main] LogUtils - Loaded all properties files.
[INFO ] 2024-11-29 16:46:07.433 [main] LogUtils - ********** RUN STARTED **********
[INFO ] 2024-11-29 16:46:07.433 [main] LogUtils - ========= INSTALLING CONFIGURATION DATA =========
[INFO ] 2024-11-29 16:46:07.435 [main] LogUtils - Loaded all properties files.
[INFO ] 2024-11-29 16:46:07.585 [main] LogUtils - OVERRIDE EXTENT REPORTS = yes
[INFO ] 2024-11-29 16:46:07.585 [main] LogUtils - Link Extent Report: H:\github\Selenium-Java\reports/ExtentReports\ExtentReports.html
[INFO ] 2024-11-29 16:46:07.755 [main] LogUtils - Extent Reports is installed.
[INFO ] 2024-11-29 16:46:07.755 [main] LogUtils - ========= INSTALLED CONFIGURATION DATA =========
[INFO ] 2024-11-29 16:46:07.755 [main] LogUtils - =====> Starting Suite: Regression Tests CMS
[INFO ] 2024-11-29 16:46:10.845 [TestNG-test-Login Test HRM-1] LogUtils - Test case: TC_loginFailWithEmailNull is starting...
[INFO ] 2024-11-29 16:46:10.845 [TestNG-test-Login Test HRM-4] LogUtils - Test case: TC_loginSuccess is starting...
[INFO ] 2024-11-29 16:46:10.845 [TestNG-test-Login Test HRM-5] LogUtils - Test case: TC_loginFailWithInvalidPassword is starting...
[INFO ] 2024-11-29 16:46:10.845 [TestNG-test-Login Test HRM-2] LogUtils - Test case: TC_loginFailWithInvalidEmai is starting...
[INFO ] 2024-11-29 16:46:10.845 [TestNG-test-Login Test HRM-3] LogUtils - Test case: TC_loginFailWithInvalidEmail is starting...
[INFO ] 2024-11-29 16:46:10.971 [TestNG-test-Login Test HRM-2] LogUtils - Set Excel File: src/test/resources/testdataCMS/Login.xlsx
[INFO ] 2024-11-29 16:46:10.971 [TestNG-test-Login Test HRM-4] LogUtils - Set Excel File: src/test/resources/testdataCMS/Login.xlsx
[INFO ] 2024-11-29 16:46:10.971 [TestNG-test-Login Test HRM-3] LogUtils - Set Excel File: src/test/resources/testdataCMS/Login.xlsx
[INFO ] 2024-11-29 16:46:10.971 [TestNG-test-Login Test HRM-1] LogUtils - Set Excel File: src/test/resources/testdataCMS/Login.xlsx
[INFO ] 2024-11-29 16:46:10.971 [TestNG-test-Login Test HRM-4] LogUtils - Sheet Name: Login
[INFO ] 2024-11-29 16:46:10.972 [TestNG-test-Login Test HRM-5] LogUtils - Set Excel File: src/test/resources/testdataCMS/Login.xlsx
[INFO ] 2024-11-29 16:46:10.972 [TestNG-test-Login Test HRM-1] LogUtils - Sheet Name: Login
[INFO ] 2024-11-29 16:46:10.972 [TestNG-test-Login Test HRM-2] LogUtils - Sheet Name: Login
[INFO ] 2024-11-29 16:46:10.972 [TestNG-test-Login Test HRM-3] LogUtils - Sheet Name: Login
[INFO ] 2024-11-29 16:46:10.972 [TestNG-test-Login Test HRM-4] LogUtils - File Excel path not found.
[INFO ] 2024-11-29 16:46:10.972 [TestNG-test-Login Test HRM-1] LogUtils - File Excel path not found.
[INFO ] 2024-11-29 16:46:10.972 [TestNG-test-Login Test HRM-3] LogUtils - File Excel path not found.
[INFO ] 2024-11-29 16:46:10.972 [TestNG-test-Login Test HRM-2] LogUtils - File Excel path not found.
[INFO ] 2024-11-29 16:46:10.972 [TestNG-test-Login Test HRM-5] LogUtils - Sheet Name: Login
[INFO ] 2024-11-29 16:46:10.973 [TestNG-test-Login Test HRM-5] LogUtils - File Excel path not found.
[ERROR] 2024-11-29 16:46:10.974 [TestNG-test-Login Test HRM-3] LogUtils - src\test\resources\testdataCMS\Login.xlsx (The system cannot find the path specified)
[ERROR] 2024-11-29 16:46:10.975 [TestNG-test-Login Test HRM-1] LogUtils - src\test\resources\testdataCMS\Login.xlsx (The system cannot find the path specified)
[ERROR] 2024-11-29 16:46:10.975 [TestNG-test-Login Test HRM-2] LogUtils - src\test\resources\testdataCMS\Login.xlsx (The system cannot find the path specified)
[ERROR] 2024-11-29 16:46:10.976 [TestNG-test-Login Test HRM-4] LogUtils - src\test\resources\testdataCMS\Login.xlsx (The system cannot find the path specified)
[ERROR] 2024-11-29 16:46:10.977 [TestNG-test-Login Test HRM-5] LogUtils - src\test\resources\testdataCMS\Login.xlsx (The system cannot find the path specified)
[WARN ] 2024-11-29 16:46:11.002 [TestNG-test-Login Test HRM-5] LogUtils - WARNING!! Test case: TC_loginFailWithInvalidPassword is skipped.
[WARN ] 2024-11-29 16:46:11.002 [TestNG-test-Login Test HRM-3] LogUtils - WARNING!! Test case: TC_loginFailWithInvalidEmail is skipped.
[WARN ] 2024-11-29 16:46:11.002 [TestNG-test-Login Test HRM-1] LogUtils - WARNING!! Test case: TC_loginFailWithEmailNull is skipped.
[WARN ] 2024-11-29 16:46:11.002 [TestNG-test-Login Test HRM-2] LogUtils - WARNING!! Test case: TC_loginFailWithInvalidEmai is skipped.
[WARN ] 2024-11-29 16:46:11.002 [TestNG-test-Login Test HRM-4] LogUtils - WARNING!! Test case: TC_loginSuccess is skipped.
[INFO ] 2024-11-29 16:46:13.820 [TestNG-test-Login Test HRM-4] LogUtils - Test case: TC_loginSuccess is starting...
[INFO ] 2024-11-29 16:46:13.826 [TestNG-test-Login Test HRM-4] LogUtils - Set Excel File: src/test/resources/testdataCMS/Login.xlsx
[INFO ] 2024-11-29 16:46:13.826 [TestNG-test-Login Test HRM-4] LogUtils - Sheet Name: Login
[INFO ] 2024-11-29 16:46:13.826 [TestNG-test-Login Test HRM-4] LogUtils - File Excel path not found.
[ERROR] 2024-11-29 16:46:13.827 [TestNG-test-Login Test HRM-4] LogUtils - src\test\resources\testdataCMS\Login.xlsx (The system cannot find the path specified)
[ERROR] 2024-11-29 16:46:13.831 [TestNG-test-Login Test HRM-4] LogUtils - FAILED !! Test case TC_loginSuccess is failed.
[INFO ] 2024-11-29 16:46:13.833 [TestNG-test-Login Test HRM-5] LogUtils - Test case: TC_loginFailWithInvalidPassword is starting...
[ERROR] 2024-11-29 16:46:13.833 [TestNG-test-Login Test HRM-4] LogUtils - java.lang.NullPointerException: Cannot invoke "java.lang.Integer.intValue()" because the return value of "java.util.Map.get(Object)" is null
[INFO ] 2024-11-29 16:46:13.836 [TestNG-test-Login Test HRM-4] LogUtils - Driver for Screenshot: ChromeDriver: chrome on windows (d92e0fef9e459b71737ad1f1ded790c2)
[INFO ] 2024-11-29 16:46:13.837 [TestNG-test-Login Test HRM-5] LogUtils - Set Excel File: src/test/resources/testdataCMS/Login.xlsx
[INFO ] 2024-11-29 16:46:13.837 [TestNG-test-Login Test HRM-5] LogUtils - Sheet Name: Login
[INFO ] 2024-11-29 16:46:13.838 [TestNG-test-Login Test HRM-5] LogUtils - File Excel path not found.
[ERROR] 2024-11-29 16:46:13.840 [TestNG-test-Login Test HRM-5] LogUtils - src\test\resources\testdataCMS\Login.xlsx (The system cannot find the path specified)
[ERROR] 2024-11-29 16:46:13.843 [TestNG-test-Login Test HRM-5] LogUtils - FAILED !! Test case TC_loginFailWithInvalidPassword is failed.
[ERROR] 2024-11-29 16:46:13.843 [TestNG-test-Login Test HRM-5] LogUtils - java.lang.NullPointerException: Cannot invoke "java.lang.Integer.intValue()" because the return value of "java.util.Map.get(Object)" is null
[INFO ] 2024-11-29 16:46:13.844 [TestNG-test-Login Test HRM-5] LogUtils - Driver for Screenshot: ChromeDriver: chrome on windows (7c874e05f8e7dd2b0ec0ddb606ffe2b8)
[INFO ] 2024-11-29 16:46:13.848 [TestNG-test-Login Test HRM-3] LogUtils - Test case: TC_loginFailWithInvalidEmail is starting...
[INFO ] 2024-11-29 16:46:13.851 [TestNG-test-Login Test HRM-1] LogUtils - Test case: TC_loginFailWithEmailNull is starting...
[INFO ] 2024-11-29 16:46:13.852 [TestNG-test-Login Test HRM-3] LogUtils - Set Excel File: src/test/resources/testdataCMS/Login.xlsx
[INFO ] 2024-11-29 16:46:13.853 [TestNG-test-Login Test HRM-3] LogUtils - Sheet Name: Login
[INFO ] 2024-11-29 16:46:13.853 [TestNG-test-Login Test HRM-3] LogUtils - File Excel path not found.
[ERROR] 2024-11-29 16:46:13.854 [TestNG-test-Login Test HRM-3] LogUtils - src\test\resources\testdataCMS\Login.xlsx (The system cannot find the path specified)
[INFO ] 2024-11-29 16:46:13.855 [TestNG-test-Login Test HRM-2] LogUtils - Test case: TC_loginFailWithInvalidEmai is starting...
[INFO ] 2024-11-29 16:46:13.856 [TestNG-test-Login Test HRM-1] LogUtils - Set Excel File: src/test/resources/testdataCMS/Login.xlsx
[INFO ] 2024-11-29 16:46:13.856 [TestNG-test-Login Test HRM-1] LogUtils - Sheet Name: Login
[ERROR] 2024-11-29 16:46:13.857 [TestNG-test-Login Test HRM-3] LogUtils - FAILED !! Test case TC_loginFailWithInvalidEmail is failed.
[INFO ] 2024-11-29 16:46:13.856 [TestNG-test-Login Test HRM-1] LogUtils - File Excel path not found.
[ERROR] 2024-11-29 16:46:13.857 [TestNG-test-Login Test HRM-3] LogUtils - java.lang.NullPointerException: Cannot invoke "java.lang.Integer.intValue()" because the return value of "java.util.Map.get(Object)" is null
[INFO ] 2024-11-29 16:46:13.857 [TestNG-test-Login Test HRM-3] LogUtils - Driver for Screenshot: ChromeDriver: chrome on windows (6b5468954328094873c0872e7d42812c)
[ERROR] 2024-11-29 16:46:13.858 [TestNG-test-Login Test HRM-1] LogUtils - src\test\resources\testdataCMS\Login.xlsx (The system cannot find the path specified)
[INFO ] 2024-11-29 16:46:13.860 [TestNG-test-Login Test HRM-2] LogUtils - Set Excel File: src/test/resources/testdataCMS/Login.xlsx
[INFO ] 2024-11-29 16:46:13.860 [TestNG-test-Login Test HRM-2] LogUtils - Sheet Name: Login
[INFO ] 2024-11-29 16:46:13.860 [TestNG-test-Login Test HRM-2] LogUtils - File Excel path not found.
[ERROR] 2024-11-29 16:46:13.861 [TestNG-test-Login Test HRM-1] LogUtils - FAILED !! Test case TC_loginFailWithEmailNull is failed.
[ERROR] 2024-11-29 16:46:13.861 [TestNG-test-Login Test HRM-1] LogUtils - java.lang.NullPointerException: Cannot invoke "java.lang.Integer.intValue()" because the return value of "java.util.Map.get(Object)" is null
[INFO ] 2024-11-29 16:46:13.862 [TestNG-test-Login Test HRM-1] LogUtils - Driver for Screenshot: ChromeDriver: chrome on windows (dd4d80975f868efe393224142452bf45)
[ERROR] 2024-11-29 16:46:13.862 [TestNG-test-Login Test HRM-2] LogUtils - src\test\resources\testdataCMS\Login.xlsx (The system cannot find the path specified)
[ERROR] 2024-11-29 16:46:13.865 [TestNG-test-Login Test HRM-2] LogUtils - FAILED !! Test case TC_loginFailWithInvalidEmai is failed.
[ERROR] 2024-11-29 16:46:13.865 [TestNG-test-Login Test HRM-2] LogUtils - java.lang.NullPointerException: Cannot invoke "java.lang.Integer.intValue()" because the return value of "java.util.Map.get(Object)" is null
[INFO ] 2024-11-29 16:46:13.866 [TestNG-test-Login Test HRM-2] LogUtils - Driver for Screenshot: ChromeDriver: chrome on windows (d5f105bc11df55a1bc697810650d8916)
[INFO ] 2024-11-29 16:46:14.277 [TestNG-test-Login Test HRM-3] LogUtils - Screenshot taken: TC_loginFailWithInvalidEmail
[INFO ] 2024-11-29 16:46:14.277 [TestNG-test-Login Test HRM-4] LogUtils - Screenshot taken: TC_loginSuccess
[INFO ] 2024-11-29 16:46:14.280 [TestNG-test-Login Test HRM-1] LogUtils - Screenshot taken: TC_loginFailWithEmailNull
[INFO ] 2024-11-29 16:46:14.281 [TestNG-test-Login Test HRM-5] LogUtils - Screenshot taken: TC_loginFailWithInvalidPassword
[INFO ] 2024-11-29 16:46:14.288 [TestNG-test-Login Test HRM-4] LogUtils - Screenshot taken current URL: data:,
[INFO ] 2024-11-29 16:46:14.288 [TestNG-test-Login Test HRM-3] LogUtils - Screenshot taken current URL: data:,
[INFO ] 2024-11-29 16:46:14.290 [TestNG-test-Login Test HRM-1] LogUtils - Screenshot taken current URL: data:,
[INFO ] 2024-11-29 16:46:14.290 [TestNG-test-Login Test HRM-5] LogUtils - Screenshot taken current URL: data:,
[INFO ] 2024-11-29 16:46:14.305 [TestNG-test-Login Test HRM-2] LogUtils - Screenshot taken: TC_loginFailWithInvalidEmai
[INFO ] 2024-11-29 16:46:14.313 [TestNG-test-Login Test HRM-2] LogUtils - Screenshot taken current URL: data:,
[INFO ] 2024-11-29 16:46:15.206 [main] LogUtils - ********** RUN FINISHED **********
[INFO ] 2024-11-29 16:46:15.206 [main] LogUtils - =====> End Suite: Regression Tests CMS
[INFO ] 2024-11-29 16:49:21.379 [main] LogUtils - Loaded all properties files.
[INFO ] 2024-11-29 16:49:21.428 [main] LogUtils - ********** RUN STARTED **********
[INFO ] 2024-11-29 16:49:21.428 [main] LogUtils - ========= INSTALLING CONFIGURATION DATA =========
[INFO ] 2024-11-29 16:49:21.429 [main] LogUtils - Loaded all properties files.
[INFO ] 2024-11-29 16:49:21.609 [main] LogUtils - OVERRIDE EXTENT REPORTS = yes
[INFO ] 2024-11-29 16:49:21.609 [main] LogUtils - Link Extent Report: H:\github\Selenium-Java\reports/ExtentReports\ExtentReports.html
[INFO ] 2024-11-29 16:49:21.762 [main] LogUtils - Extent Reports is installed.
[INFO ] 2024-11-29 16:49:21.763 [main] LogUtils - ========= INSTALLED CONFIGURATION DATA =========
[INFO ] 2024-11-29 16:49:21.763 [main] LogUtils - =====> Starting Suite: Regression Tests CMS
[INFO ] 2024-11-29 16:49:24.947 [TestNG-test-Login Test HRM-5] LogUtils - Test case: TC_loginFailWithInvalidPassword is starting...
[INFO ] 2024-11-29 16:49:24.947 [TestNG-test-Login Test HRM-1] LogUtils - Test case: TC_loginFailWithEmailNull is starting...
[INFO ] 2024-11-29 16:49:24.947 [TestNG-test-Login Test HRM-2] LogUtils - Test case: TC_loginFailWithInvalidEmai is starting...
[INFO ] 2024-11-29 16:49:24.948 [TestNG-test-Login Test HRM-4] LogUtils - Test case: TC_loginSuccess is starting...
[INFO ] 2024-11-29 16:49:24.947 [TestNG-test-Login Test HRM-3] LogUtils - Test case: TC_loginFailWithInvalidEmail is starting...
[INFO ] 2024-11-29 16:49:25.050 [TestNG-test-Login Test HRM-1] LogUtils - Set Excel File: src/test/resources/testdataCMS/Login.xlsx
[INFO ] 2024-11-29 16:49:36.251 [TestNG-test-Login Test HRM-1] LogUtils - Sheet Name: Login
[INFO ] 2024-11-29 16:49:36.252 [TestNG-test-Login Test HRM-5] LogUtils - Set Excel File: src/test/resources/testdataCMS/Login.xlsx
[INFO ] 2024-11-29 16:49:36.253 [TestNG-test-Login Test HRM-2] LogUtils - Set Excel File: src/test/resources/testdataCMS/Login.xlsx
[INFO ] 2024-11-29 16:49:36.258 [TestNG-test-Login Test HRM-1] LogUtils - File Excel path not found.
[INFO ] 2024-11-29 16:49:36.259 [TestNG-test-Login Test HRM-5] LogUtils - Sheet Name: Login
[INFO ] 2024-11-29 16:49:36.260 [TestNG-test-Login Test HRM-4] LogUtils - Set Excel File: src/test/resources/testdataCMS/Login.xlsx
[INFO ] 2024-11-29 16:49:36.259 [TestNG-test-Login Test HRM-2] LogUtils - Sheet Name: Login
[INFO ] 2024-11-29 16:49:36.260 [TestNG-test-Login Test HRM-5] LogUtils - File Excel path not found.
[INFO ] 2024-11-29 16:49:36.260 [TestNG-test-Login Test HRM-4] LogUtils - Sheet Name: Login
[INFO ] 2024-11-29 16:49:36.260 [TestNG-test-Login Test HRM-3] LogUtils - Set Excel File: src/test/resources/testdataCMS/Login.xlsx
[INFO ] 2024-11-29 16:49:36.261 [TestNG-test-Login Test HRM-2] LogUtils - File Excel path not found.
[INFO ] 2024-11-29 16:49:36.261 [TestNG-test-Login Test HRM-4] LogUtils - File Excel path not found.
[INFO ] 2024-11-29 16:49:36.261 [TestNG-test-Login Test HRM-3] LogUtils - Sheet Name: Login
[ERROR] 2024-11-29 16:49:36.262 [TestNG-test-Login Test HRM-1] LogUtils - src\test\resources\testdataCMS\Login.xlsx (The system cannot find the path specified)
[INFO ] 2024-11-29 16:49:36.262 [TestNG-test-Login Test HRM-3] LogUtils - File Excel path not found.
[ERROR] 2024-11-29 16:49:36.266 [TestNG-test-Login Test HRM-5] LogUtils - src\test\resources\testdataCMS\Login.xlsx (The system cannot find the path specified)
[ERROR] 2024-11-29 16:49:36.267 [TestNG-test-Login Test HRM-2] LogUtils - src\test\resources\testdataCMS\Login.xlsx (The system cannot find the path specified)
[ERROR] 2024-11-29 16:49:36.268 [TestNG-test-Login Test HRM-4] LogUtils - src\test\resources\testdataCMS\Login.xlsx (The system cannot find the path specified)
[ERROR] 2024-11-29 16:49:36.276 [TestNG-test-Login Test HRM-3] LogUtils - src\test\resources\testdataCMS\Login.xlsx (The system cannot find the path specified)
[WARN ] 2024-11-29 16:50:10.209 [TestNG-test-Login Test HRM-2] LogUtils - WARNING!! Test case: TC_loginFailWithInvalidEmai is skipped.
[WARN ] 2024-11-29 16:50:10.209 [TestNG-test-Login Test HRM-1] LogUtils - WARNING!! Test case: TC_loginFailWithEmailNull is skipped.
[WARN ] 2024-11-29 16:50:10.209 [TestNG-test-Login Test HRM-4] LogUtils - WARNING!! Test case: TC_loginSuccess is skipped.
[WARN ] 2024-11-29 16:50:10.209 [TestNG-test-Login Test HRM-5] LogUtils - WARNING!! Test case: TC_loginFailWithInvalidPassword is skipped.
[WARN ] 2024-11-29 16:50:10.209 [TestNG-test-Login Test HRM-3] LogUtils - WARNING!! Test case: TC_loginFailWithInvalidEmail is skipped.
[INFO ] 2024-11-29 16:50:12.734 [TestNG-test-Login Test HRM-2] LogUtils - Test case: TC_loginFailWithInvalidEmai is starting...
[INFO ] 2024-11-29 16:50:13.991 [TestNG-test-Login Test HRM-2] LogUtils - Set Excel File: src/test/resources/testdataCMS/Login.xlsx
[INFO ] 2024-11-29 16:50:13.991 [TestNG-test-Login Test HRM-2] LogUtils - Sheet Name: Login
[INFO ] 2024-11-29 16:50:13.992 [TestNG-test-Login Test HRM-2] LogUtils - File Excel path not found.
[ERROR] 2024-11-29 16:50:13.992 [TestNG-test-Login Test HRM-2] LogUtils - src\test\resources\testdataCMS\Login.xlsx (The system cannot find the path specified)
[INFO ] 2024-11-29 16:50:13.993 [TestNG-test-Login Test HRM-4] LogUtils - Test case: TC_loginSuccess is starting...
[INFO ] 2024-11-29 16:50:13.993 [TestNG-test-Login Test HRM-3] LogUtils - Test case: TC_loginFailWithInvalidEmail is starting...
[INFO ] 2024-11-29 16:50:13.993 [TestNG-test-Login Test HRM-5] LogUtils - Test case: TC_loginFailWithInvalidPassword is starting...
[INFO ] 2024-11-29 16:50:13.993 [TestNG-test-Login Test HRM-1] LogUtils - Test case: TC_loginFailWithEmailNull is starting...
[ERROR] 2024-11-29 16:50:13.995 [TestNG-test-Login Test HRM-2] LogUtils - FAILED !! Test case TC_loginFailWithInvalidEmai is failed.
[INFO ] 2024-11-29 16:50:13.996 [TestNG-test-Login Test HRM-1] LogUtils - Set Excel File: src/test/resources/testdataCMS/Login.xlsx
[INFO ] 2024-11-29 16:50:17.049 [TestNG-test-Login Test HRM-1] LogUtils - Sheet Name: Login
[INFO ] 2024-11-29 16:50:17.050 [TestNG-test-Login Test HRM-1] LogUtils - File Excel path not found.
[ERROR] 2024-11-29 16:50:17.050 [TestNG-test-Login Test HRM-1] LogUtils - src\test\resources\testdataCMS\Login.xlsx (The system cannot find the path specified)
[INFO ] 2024-11-29 16:50:17.051 [TestNG-test-Login Test HRM-4] LogUtils - Set Excel File: src/test/resources/testdataCMS/Login.xlsx
[INFO ] 2024-11-29 16:50:17.052 [TestNG-test-Login Test HRM-4] LogUtils - Sheet Name: Login
[INFO ] 2024-11-29 16:50:17.052 [TestNG-test-Login Test HRM-4] LogUtils - File Excel path not found.
[ERROR] 2024-11-29 16:50:18.516 [TestNG-test-Login Test HRM-4] LogUtils - src\test\resources\testdataCMS\Login.xlsx (The system cannot find the path specified)
[ERROR] 2024-11-29 16:50:18.517 [TestNG-test-Login Test HRM-2] LogUtils - java.lang.NullPointerException: Cannot invoke "java.lang.Integer.intValue()" because the return value of "java.util.Map.get(Object)" is null
[ERROR] 2024-11-29 16:50:19.864 [TestNG-test-Login Test HRM-4] LogUtils - FAILED !! Test case TC_loginSuccess is failed.
[ERROR] 2024-11-29 16:50:19.864 [TestNG-test-Login Test HRM-4] LogUtils - java.lang.NullPointerException: Cannot invoke "java.lang.Integer.intValue()" because the return value of "java.util.Map.get(Object)" is null
[INFO ] 2024-11-29 16:50:19.865 [TestNG-test-Login Test HRM-4] LogUtils - Driver for Screenshot: ChromeDriver: chrome on windows (c7e6e47e4191f9f84f812a4c922d71ba)
[INFO ] 2024-11-29 16:50:19.865 [TestNG-test-Login Test HRM-5] LogUtils - Set Excel File: src/test/resources/testdataCMS/Login.xlsx
[INFO ] 2024-11-29 16:50:19.865 [TestNG-test-Login Test HRM-3] LogUtils - Set Excel File: src/test/resources/testdataCMS/Login.xlsx
[INFO ] 2024-11-29 16:50:19.865 [TestNG-test-Login Test HRM-5] LogUtils - Sheet Name: Login
[INFO ] 2024-11-29 16:50:19.866 [TestNG-test-Login Test HRM-2] LogUtils - Driver for Screenshot: ChromeDriver: chrome on windows (0b99370b886ad4e4b7fb27f5744b000a)
[ERROR] 2024-11-29 16:50:19.865 [TestNG-test-Login Test HRM-1] LogUtils - FAILED !! Test case TC_loginFailWithEmailNull is failed.
[INFO ] 2024-11-29 16:50:19.866 [TestNG-test-Login Test HRM-3] LogUtils - Sheet Name: Login
[INFO ] 2024-11-29 16:50:19.866 [TestNG-test-Login Test HRM-5] LogUtils - File Excel path not found.
[ERROR] 2024-11-29 16:50:19.866 [TestNG-test-Login Test HRM-1] LogUtils - java.lang.NullPointerException: Cannot invoke "java.lang.Integer.intValue()" because the return value of "java.util.Map.get(Object)" is null
[INFO ] 2024-11-29 16:50:19.866 [TestNG-test-Login Test HRM-3] LogUtils - File Excel path not found.
[INFO ] 2024-11-29 16:50:19.866 [TestNG-test-Login Test HRM-1] LogUtils - Driver for Screenshot: ChromeDriver: chrome on windows (5cb68f0d1d0e15b45abf4f49caa2cb92)
[ERROR] 2024-11-29 16:50:19.866 [TestNG-test-Login Test HRM-5] LogUtils - src\test\resources\testdataCMS\Login.xlsx (The system cannot find the path specified)
[ERROR] 2024-11-29 16:50:19.867 [TestNG-test-Login Test HRM-3] LogUtils - src\test\resources\testdataCMS\Login.xlsx (The system cannot find the path specified)
[ERROR] 2024-11-29 16:50:19.868 [TestNG-test-Login Test HRM-5] LogUtils - FAILED !! Test case TC_loginFailWithInvalidPassword is failed.
[ERROR] 2024-11-29 16:50:19.868 [TestNG-test-Login Test HRM-5] LogUtils - java.lang.NullPointerException: Cannot invoke "java.lang.Integer.intValue()" because the return value of "java.util.Map.get(Object)" is null
[INFO ] 2024-11-29 16:50:19.869 [TestNG-test-Login Test HRM-5] LogUtils - Driver for Screenshot: ChromeDriver: chrome on windows (78338d645e6a6f4bf8ebbd2ccde7e425)
[ERROR] 2024-11-29 16:50:19.869 [TestNG-test-Login Test HRM-3] LogUtils - FAILED !! Test case TC_loginFailWithInvalidEmail is failed.
[ERROR] 2024-11-29 16:50:19.869 [TestNG-test-Login Test HRM-3] LogUtils - java.lang.NullPointerException: Cannot invoke "java.lang.Integer.intValue()" because the return value of "java.util.Map.get(Object)" is null
[INFO ] 2024-11-29 16:50:19.869 [TestNG-test-Login Test HRM-3] LogUtils - Driver for Screenshot: ChromeDriver: chrome on windows (322808893439261f0af1e82391ed9fa8)
[INFO ] 2024-11-29 16:50:20.332 [TestNG-test-Login Test HRM-5] LogUtils - Screenshot taken: TC_loginFailWithInvalidPassword
[INFO ] 2024-11-29 16:50:20.332 [TestNG-test-Login Test HRM-2] LogUtils - Screenshot taken: TC_loginFailWithInvalidEmai
[INFO ] 2024-11-29 16:50:20.342 [TestNG-test-Login Test HRM-2] LogUtils - Screenshot taken current URL: data:,
[INFO ] 2024-11-29 16:50:20.342 [TestNG-test-Login Test HRM-5] LogUtils - Screenshot taken current URL: data:,
[INFO ] 2024-11-29 16:50:20.363 [TestNG-test-Login Test HRM-1] LogUtils - Screenshot taken: TC_loginFailWithEmailNull
[INFO ] 2024-11-29 16:50:20.377 [TestNG-test-Login Test HRM-1] LogUtils - Screenshot taken current URL: data:,
[INFO ] 2024-11-29 16:50:20.481 [TestNG-test-Login Test HRM-4] LogUtils - Screenshot taken: TC_loginSuccess
[INFO ] 2024-11-29 16:50:20.481 [TestNG-test-Login Test HRM-3] LogUtils - Screenshot taken: TC_loginFailWithInvalidEmail
[INFO ] 2024-11-29 16:50:20.491 [TestNG-test-Login Test HRM-3] LogUtils - Screenshot taken current URL: data:,
[INFO ] 2024-11-29 16:50:20.491 [TestNG-test-Login Test HRM-4] LogUtils - Screenshot taken current URL: data:,
[INFO ] 2024-11-29 16:50:21.329 [main] LogUtils - ********** RUN FINISHED **********
[INFO ] 2024-11-29 16:50:21.329 [main] LogUtils - =====> End Suite: Regression Tests CMS
[INFO ] 2024-11-29 16:52:28.172 [main] LogUtils - Loaded all properties files.
[INFO ] 2024-11-29 16:52:28.211 [main] LogUtils - ********** RUN STARTED **********
[INFO ] 2024-11-29 16:52:28.211 [main] LogUtils - ========= INSTALLING CONFIGURATION DATA =========
[INFO ] 2024-11-29 16:52:28.212 [main] LogUtils - Loaded all properties files.
[INFO ] 2024-11-29 16:52:28.372 [main] LogUtils - OVERRIDE EXTENT REPORTS = yes
[INFO ] 2024-11-29 16:52:28.372 [main] LogUtils - Link Extent Report: H:\github\Selenium-Java\reports/ExtentReports\ExtentReports.html
[INFO ] 2024-11-29 16:52:28.508 [main] LogUtils - Extent Reports is installed.
[INFO ] 2024-11-29 16:52:28.508 [main] LogUtils - ========= INSTALLED CONFIGURATION DATA =========
[INFO ] 2024-11-29 16:52:28.509 [main] LogUtils - =====> Starting Suite: Regression Tests CMS
[INFO ] 2024-11-29 16:52:30.381 [TestNG-test-Login Test HRM-1] LogUtils - Test case: TC_loginFailWithEmailNull is starting...
[INFO ] 2024-11-29 16:53:11.161 [TestNG-test-Login Test HRM-1] LogUtils - Set Excel File: src/test/resources/testdataCMS/Login.xlsx
[INFO ] 2024-11-29 16:53:11.162 [TestNG-test-Login Test HRM-1] LogUtils - Sheet Name: Login
[INFO ] 2024-11-29 16:53:11.162 [TestNG-test-Login Test HRM-1] LogUtils - File Excel path not found.
[ERROR] 2024-11-29 16:53:11.164 [TestNG-test-Login Test HRM-1] LogUtils - src\test\resources\testdataCMS\Login.xlsx (The system cannot find the path specified)
[WARN ] 2024-11-29 16:53:11.178 [TestNG-test-Login Test HRM-1] LogUtils - WARNING!! Test case: TC_loginFailWithEmailNull is skipped.
[INFO ] 2024-11-29 16:54:22.516 [main] LogUtils - Loaded all properties files.
[INFO ] 2024-11-29 16:54:22.563 [main] LogUtils - ********** RUN STARTED **********
[INFO ] 2024-11-29 16:54:22.564 [main] LogUtils - ========= INSTALLING CONFIGURATION DATA =========
[INFO ] 2024-11-29 16:54:22.564 [main] LogUtils - Loaded all properties files.
[INFO ] 2024-11-29 16:54:22.714 [main] LogUtils - OVERRIDE EXTENT REPORTS = yes
[INFO ] 2024-11-29 16:54:22.714 [main] LogUtils - Link Extent Report: H:\github\Selenium-Java\reports/ExtentReports\ExtentReports.html
[INFO ] 2024-11-29 16:54:22.855 [main] LogUtils - Extent Reports is installed.
[INFO ] 2024-11-29 16:54:22.855 [main] LogUtils - ========= INSTALLED CONFIGURATION DATA =========
[INFO ] 2024-11-29 16:54:22.855 [main] LogUtils - =====> Starting Suite: Regression Tests CMS
[INFO ] 2024-11-29 16:54:24.813 [TestNG-test-Login Test HRM-1] LogUtils - Test case: TC_loginFailWithEmailNull is starting...
[INFO ] 2024-11-29 16:54:36.128 [TestNG-test-Login Test HRM-1] LogUtils - Set Excel File: src/test/resources/testdata/Login.xlsx
[INFO ] 2024-11-29 16:54:37.214 [TestNG-test-Login Test HRM-1] LogUtils - Sheet Name: Login
[INFO ] 2024-11-29 17:13:35.506 [main] LogUtils - Loaded all properties files.
[INFO ] 2024-11-29 17:13:35.545 [main] LogUtils - ********** RUN STARTED **********
[INFO ] 2024-11-29 17:13:35.546 [main] LogUtils - ========= INSTALLING CONFIGURATION DATA =========
[INFO ] 2024-11-29 17:13:35.547 [main] LogUtils - Loaded all properties files.
[INFO ] 2024-11-29 17:13:35.734 [main] LogUtils - OVERRIDE EXTENT REPORTS = yes
[INFO ] 2024-11-29 17:13:35.735 [main] LogUtils - Link Extent Report: H:\github\Selenium-Java\reports/ExtentReports\ExtentReports.html
[INFO ] 2024-11-29 17:13:35.879 [main] LogUtils - Extent Reports is installed.
[INFO ] 2024-11-29 17:13:35.879 [main] LogUtils - ========= INSTALLED CONFIGURATION DATA =========
[INFO ] 2024-11-29 17:13:35.879 [main] LogUtils - =====> Starting Suite: Regression Tests CMS
[INFO ] 2024-11-29 17:13:38.044 [TestNG-test-Login Test HRM-1] LogUtils - Test case: TC_loginFailWithEmailNull is starting...
[INFO ] 2024-11-29 17:13:40.715 [TestNG-test-Login Test HRM-1] LogUtils - Set Excel File: src/test/resources/testdata/Login.xlsx
[INFO ] 2024-11-29 17:13:41.633 [TestNG-test-Login Test HRM-1] LogUtils - Sheet Name: Login
[INFO ] 2024-11-29 17:16:56.089 [main] LogUtils - Loaded all properties files.
[INFO ] 2024-11-29 17:16:56.124 [main] LogUtils - ********** RUN STARTED **********
[INFO ] 2024-11-29 17:16:56.124 [main] LogUtils - ========= INSTALLING CONFIGURATION DATA =========
[INFO ] 2024-11-29 17:16:56.125 [main] LogUtils - Loaded all properties files.
[INFO ] 2024-11-29 17:16:56.255 [main] LogUtils - OVERRIDE EXTENT REPORTS = yes
[INFO ] 2024-11-29 17:16:56.256 [main] LogUtils - Link Extent Report: H:\github\Selenium-Java\reports/ExtentReports\ExtentReports.html
[INFO ] 2024-11-29 17:16:56.396 [main] LogUtils - Extent Reports is installed.
[INFO ] 2024-11-29 17:16:56.397 [main] LogUtils - ========= INSTALLED CONFIGURATION DATA =========
[INFO ] 2024-11-29 17:16:56.397 [main] LogUtils - =====> Starting Suite: Regression Tests CMS
[INFO ] 2024-11-29 17:16:58.436 [TestNG-test-Login Test HRM-1] LogUtils - Test case: TC_loginFailWithEmailNull is starting...
[INFO ] 2024-11-29 17:17:38.254 [TestNG-test-Login Test HRM-1] LogUtils - Set Excel File: src/test/resources/testdata/Login.xlsx
[INFO ] 2024-11-29 17:17:39.147 [TestNG-test-Login Test HRM-1] LogUtils - Sheet Name: Login
[WARN ] 2024-11-29 17:19:49.337 [TestNG-test-Login Test HRM-1] LogUtils - WARNING!! Test case: TC_loginFailWithEmailNull is skipped.
[INFO ] 2024-11-29 17:19:50.586 [TestNG-test-Login Test HRM-1] LogUtils - Test case: TC_loginFailWithEmailNull is starting...
[INFO ] 2024-11-29 17:19:54.894 [TestNG-test-Login Test HRM-1] LogUtils - Set Excel File: src/test/resources/testdata/Login.xlsx
[INFO ] 2024-11-29 17:20:40.737 [TestNG-test-Login Test HRM-1] LogUtils - Sheet Name: Login
[ERROR] 2024-11-29 17:20:40.743 [TestNG-test-Login Test HRM-1] LogUtils - FAILED !! Test case TC_loginFailWithEmailNull is failed.
[ERROR] 2024-11-29 17:20:40.744 [TestNG-test-Login Test HRM-1] LogUtils - java.lang.NoClassDefFoundError: org/apache/commons/io/output/UnsynchronizedByteArrayOutputStream
[INFO ] 2024-11-29 17:20:40.746 [TestNG-test-Login Test HRM-1] LogUtils - Driver for Screenshot: ChromeDriver: chrome on windows (05f79737862f3c5b97c12a3aa5c7a9f9)
[INFO ] 2024-11-29 17:21:59.055 [main] LogUtils - Loaded all properties files.
[INFO ] 2024-11-29 17:21:59.094 [main] LogUtils - ********** RUN STARTED **********
[INFO ] 2024-11-29 17:21:59.095 [main] LogUtils - ========= INSTALLING CONFIGURATION DATA =========
[INFO ] 2024-11-29 17:21:59.095 [main] LogUtils - Loaded all properties files.
[INFO ] 2024-11-29 17:21:59.242 [main] LogUtils - OVERRIDE EXTENT REPORTS = yes
[INFO ] 2024-11-29 17:21:59.243 [main] LogUtils - Link Extent Report: H:\github\Selenium-Java\reports/ExtentReports\ExtentReports.html
[INFO ] 2024-11-29 17:21:59.395 [main] LogUtils - Extent Reports is installed.
[INFO ] 2024-11-29 17:21:59.396 [main] LogUtils - ========= INSTALLED CONFIGURATION DATA =========
[INFO ] 2024-11-29 17:21:59.396 [main] LogUtils - =====> Starting Suite: Regression Tests CMS
[INFO ] 2024-11-29 17:22:01.362 [TestNG-test-Login Test HRM-1] LogUtils - Test case: TC_loginFailWithEmailNull is starting...
[INFO ] 2024-11-29 17:22:09.214 [TestNG-test-Login Test HRM-1] LogUtils - Set Excel File: H:/github/Selenium-Java/src/test/resources/testdata/Login.xlsx
[INFO ] 2024-11-29 17:22:10.138 [TestNG-test-Login Test HRM-1] LogUtils - Sheet Name: Login
[WARN ] 2024-11-29 17:22:55.415 [TestNG-test-Login Test HRM-1] LogUtils - WARNING!! Test case: TC_loginFailWithEmailNull is skipped.
[INFO ] 2024-11-29 17:22:57.047 [TestNG-test-Login Test HRM-1] LogUtils - Test case: TC_loginFailWithEmailNull is starting...
[INFO ] 2024-11-29 17:32:32.302 [TestNG-test-Login Test HRM-1] LogUtils - Set Excel File: H:/github/Selenium-Java/src/test/resources/testdata/Login.xlsx
[INFO ] 2024-11-29 17:32:32.302 [TestNG-test-Login Test HRM-1] LogUtils - Sheet Name: Login
[ERROR] 2024-11-29 17:32:32.307 [TestNG-test-Login Test HRM-1] LogUtils - FAILED !! Test case TC_loginFailWithEmailNull is failed.
[ERROR] 2024-11-29 17:32:32.309 [TestNG-test-Login Test HRM-1] LogUtils - java.lang.NoClassDefFoundError: org/apache/commons/io/output/UnsynchronizedByteArrayOutputStream
[INFO ] 2024-11-29 17:32:32.311 [TestNG-test-Login Test HRM-1] LogUtils - Driver for Screenshot: ChromeDriver: chrome on windows (026ab14aeb034e3358e1e8fddd15c38c)
[INFO ] 2024-11-29 17:32:39.551 [main] LogUtils - Loaded all properties files.
[INFO ] 2024-11-29 17:32:39.592 [main] LogUtils - ********** RUN STARTED **********
[INFO ] 2024-11-29 17:32:39.593 [main] LogUtils - ========= INSTALLING CONFIGURATION DATA =========
[INFO ] 2024-11-29 17:32:39.593 [main] LogUtils - Loaded all properties files.
[INFO ] 2024-11-29 17:32:39.758 [main] LogUtils - OVERRIDE EXTENT REPORTS = yes
[INFO ] 2024-11-29 17:32:39.758 [main] LogUtils - Link Extent Report: H:\github\Selenium-Java\reports/ExtentReports\ExtentReports.html
[INFO ] 2024-11-29 17:32:39.898 [main] LogUtils - Extent Reports is installed.
[INFO ] 2024-11-29 17:32:39.899 [main] LogUtils - ========= INSTALLED CONFIGURATION DATA =========
[INFO ] 2024-11-29 17:32:39.899 [main] LogUtils - =====> Starting Suite: Regression Tests CMS
[INFO ] 2024-11-29 17:32:41.833 [TestNG-test-Login Test HRM-1] LogUtils - Test case: TC_loginFailWithEmailNull is starting...
[INFO ] 2024-11-29 17:32:45.270 [TestNG-test-Login Test HRM-1] LogUtils - Set Excel File: H:/github/Selenium-Java/src/test/resources/testdata/Login.xlsx
[INFO ] 2024-11-29 17:32:45.888 [TestNG-test-Login Test HRM-1] LogUtils - Sheet Name: Login
[INFO ] 2024-11-29 17:34:33.327 [main] LogUtils - Loaded all properties files.
[INFO ] 2024-11-29 17:34:33.365 [main] LogUtils - ********** RUN STARTED **********
[INFO ] 2024-11-29 17:34:33.365 [main] LogUtils - ========= INSTALLING CONFIGURATION DATA =========
[INFO ] 2024-11-29 17:34:33.366 [main] LogUtils - Loaded all properties files.
[INFO ] 2024-11-29 17:34:33.521 [main] LogUtils - OVERRIDE EXTENT REPORTS = yes
[INFO ] 2024-11-29 17:34:33.521 [main] LogUtils - Link Extent Report: H:\github\Selenium-Java\reports/ExtentReports\ExtentReports.html
[INFO ] 2024-11-29 17:34:33.668 [main] LogUtils - Extent Reports is installed.
[INFO ] 2024-11-29 17:34:33.668 [main] LogUtils - ========= INSTALLED CONFIGURATION DATA =========
[INFO ] 2024-11-29 17:34:33.668 [main] LogUtils - =====> Starting Suite: Regression Tests CMS
[INFO ] 2024-11-29 17:34:35.545 [TestNG-test-Login Test HRM-1] LogUtils - Test case: TC_loginFailWithEmailNull is starting...
[INFO ] 2024-11-29 17:34:38.756 [TestNG-test-Login Test HRM-1] LogUtils - Set Excel File: H:\github\Selenium-Java\src\test\resources\testdata\Login.xlsx
[INFO ] 2024-11-29 17:34:39.874 [TestNG-test-Login Test HRM-1] LogUtils - Sheet Name: Login
